[19:36:26 30/06/2025] [DEBUG] Request authentication | Meta: {"url":"/","method":"GET","isAuthenticated":false,"userId":null}
[19:36:36 30/06/2025] [DEBUG] Request authentication | Meta: {"url":"/","method":"GET","isAuthenticated":false,"userId":null}
[19:36:36 30/06/2025] [DEBUG] Request authentication | Meta: {"url":"/shop","method":"GET","isAuthenticated":false,"userId":null}
[19:36:38 30/06/2025] [DEBUG] Request authentication | Meta: {"url":"/","method":"GET","isAuthenticated":false,"userId":null}
[19:36:39 30/06/2025] [DEBUG] Request authentication | Meta: {"url":"/login","method":"GET","isAuthenticated":false,"userId":null}
[19:36:47 30/06/2025] [DEBUG] Request authentication | Meta: {"url":"/login","method":"POST","isAuthenticated":false,"userId":null}
[19:36:47 30/06/2025] [DEBUG] Request authentication | Meta: {"url":"/","method":"GET","isAuthenticated":true,"isAdmin":true,"userId":"67f74738ba8288c3757139c6"}
[19:36:52 30/06/2025] [DEBUG] Request authentication | Meta: {"url":"/","method":"GET","isAuthenticated":true,"isAdmin":true,"userId":"67f74738ba8288c3757139c6"}
[19:36:53 30/06/2025] [DEBUG] Request authentication | Meta: {"url":"/shop","method":"GET","isAuthenticated":true,"isAdmin":true,"userId":"67f74738ba8288c3757139c6"}
[19:36:55 30/06/2025] [DEBUG] Request authentication | Meta: {"url":"/","method":"GET","isAuthenticated":true,"isAdmin":true,"userId":"67f74738ba8288c3757139c6"}
[19:36:56 30/06/2025] [DEBUG] Request authentication | Meta: {"url":"/shop","method":"GET","isAuthenticated":true,"isAdmin":true,"userId":"67f74738ba8288c3757139c6"}
[19:58:53 30/06/2025] [DEBUG] Request authentication | Meta: {"url":"/","method":"GET","isAuthenticated":true,"isAdmin":true,"userId":"67f74738ba8288c3757139c6"}
[19:58:54 30/06/2025] [DEBUG] Request authentication | Meta: {"url":"/favicon.ico","method":"GET","isAuthenticated":true,"isAdmin":true,"userId":"67f74738ba8288c3757139c6"}
[19:58:59 30/06/2025] [DEBUG] Request authentication | Meta: {"url":"/shop","method":"GET","isAuthenticated":true,"isAdmin":true,"userId":"67f74738ba8288c3757139c6"}
[19:59:02 30/06/2025] [DEBUG] Request authentication | Meta: {"url":"/categories","method":"GET","isAuthenticated":true,"isAdmin":true,"userId":"67f74738ba8288c3757139c6"}
[19:59:05 30/06/2025] [DEBUG] Request authentication | Meta: {"url":"/about","method":"GET","isAuthenticated":true,"isAdmin":true,"userId":"67f74738ba8288c3757139c6"}
[19:59:07 30/06/2025] [DEBUG] Request authentication | Meta: {"url":"/contact","method":"GET","isAuthenticated":true,"isAdmin":true,"userId":"67f74738ba8288c3757139c6"}
[19:59:12 30/06/2025] [DEBUG] Request authentication | Meta: {"url":"/profile","method":"GET","isAuthenticated":true,"isAdmin":true,"userId":"67f74738ba8288c3757139c6"}
[19:59:15 30/06/2025] [DEBUG] Request authentication | Meta: {"url":"/admin/products","method":"GET","isAuthenticated":true,"isAdmin":true,"userId":"67f74738ba8288c3757139c6"}
[19:59:23 30/06/2025] [DEBUG] Request authentication | Meta: {"url":"/admin/orders","method":"GET","isAuthenticated":true,"isAdmin":true,"userId":"67f74738ba8288c3757139c6"}
[19:59:27 30/06/2025] [DEBUG] Request authentication | Meta: {"url":"/admin/orders","method":"GET","isAuthenticated":true,"isAdmin":true,"userId":"67f74738ba8288c3757139c6"}
[19:59:32 30/06/2025] [DEBUG] Request authentication | Meta: {"url":"/","method":"GET","isAuthenticated":true,"isAdmin":true,"userId":"67f74738ba8288c3757139c6"}
[19:59:35 30/06/2025] [DEBUG] Request authentication | Meta: {"url":"/shop","method":"GET","isAuthenticated":true,"isAdmin":true,"userId":"67f74738ba8288c3757139c6"}
[19:59:37 30/06/2025] [DEBUG] Request authentication | Meta: {"url":"/products","method":"GET","isAuthenticated":true,"isAdmin":true,"userId":"67f74738ba8288c3757139c6"}
[19:59:38 30/06/2025] [DEBUG] Request authentication | Meta: {"url":"/","method":"GET","isAuthenticated":true,"isAdmin":true,"userId":"67f74738ba8288c3757139c6"}
[20:00:05 30/06/2025] [DEBUG] Request authentication | Meta: {"url":"/","method":"GET","isAuthenticated":true,"isAdmin":true,"userId":"67f74738ba8288c3757139c6"}
[20:00:07 30/06/2025] [DEBUG] Request authentication | Meta: {"url":"/shop","method":"GET","isAuthenticated":true,"isAdmin":true,"userId":"67f74738ba8288c3757139c6"}
[20:00:08 30/06/2025] [DEBUG] Request authentication | Meta: {"url":"/","method":"GET","isAuthenticated":true,"isAdmin":true,"userId":"67f74738ba8288c3757139c6"}
[20:00:09 30/06/2025] [DEBUG] Request authentication | Meta: {"url":"/about","method":"GET","isAuthenticated":true,"isAdmin":true,"userId":"67f74738ba8288c3757139c6"}
[20:00:10 30/06/2025] [DEBUG] Request authentication | Meta: {"url":"/products","method":"GET","isAuthenticated":true,"isAdmin":true,"userId":"67f74738ba8288c3757139c6"}
[20:00:11 30/06/2025] [DEBUG] Request authentication | Meta: {"url":"/","method":"GET","isAuthenticated":true,"isAdmin":true,"userId":"67f74738ba8288c3757139c6"}
[20:00:14 30/06/2025] [DEBUG] Request authentication | Meta: {"url":"/admin","method":"GET","isAuthenticated":true,"isAdmin":true,"userId":"67f74738ba8288c3757139c6"}
[20:00:16 30/06/2025] [DEBUG] Request authentication | Meta: {"url":"/admin/products","method":"GET","isAuthenticated":true,"isAdmin":true,"userId":"67f74738ba8288c3757139c6"}
[20:00:19 30/06/2025] [DEBUG] Request authentication | Meta: {"url":"/admin/add-product","method":"GET","isAuthenticated":true,"isAdmin":true,"userId":"67f74738ba8288c3757139c6"}
[20:04:55 30/06/2025] [DEBUG] Request authentication | Meta: {"url":"/","method":"GET","isAuthenticated":true,"isAdmin":true,"userId":"67f74738ba8288c3757139c6"}
[20:04:56 30/06/2025] [DEBUG] Request authentication | Meta: {"url":"/favicon.ico","method":"GET","isAuthenticated":true,"isAdmin":true,"userId":"67f74738ba8288c3757139c6"}
[20:05:01 30/06/2025] [DEBUG] Request authentication | Meta: {"url":"/shop","method":"GET","isAuthenticated":true,"isAdmin":true,"userId":"67f74738ba8288c3757139c6"}
[20:05:03 30/06/2025] [DEBUG] Request authentication | Meta: {"url":"/","method":"GET","isAuthenticated":true,"isAdmin":true,"userId":"67f74738ba8288c3757139c6"}
[20:05:13 30/06/2025] [DEBUG] Request authentication | Meta: {"url":"/cart","method":"GET","isAuthenticated":true,"isAdmin":true,"userId":"67f74738ba8288c3757139c6"}
[20:05:22 30/06/2025] [DEBUG] Request authentication | Meta: {"url":"/cart","method":"GET","isAuthenticated":true,"isAdmin":true,"userId":"67f74738ba8288c3757139c6"}
[20:05:24 30/06/2025] [DEBUG] Request authentication | Meta: {"url":"/","method":"GET","isAuthenticated":true,"isAdmin":true,"userId":"67f74738ba8288c3757139c6"}
[20:09:29 30/06/2025] [DEBUG] Request authentication | Meta: {"url":"/","method":"GET","isAuthenticated":true,"isAdmin":true,"userId":"67f74738ba8288c3757139c6"}
[20:09:32 30/06/2025] [DEBUG] Request authentication | Meta: {"url":"/","method":"GET","isAuthenticated":true,"isAdmin":true,"userId":"67f74738ba8288c3757139c6"}
[20:09:33 30/06/2025] [DEBUG] Request authentication | Meta: {"url":"/shop","method":"GET","isAuthenticated":true,"isAdmin":true,"userId":"67f74738ba8288c3757139c6"}
[20:09:34 30/06/2025] [DEBUG] Request authentication | Meta: {"url":"/","method":"GET","isAuthenticated":true,"isAdmin":true,"userId":"67f74738ba8288c3757139c6"}
[20:09:35 30/06/2025] [DEBUG] Request authentication | Meta: {"url":"/about","method":"GET","isAuthenticated":true,"isAdmin":true,"userId":"67f74738ba8288c3757139c6"}
[20:09:37 30/06/2025] [DEBUG] Request authentication | Meta: {"url":"/","method":"GET","isAuthenticated":true,"isAdmin":true,"userId":"67f74738ba8288c3757139c6"}
[20:09:39 30/06/2025] [DEBUG] Request authentication | Meta: {"url":"/profile","method":"GET","isAuthenticated":true,"isAdmin":true,"userId":"67f74738ba8288c3757139c6"}
[20:09:43 30/06/2025] [DEBUG] Request authentication | Meta: {"url":"/admin/products","method":"GET","isAuthenticated":true,"isAdmin":true,"userId":"67f74738ba8288c3757139c6"}
[20:10:03 30/06/2025] [DEBUG] Request authentication | Meta: {"url":"/admin/products","method":"GET","isAuthenticated":true,"isAdmin":true,"userId":"67f74738ba8288c3757139c6"}
[20:10:05 30/06/2025] [DEBUG] Request authentication | Meta: {"url":"/admin/products","method":"GET","isAuthenticated":true,"isAdmin":true,"userId":"67f74738ba8288c3757139c6"}
[20:10:07 30/06/2025] [DEBUG] Request authentication | Meta: {"url":"/admin/add-product","method":"GET","isAuthenticated":true,"isAdmin":true,"userId":"67f74738ba8288c3757139c6"}
[20:10:11 30/06/2025] [DEBUG] Request authentication | Meta: {"url":"/admin/orders","method":"GET","isAuthenticated":true,"isAdmin":true,"userId":"67f74738ba8288c3757139c6"}
[20:10:16 30/06/2025] [DEBUG] Request authentication | Meta: {"url":"/products","method":"GET","isAuthenticated":true,"isAdmin":true,"userId":"67f74738ba8288c3757139c6"}
[20:10:17 30/06/2025] [DEBUG] Request authentication | Meta: {"url":"/","method":"GET","isAuthenticated":true,"isAdmin":true,"userId":"67f74738ba8288c3757139c6"}
[20:12:35 30/06/2025] [DEBUG] Request authentication | Meta: {"url":"/","method":"GET","isAuthenticated":true,"isAdmin":true,"userId":"67f74738ba8288c3757139c6"}
[20:12:42 30/06/2025] [DEBUG] Request authentication | Meta: {"url":"/","method":"GET","isAuthenticated":true,"isAdmin":true,"userId":"67f74738ba8288c3757139c6"}
[20:12:50 30/06/2025] [DEBUG] Request authentication | Meta: {"url":"/orders","method":"GET","isAuthenticated":true,"isAdmin":true,"userId":"67f74738ba8288c3757139c6"}
[20:12:53 30/06/2025] [DEBUG] Request authentication | Meta: {"url":"/","method":"GET","isAuthenticated":true,"isAdmin":true,"userId":"67f74738ba8288c3757139c6"}
[20:12:54 30/06/2025] [DEBUG] Request authentication | Meta: {"url":"/","method":"GET","isAuthenticated":true,"isAdmin":true,"userId":"67f74738ba8288c3757139c6"}
[20:12:56 30/06/2025] [DEBUG] Request authentication | Meta: {"url":"/admin","method":"GET","isAuthenticated":true,"isAdmin":true,"userId":"67f74738ba8288c3757139c6"}
[20:12:58 30/06/2025] [DEBUG] Request authentication | Meta: {"url":"/admin/products","method":"GET","isAuthenticated":true,"isAdmin":true,"userId":"67f74738ba8288c3757139c6"}
[20:13:05 30/06/2025] [DEBUG] Request authentication | Meta: {"url":"/admin/edit-product/685baf4c4f8523027dc70538?edit=true","method":"GET","isAuthenticated":true,"isAdmin":true,"userId":"67f74738ba8288c3757139c6"}
[20:14:53 30/06/2025] [DEBUG] Request authentication | Meta: {"url":"/admin/edit-product/685baf4c4f8523027dc70538?edit=true","method":"GET","isAuthenticated":true,"isAdmin":true,"userId":"67f74738ba8288c3757139c6"}
[20:14:59 30/06/2025] [DEBUG] Request authentication | Meta: {"url":"/admin/products","method":"GET","isAuthenticated":true,"isAdmin":true,"userId":"67f74738ba8288c3757139c6"}
[20:15:04 30/06/2025] [DEBUG] Request authentication | Meta: {"url":"/admin/delete-product","method":"POST","isAuthenticated":true,"isAdmin":true,"userId":"67f74738ba8288c3757139c6"}
[20:15:04 30/06/2025] [DEBUG] Request authentication | Meta: {"url":"/admin/products","method":"GET","isAuthenticated":true,"isAdmin":true,"userId":"67f74738ba8288c3757139c6"}
[20:15:07 30/06/2025] [DEBUG] Request authentication | Meta: {"url":"/admin/add-product","method":"GET","isAuthenticated":true,"isAdmin":true,"userId":"67f74738ba8288c3757139c6"}
[20:15:11 30/06/2025] [DEBUG] Request authentication | Meta: {"url":"/","method":"GET","isAuthenticated":true,"isAdmin":true,"userId":"67f74738ba8288c3757139c6"}
[20:15:15 30/06/2025] [DEBUG] Request authentication | Meta: {"url":"/admin","method":"GET","isAuthenticated":true,"isAdmin":true,"userId":"67f74738ba8288c3757139c6"}
[20:15:18 30/06/2025] [DEBUG] Request authentication | Meta: {"url":"/admin/orders","method":"GET","isAuthenticated":true,"isAdmin":true,"userId":"67f74738ba8288c3757139c6"}
[20:15:20 30/06/2025] [DEBUG] Request authentication | Meta: {"url":"/admin/products","method":"GET","isAuthenticated":true,"isAdmin":true,"userId":"67f74738ba8288c3757139c6"}
[20:16:57 30/06/2025] [DEBUG] Request authentication | Meta: {"url":"/admin/products","method":"GET","isAuthenticated":true,"isAdmin":true,"userId":"67f74738ba8288c3757139c6"}
[20:17:01 30/06/2025] [DEBUG] Request authentication | Meta: {"url":"/","method":"GET","isAuthenticated":true,"isAdmin":true,"userId":"67f74738ba8288c3757139c6"}
