[12:51:32 01/07/2025] [DEBUG] Request authentication | Meta: {"url":"/","method":"GET","isAuthenticated":true,"isAdmin":true,"userId":"67f74738ba8288c3757139c6"}
[12:51:38 01/07/2025] [DEBUG] Request authentication | Meta: {"url":"/shop","method":"GET","isAuthenticated":true,"isAdmin":true,"userId":"67f74738ba8288c3757139c6"}
[12:51:40 01/07/2025] [DEBUG] Request authentication | Meta: {"url":"/","method":"GET","isAuthenticated":true,"isAdmin":true,"userId":"67f74738ba8288c3757139c6"}
[12:51:41 01/07/2025] [DEBUG] Request authentication | Meta: {"url":"/about","method":"GET","isAuthenticated":true,"isAdmin":true,"userId":"67f74738ba8288c3757139c6"}
[12:51:43 01/07/2025] [DEBUG] Request authentication | Meta: {"url":"/","method":"GET","isAuthenticated":true,"isAdmin":true,"userId":"67f74738ba8288c3757139c6"}
[12:51:44 01/07/2025] [DEBUG] Request authentication | Meta: {"url":"/categories","method":"GET","isAuthenticated":true,"isAdmin":true,"userId":"67f74738ba8288c3757139c6"}
[12:51:46 01/07/2025] [DEBUG] Request authentication | Meta: {"url":"/","method":"GET","isAuthenticated":true,"isAdmin":true,"userId":"67f74738ba8288c3757139c6"}
[12:51:51 01/07/2025] [DEBUG] Request authentication | Meta: {"url":"/profile","method":"GET","isAuthenticated":true,"isAdmin":true,"userId":"67f74738ba8288c3757139c6"}
[12:54:37 01/07/2025] [DEBUG] Request authentication | Meta: {"url":"/","method":"GET","isAuthenticated":true,"isAdmin":true,"userId":"67f74738ba8288c3757139c6"}
[12:54:40 01/07/2025] [DEBUG] Request authentication | Meta: {"url":"/profile","method":"GET","isAuthenticated":true,"isAdmin":true,"userId":"67f74738ba8288c3757139c6"}
[12:58:06 01/07/2025] [DEBUG] Request authentication | Meta: {"url":"/","method":"GET","isAuthenticated":true,"isAdmin":true,"userId":"67f74738ba8288c3757139c6"}
[12:58:09 01/07/2025] [DEBUG] Request authentication | Meta: {"url":"/profile","method":"GET","isAuthenticated":true,"isAdmin":true,"userId":"67f74738ba8288c3757139c6"}
[12:58:09 01/07/2025] [DEBUG] Request authentication | Meta: {"url":"/images/default-profile.png","method":"GET","isAuthenticated":true,"isAdmin":true,"userId":"67f74738ba8288c3757139c6"}
[12:58:12 01/07/2025] [DEBUG] Request authentication | Meta: {"url":"/profile/change-password","method":"GET","isAuthenticated":true,"isAdmin":true,"userId":"67f74738ba8288c3757139c6"}
[12:58:17 01/07/2025] [DEBUG] Request authentication | Meta: {"url":"/profile/edit","method":"GET","isAuthenticated":true,"isAdmin":true,"userId":"67f74738ba8288c3757139c6"}
[13:01:10 01/07/2025] [DEBUG] Request authentication | Meta: {"url":"/","method":"GET","isAuthenticated":true,"isAdmin":true,"userId":"67f74738ba8288c3757139c6"}
[13:01:22 01/07/2025] [DEBUG] Request authentication | Meta: {"url":"/products?category=dog","method":"GET","isAuthenticated":true,"isAdmin":true,"userId":"67f74738ba8288c3757139c6"}
[13:01:28 01/07/2025] [DEBUG] Request authentication | Meta: {"url":"/cart","method":"GET","isAuthenticated":true,"isAdmin":true,"userId":"67f74738ba8288c3757139c6"}
[13:01:31 01/07/2025] [DEBUG] Request authentication | Meta: {"url":"/","method":"GET","isAuthenticated":true,"isAdmin":true,"userId":"67f74738ba8288c3757139c6"}
[13:02:43 01/07/2025] [DEBUG] Request authentication | Meta: {"url":"/","method":"GET","isAuthenticated":true,"isAdmin":true,"userId":"67f74738ba8288c3757139c6"}
[13:02:46 01/07/2025] [DEBUG] Request authentication | Meta: {"url":"/profile","method":"GET","isAuthenticated":true,"isAdmin":true,"userId":"67f74738ba8288c3757139c6"}
[13:02:46 01/07/2025] [DEBUG] Request authentication | Meta: {"url":"/images/default-profile.png","method":"GET","isAuthenticated":true,"isAdmin":true,"userId":"67f74738ba8288c3757139c6"}
[13:02:48 01/07/2025] [DEBUG] Request authentication | Meta: {"url":"/profile/edit","method":"GET","isAuthenticated":true,"isAdmin":true,"userId":"67f74738ba8288c3757139c6"}
[13:02:56 01/07/2025] [DEBUG] Request authentication | Meta: {"url":"/profile/edit","method":"POST","isAuthenticated":true,"isAdmin":true,"userId":"67f74738ba8288c3757139c6"}
[13:03:04 01/07/2025] [DEBUG] Request authentication | Meta: {"url":"/.well-known/appspecific/com.chrome.devtools.json","method":"GET","isAuthenticated":true,"isAdmin":true,"userId":"67f74738ba8288c3757139c6"}
[13:10:38 01/07/2025] [DEBUG] Request authentication | Meta: {"url":"/profile/edit","method":"POST","isAuthenticated":true,"isAdmin":true,"userId":"67f74738ba8288c3757139c6"}
[13:10:38 01/07/2025] [DEBUG] Request authentication | Meta: {"url":"/.well-known/appspecific/com.chrome.devtools.json","method":"GET","isAuthenticated":true,"isAdmin":true,"userId":"67f74738ba8288c3757139c6"}
[13:10:43 01/07/2025] [DEBUG] Request authentication | Meta: {"url":"/","method":"GET","isAuthenticated":true,"isAdmin":true,"userId":"67f74738ba8288c3757139c6"}
[13:10:43 01/07/2025] [DEBUG] Request authentication | Meta: {"url":"/.well-known/appspecific/com.chrome.devtools.json","method":"GET","isAuthenticated":true,"isAdmin":true,"userId":"67f74738ba8288c3757139c6"}
[13:10:45 01/07/2025] [DEBUG] Request authentication | Meta: {"url":"/profile","method":"GET","isAuthenticated":true,"isAdmin":true,"userId":"67f74738ba8288c3757139c6"}
[13:10:46 01/07/2025] [DEBUG] Request authentication | Meta: {"url":"/.well-known/appspecific/com.chrome.devtools.json","method":"GET","isAuthenticated":true,"isAdmin":true,"userId":"67f74738ba8288c3757139c6"}
[13:10:46 01/07/2025] [DEBUG] Request authentication | Meta: {"url":"/images/default-profile.png","method":"GET","isAuthenticated":true,"isAdmin":true,"userId":"67f74738ba8288c3757139c6"}
[13:10:47 01/07/2025] [DEBUG] Request authentication | Meta: {"url":"/profile/edit","method":"GET","isAuthenticated":true,"isAdmin":true,"userId":"67f74738ba8288c3757139c6"}
[13:10:47 01/07/2025] [DEBUG] Request authentication | Meta: {"url":"/.well-known/appspecific/com.chrome.devtools.json","method":"GET","isAuthenticated":true,"isAdmin":true,"userId":"67f74738ba8288c3757139c6"}
[13:10:51 01/07/2025] [DEBUG] Request authentication | Meta: {"url":"/profile/edit","method":"POST","isAuthenticated":true,"isAdmin":true,"userId":"67f74738ba8288c3757139c6"}
[13:10:51 01/07/2025] [DEBUG] Request authentication | Meta: {"url":"/.well-known/appspecific/com.chrome.devtools.json","method":"GET","isAuthenticated":true,"isAdmin":true,"userId":"67f74738ba8288c3757139c6"}
[13:10:59 01/07/2025] [DEBUG] Request authentication | Meta: {"url":"/profile/edit","method":"POST","isAuthenticated":true,"isAdmin":true,"userId":"67f74738ba8288c3757139c6"}
[13:10:59 01/07/2025] [DEBUG] Request authentication | Meta: {"url":"/.well-known/appspecific/com.chrome.devtools.json","method":"GET","isAuthenticated":true,"isAdmin":true,"userId":"67f74738ba8288c3757139c6"}
[13:11:10 01/07/2025] [DEBUG] Request authentication | Meta: {"url":"/profile/edit","method":"POST","isAuthenticated":true,"isAdmin":true,"userId":"67f74738ba8288c3757139c6"}
[13:11:10 01/07/2025] [DEBUG] Request authentication | Meta: {"url":"/.well-known/appspecific/com.chrome.devtools.json","method":"GET","isAuthenticated":true,"isAdmin":true,"userId":"67f74738ba8288c3757139c6"}
[13:15:26 01/07/2025] [DEBUG] Request authentication | Meta: {"url":"/profile/edit","method":"POST","isAuthenticated":true,"isAdmin":true,"userId":"67f74738ba8288c3757139c6"}
[13:15:27 01/07/2025] [DEBUG] Request authentication | Meta: {"url":"/.well-known/appspecific/com.chrome.devtools.json","method":"GET","isAuthenticated":true,"isAdmin":true,"userId":"67f74738ba8288c3757139c6"}
[13:15:31 01/07/2025] [DEBUG] Request authentication | Meta: {"url":"/profile/edit","method":"POST","isAuthenticated":true,"isAdmin":true,"userId":"67f74738ba8288c3757139c6"}
[13:15:31 01/07/2025] [DEBUG] Request authentication | Meta: {"url":"/.well-known/appspecific/com.chrome.devtools.json","method":"GET","isAuthenticated":true,"isAdmin":true,"userId":"67f74738ba8288c3757139c6"}
[13:20:20 01/07/2025] [DEBUG] Request authentication | Meta: {"url":"/profile/edit","method":"POST","isAuthenticated":true,"isAdmin":true,"userId":"67f74738ba8288c3757139c6"}
[13:20:20 01/07/2025] [DEBUG] Request authentication | Meta: {"url":"/.well-known/appspecific/com.chrome.devtools.json","method":"GET","isAuthenticated":true,"isAdmin":true,"userId":"67f74738ba8288c3757139c6"}
[13:20:22 01/07/2025] [DEBUG] Request authentication | Meta: {"url":"/profile","method":"GET","isAuthenticated":true,"isAdmin":true,"userId":"67f74738ba8288c3757139c6"}
[13:20:22 01/07/2025] [DEBUG] Request authentication | Meta: {"url":"/images/default-profile.png","method":"GET","isAuthenticated":true,"isAdmin":true,"userId":"67f74738ba8288c3757139c6"}
[13:20:22 01/07/2025] [DEBUG] Request authentication | Meta: {"url":"/.well-known/appspecific/com.chrome.devtools.json","method":"GET","isAuthenticated":true,"isAdmin":true,"userId":"67f74738ba8288c3757139c6"}
[13:20:24 01/07/2025] [DEBUG] Request authentication | Meta: {"url":"/profile/edit","method":"GET","isAuthenticated":true,"isAdmin":true,"userId":"67f74738ba8288c3757139c6"}
[13:20:24 01/07/2025] [DEBUG] Request authentication | Meta: {"url":"/.well-known/appspecific/com.chrome.devtools.json","method":"GET","isAuthenticated":true,"isAdmin":true,"userId":"67f74738ba8288c3757139c6"}
[13:20:28 01/07/2025] [DEBUG] Request authentication | Meta: {"url":"/profile/edit","method":"POST","isAuthenticated":true,"isAdmin":true,"userId":"67f74738ba8288c3757139c6"}
[13:20:28 01/07/2025] [DEBUG] Request authentication | Meta: {"url":"/.well-known/appspecific/com.chrome.devtools.json","method":"GET","isAuthenticated":true,"isAdmin":true,"userId":"67f74738ba8288c3757139c6"}
[13:20:29 01/07/2025] [DEBUG] Request authentication | Meta: {"url":"/profile","method":"GET","isAuthenticated":true,"isAdmin":true,"userId":"67f74738ba8288c3757139c6"}
[13:20:29 01/07/2025] [DEBUG] Request authentication | Meta: {"url":"/.well-known/appspecific/com.chrome.devtools.json","method":"GET","isAuthenticated":true,"isAdmin":true,"userId":"67f74738ba8288c3757139c6"}
[13:20:30 01/07/2025] [DEBUG] Request authentication | Meta: {"url":"/images/default-profile.png","method":"GET","isAuthenticated":true,"isAdmin":true,"userId":"67f74738ba8288c3757139c6"}
[13:21:17 01/07/2025] [DEBUG] Request authentication | Meta: {"url":"/profile","method":"GET","isAuthenticated":true,"isAdmin":true,"userId":"67f74738ba8288c3757139c6"}
[13:21:17 01/07/2025] [DEBUG] Request authentication | Meta: {"url":"/.well-known/appspecific/com.chrome.devtools.json","method":"GET","isAuthenticated":true,"isAdmin":true,"userId":"67f74738ba8288c3757139c6"}
[13:21:17 01/07/2025] [DEBUG] Request authentication | Meta: {"url":"/images/default-profile.png","method":"GET","isAuthenticated":true,"isAdmin":true,"userId":"67f74738ba8288c3757139c6"}
[13:21:18 01/07/2025] [DEBUG] Request authentication | Meta: {"url":"/profile/edit","method":"GET","isAuthenticated":true,"isAdmin":true,"userId":"67f74738ba8288c3757139c6"}
[13:21:18 01/07/2025] [DEBUG] Request authentication | Meta: {"url":"/.well-known/appspecific/com.chrome.devtools.json","method":"GET","isAuthenticated":true,"isAdmin":true,"userId":"67f74738ba8288c3757139c6"}
[13:21:21 01/07/2025] [DEBUG] Request authentication | Meta: {"url":"/profile/edit","method":"POST","isAuthenticated":true,"isAdmin":true,"userId":"67f74738ba8288c3757139c6"}
[13:21:21 01/07/2025] [DEBUG] Request authentication | Meta: {"url":"/.well-known/appspecific/com.chrome.devtools.json","method":"GET","isAuthenticated":true,"isAdmin":true,"userId":"67f74738ba8288c3757139c6"}
[13:21:22 01/07/2025] [DEBUG] Request authentication | Meta: {"url":"/profile","method":"GET","isAuthenticated":true,"isAdmin":true,"userId":"67f74738ba8288c3757139c6"}
[13:21:22 01/07/2025] [DEBUG] Request authentication | Meta: {"url":"/.well-known/appspecific/com.chrome.devtools.json","method":"GET","isAuthenticated":true,"isAdmin":true,"userId":"67f74738ba8288c3757139c6"}
[13:21:22 01/07/2025] [DEBUG] Request authentication | Meta: {"url":"/images/default-profile.png","method":"GET","isAuthenticated":true,"isAdmin":true,"userId":"67f74738ba8288c3757139c6"}
[13:21:24 01/07/2025] [DEBUG] Request authentication | Meta: {"url":"/profile/change-password","method":"GET","isAuthenticated":true,"isAdmin":true,"userId":"67f74738ba8288c3757139c6"}
[13:21:24 01/07/2025] [DEBUG] Request authentication | Meta: {"url":"/.well-known/appspecific/com.chrome.devtools.json","method":"GET","isAuthenticated":true,"isAdmin":true,"userId":"67f74738ba8288c3757139c6"}
[13:21:45 01/07/2025] [DEBUG] Request authentication | Meta: {"url":"/profile/change-password","method":"POST","isAuthenticated":true,"isAdmin":true,"userId":"67f74738ba8288c3757139c6"}
[13:21:45 01/07/2025] [DEBUG] Request authentication | Meta: {"url":"/.well-known/appspecific/com.chrome.devtools.json","method":"GET","isAuthenticated":true,"isAdmin":true,"userId":"67f74738ba8288c3757139c6"}
[13:22:03 01/07/2025] [DEBUG] Request authentication | Meta: {"url":"/profile/change-password","method":"POST","isAuthenticated":true,"isAdmin":true,"userId":"67f74738ba8288c3757139c6"}
[13:22:04 01/07/2025] [DEBUG] Request authentication | Meta: {"url":"/.well-known/appspecific/com.chrome.devtools.json","method":"GET","isAuthenticated":true,"isAdmin":true,"userId":"67f74738ba8288c3757139c6"}
[13:22:08 01/07/2025] [DEBUG] Request authentication | Meta: {"url":"/","method":"GET","isAuthenticated":true,"isAdmin":true,"userId":"67f74738ba8288c3757139c6"}
[13:22:08 01/07/2025] [DEBUG] Request authentication | Meta: {"url":"/.well-known/appspecific/com.chrome.devtools.json","method":"GET","isAuthenticated":true,"isAdmin":true,"userId":"67f74738ba8288c3757139c6"}
[13:22:10 01/07/2025] [DEBUG] Request authentication | Meta: {"url":"/orders","method":"GET","isAuthenticated":true,"isAdmin":true,"userId":"67f74738ba8288c3757139c6"}
[13:22:10 01/07/2025] [DEBUG] Request authentication | Meta: {"url":"/.well-known/appspecific/com.chrome.devtools.json","method":"GET","isAuthenticated":true,"isAdmin":true,"userId":"67f74738ba8288c3757139c6"}
[13:23:11 01/07/2025] [DEBUG] Request authentication | Meta: {"url":"/orders","method":"GET","isAuthenticated":true,"isAdmin":true,"userId":"67f74738ba8288c3757139c6"}
[13:23:12 01/07/2025] [DEBUG] Request authentication | Meta: {"url":"/.well-known/appspecific/com.chrome.devtools.json","method":"GET","isAuthenticated":true,"isAdmin":true,"userId":"67f74738ba8288c3757139c6"}
[13:27:28 01/07/2025] [DEBUG] Request authentication | Meta: {"url":"/orders","method":"GET","isAuthenticated":true,"isAdmin":true,"userId":"67f74738ba8288c3757139c6"}
[13:27:28 01/07/2025] [DEBUG] Request authentication | Meta: {"url":"/.well-known/appspecific/com.chrome.devtools.json","method":"GET","isAuthenticated":true,"isAdmin":true,"userId":"67f74738ba8288c3757139c6"}
[13:27:31 01/07/2025] [DEBUG] Request authentication | Meta: {"url":"/","method":"GET","isAuthenticated":true,"isAdmin":true,"userId":"67f74738ba8288c3757139c6"}
[13:27:31 01/07/2025] [DEBUG] Request authentication | Meta: {"url":"/.well-known/appspecific/com.chrome.devtools.json","method":"GET","isAuthenticated":true,"isAdmin":true,"userId":"67f74738ba8288c3757139c6"}
[13:27:36 01/07/2025] [DEBUG] Request authentication | Meta: {"url":"/admin","method":"GET","isAuthenticated":true,"isAdmin":true,"userId":"67f74738ba8288c3757139c6"}
[13:27:36 01/07/2025] [DEBUG] Request authentication | Meta: {"url":"/.well-known/appspecific/com.chrome.devtools.json","method":"GET","isAuthenticated":true,"isAdmin":true,"userId":"67f74738ba8288c3757139c6"}
[13:27:38 01/07/2025] [DEBUG] Request authentication | Meta: {"url":"/admin/orders","method":"GET","isAuthenticated":true,"isAdmin":true,"userId":"67f74738ba8288c3757139c6"}
[13:27:39 01/07/2025] [DEBUG] Request authentication | Meta: {"url":"/.well-known/appspecific/com.chrome.devtools.json","method":"GET","isAuthenticated":true,"isAdmin":true,"userId":"67f74738ba8288c3757139c6"}
[13:29:31 01/07/2025] [DEBUG] Request authentication | Meta: {"url":"/admin/orders","method":"GET","isAuthenticated":true,"isAdmin":true,"userId":"67f74738ba8288c3757139c6"}
[13:29:31 01/07/2025] [DEBUG] Request authentication | Meta: {"url":"/.well-known/appspecific/com.chrome.devtools.json","method":"GET","isAuthenticated":true,"isAdmin":true,"userId":"67f74738ba8288c3757139c6"}
[13:30:20 01/07/2025] [DEBUG] Request authentication | Meta: {"url":"/admin/orders/68628653a117304c91abd4ff","method":"GET","isAuthenticated":true,"isAdmin":true,"userId":"67f74738ba8288c3757139c6"}
[13:30:20 01/07/2025] [DEBUG] Request authentication | Meta: {"url":"/.well-known/appspecific/com.chrome.devtools.json","method":"GET","isAuthenticated":true,"isAdmin":true,"userId":"67f74738ba8288c3757139c6"}
[13:31:21 01/07/2025] [DEBUG] Request authentication | Meta: {"url":"/admin/orders/68628653a117304c91abd4ff","method":"GET","isAuthenticated":true,"isAdmin":true,"userId":"67f74738ba8288c3757139c6"}
[13:31:22 01/07/2025] [DEBUG] Request authentication | Meta: {"url":"/.well-known/appspecific/com.chrome.devtools.json","method":"GET","isAuthenticated":true,"isAdmin":true,"userId":"67f74738ba8288c3757139c6"}
[13:31:24 01/07/2025] [DEBUG] Request authentication | Meta: {"url":"/","method":"GET","isAuthenticated":true,"isAdmin":true,"userId":"67f74738ba8288c3757139c6"}
[13:31:24 01/07/2025] [DEBUG] Request authentication | Meta: {"url":"/.well-known/appspecific/com.chrome.devtools.json","method":"GET","isAuthenticated":true,"isAdmin":true,"userId":"67f74738ba8288c3757139c6"}
[13:31:27 01/07/2025] [DEBUG] Request authentication | Meta: {"url":"/profile","method":"GET","isAuthenticated":true,"isAdmin":true,"userId":"67f74738ba8288c3757139c6"}
[13:31:27 01/07/2025] [DEBUG] Request authentication | Meta: {"url":"/images/default-profile.png","method":"GET","isAuthenticated":true,"isAdmin":true,"userId":"67f74738ba8288c3757139c6"}
[13:31:27 01/07/2025] [DEBUG] Request authentication | Meta: {"url":"/.well-known/appspecific/com.chrome.devtools.json","method":"GET","isAuthenticated":true,"isAdmin":true,"userId":"67f74738ba8288c3757139c6"}
[13:31:29 01/07/2025] [DEBUG] Request authentication | Meta: {"url":"/admin/products","method":"GET","isAuthenticated":true,"isAdmin":true,"userId":"67f74738ba8288c3757139c6"}
[13:31:29 01/07/2025] [DEBUG] Request authentication | Meta: {"url":"/.well-known/appspecific/com.chrome.devtools.json","method":"GET","isAuthenticated":true,"isAdmin":true,"userId":"67f74738ba8288c3757139c6"}
[13:31:31 01/07/2025] [DEBUG] Request authentication | Meta: {"url":"/admin/orders","method":"GET","isAuthenticated":true,"isAdmin":true,"userId":"67f74738ba8288c3757139c6"}
[13:31:32 01/07/2025] [DEBUG] Request authentication | Meta: {"url":"/.well-known/appspecific/com.chrome.devtools.json","method":"GET","isAuthenticated":true,"isAdmin":true,"userId":"67f74738ba8288c3757139c6"}
[13:31:33 01/07/2025] [DEBUG] Request authentication | Meta: {"url":"/admin/orders/68628653a117304c91abd4ff","method":"GET","isAuthenticated":true,"isAdmin":true,"userId":"67f74738ba8288c3757139c6"}
[13:31:33 01/07/2025] [DEBUG] Request authentication | Meta: {"url":"/.well-known/appspecific/com.chrome.devtools.json","method":"GET","isAuthenticated":true,"isAdmin":true,"userId":"67f74738ba8288c3757139c6"}
[13:31:35 01/07/2025] [DEBUG] Request authentication | Meta: {"url":"/admin/orders/68628653a117304c91abd4ff","method":"GET","isAuthenticated":true,"isAdmin":true,"userId":"67f74738ba8288c3757139c6"}
[13:31:36 01/07/2025] [DEBUG] Request authentication | Meta: {"url":"/.well-known/appspecific/com.chrome.devtools.json","method":"GET","isAuthenticated":true,"isAdmin":true,"userId":"67f74738ba8288c3757139c6"}
[13:33:23 01/07/2025] [DEBUG] Request authentication | Meta: {"url":"/admin/orders/68628653a117304c91abd4ff","method":"GET","isAuthenticated":true,"isAdmin":true,"userId":"67f74738ba8288c3757139c6"}
[13:33:23 01/07/2025] [DEBUG] Request authentication | Meta: {"url":"/.well-known/appspecific/com.chrome.devtools.json","method":"GET","isAuthenticated":true,"isAdmin":true,"userId":"67f74738ba8288c3757139c6"}
[13:33:38 01/07/2025] [DEBUG] Request authentication | Meta: {"url":"/admin/orders/68628653a117304c91abd4ff","method":"GET","isAuthenticated":true,"isAdmin":true,"userId":"67f74738ba8288c3757139c6"}
[13:33:38 01/07/2025] [DEBUG] Request authentication | Meta: {"url":"/.well-known/appspecific/com.chrome.devtools.json","method":"GET","isAuthenticated":true,"isAdmin":true,"userId":"67f74738ba8288c3757139c6"}
[13:33:47 01/07/2025] [DEBUG] Request authentication | Meta: {"url":"/contact","method":"GET","isAuthenticated":true,"isAdmin":true,"userId":"67f74738ba8288c3757139c6"}
[13:33:47 01/07/2025] [DEBUG] Request authentication | Meta: {"url":"/.well-known/appspecific/com.chrome.devtools.json","method":"GET","isAuthenticated":true,"isAdmin":true,"userId":"67f74738ba8288c3757139c6"}
[13:33:51 01/07/2025] [DEBUG] Request authentication | Meta: {"url":"/.well-known/appspecific/com.chrome.devtools.json","method":"GET","isAuthenticated":true,"isAdmin":true,"userId":"67f74738ba8288c3757139c6"}
[13:33:52 01/07/2025] [DEBUG] Request authentication | Meta: {"url":"/admin/orders/68628653a117304c91abd4ff","method":"GET","isAuthenticated":true,"isAdmin":true,"userId":"67f74738ba8288c3757139c6"}
[13:33:52 01/07/2025] [DEBUG] Request authentication | Meta: {"url":"/.well-known/appspecific/com.chrome.devtools.json","method":"GET","isAuthenticated":true,"isAdmin":true,"userId":"67f74738ba8288c3757139c6"}
[13:33:54 01/07/2025] [DEBUG] Request authentication | Meta: {"url":"/contact","method":"GET","isAuthenticated":true,"isAdmin":true,"userId":"67f74738ba8288c3757139c6"}
[13:33:54 01/07/2025] [DEBUG] Request authentication | Meta: {"url":"/.well-known/appspecific/com.chrome.devtools.json","method":"GET","isAuthenticated":true,"isAdmin":true,"userId":"67f74738ba8288c3757139c6"}
[13:34:00 01/07/2025] [DEBUG] Request authentication | Meta: {"url":"/.well-known/appspecific/com.chrome.devtools.json","method":"GET","isAuthenticated":true,"isAdmin":true,"userId":"67f74738ba8288c3757139c6"}
[13:35:31 01/07/2025] [DEBUG] Request authentication | Meta: {"url":"/admin/orders/68628653a117304c91abd4ff","method":"GET","isAuthenticated":true,"isAdmin":true,"userId":"67f74738ba8288c3757139c6"}
[13:35:31 01/07/2025] [DEBUG] Request authentication | Meta: {"url":"/css/admin.css","method":"GET","isAuthenticated":true,"isAdmin":true,"userId":"67f74738ba8288c3757139c6"}
[13:35:31 01/07/2025] [DEBUG] Request authentication | Meta: {"url":"/.well-known/appspecific/com.chrome.devtools.json","method":"GET","isAuthenticated":true,"isAdmin":true,"userId":"67f74738ba8288c3757139c6"}
[13:35:41 01/07/2025] [DEBUG] Request authentication | Meta: {"url":"/admin/update-order-status","method":"POST","isAuthenticated":true,"isAdmin":true,"userId":"67f74738ba8288c3757139c6"}
[13:35:44 01/07/2025] [DEBUG] Request authentication | Meta: {"url":"/admin/orders/68628653a117304c91abd4ff","method":"GET","isAuthenticated":true,"isAdmin":true,"userId":"67f74738ba8288c3757139c6"}
[13:35:44 01/07/2025] [DEBUG] Request authentication | Meta: {"url":"/.well-known/appspecific/com.chrome.devtools.json","method":"GET","isAuthenticated":true,"isAdmin":true,"userId":"67f74738ba8288c3757139c6"}
[13:35:45 01/07/2025] [DEBUG] Request authentication | Meta: {"url":"/css/admin.css","method":"GET","isAuthenticated":true,"isAdmin":true,"userId":"67f74738ba8288c3757139c6"}
[13:35:46 01/07/2025] [DEBUG] Request authentication | Meta: {"url":"/admin/update-payment-status","method":"POST","isAuthenticated":true,"isAdmin":true,"userId":"67f74738ba8288c3757139c6"}
[13:35:47 01/07/2025] [DEBUG] Request authentication | Meta: {"url":"/admin/orders/68628653a117304c91abd4ff","method":"GET","isAuthenticated":true,"isAdmin":true,"userId":"67f74738ba8288c3757139c6"}
[13:35:48 01/07/2025] [DEBUG] Request authentication | Meta: {"url":"/.well-known/appspecific/com.chrome.devtools.json","method":"GET","isAuthenticated":true,"isAdmin":true,"userId":"67f74738ba8288c3757139c6"}
[13:35:48 01/07/2025] [DEBUG] Request authentication | Meta: {"url":"/css/admin.css","method":"GET","isAuthenticated":true,"isAdmin":true,"userId":"67f74738ba8288c3757139c6"}
[13:35:52 01/07/2025] [DEBUG] Request authentication | Meta: {"url":"/orders/68628653a117304c91abd4ff/invoice","method":"GET","isAuthenticated":true,"isAdmin":true,"userId":"67f74738ba8288c3757139c6"}
[13:39:10 01/07/2025] [DEBUG] Request authentication | Meta: {"url":"/","method":"GET","isAuthenticated":true,"isAdmin":true,"userId":"67f74738ba8288c3757139c6"}
[13:39:15 01/07/2025] [DEBUG] Request authentication | Meta: {"url":"/orders","method":"GET","isAuthenticated":true,"isAdmin":true,"userId":"67f74738ba8288c3757139c6"}
[13:39:19 01/07/2025] [DEBUG] Request authentication | Meta: {"url":"/profile","method":"GET","isAuthenticated":true,"isAdmin":true,"userId":"67f74738ba8288c3757139c6"}
[13:39:19 01/07/2025] [DEBUG] Request authentication | Meta: {"url":"/images/default-profile.png","method":"GET","isAuthenticated":true,"isAdmin":true,"userId":"67f74738ba8288c3757139c6"}
[13:39:24 01/07/2025] [DEBUG] Request authentication | Meta: {"url":"/admin/orders","method":"GET","isAuthenticated":true,"isAdmin":true,"userId":"67f74738ba8288c3757139c6"}
[13:39:28 01/07/2025] [DEBUG] Request authentication | Meta: {"url":"/admin/orders/685f9b334c41fe5fa106c566","method":"GET","isAuthenticated":true,"isAdmin":true,"userId":"67f74738ba8288c3757139c6"}
[13:39:29 01/07/2025] [DEBUG] Request authentication | Meta: {"url":"/css/admin.css","method":"GET","isAuthenticated":true,"isAdmin":true,"userId":"67f74738ba8288c3757139c6"}
[13:39:30 01/07/2025] [DEBUG] Request authentication | Meta: {"url":"/orders/685f9b334c41fe5fa106c566/invoice","method":"GET","isAuthenticated":true,"isAdmin":true,"userId":"67f74738ba8288c3757139c6"}
[13:39:34 01/07/2025] [DEBUG] Request authentication | Meta: {"url":"/.well-known/appspecific/com.chrome.devtools.json","method":"GET","isAuthenticated":true,"isAdmin":true,"userId":"67f74738ba8288c3757139c6"}
[13:40:41 01/07/2025] [DEBUG] Request authentication | Meta: {"url":"/","method":"GET","isAuthenticated":true,"isAdmin":true,"userId":"67f74738ba8288c3757139c6"}
[13:40:42 01/07/2025] [DEBUG] Request authentication | Meta: {"url":"/.well-known/appspecific/com.chrome.devtools.json","method":"GET","isAuthenticated":true,"isAdmin":true,"userId":"67f74738ba8288c3757139c6"}
[13:40:45 01/07/2025] [DEBUG] Request authentication | Meta: {"url":"/admin","method":"GET","isAuthenticated":true,"isAdmin":true,"userId":"67f74738ba8288c3757139c6"}
[13:40:45 01/07/2025] [DEBUG] Request authentication | Meta: {"url":"/.well-known/appspecific/com.chrome.devtools.json","method":"GET","isAuthenticated":true,"isAdmin":true,"userId":"67f74738ba8288c3757139c6"}
[13:40:47 01/07/2025] [DEBUG] Request authentication | Meta: {"url":"/admin/orders","method":"GET","isAuthenticated":true,"isAdmin":true,"userId":"67f74738ba8288c3757139c6"}
[13:40:48 01/07/2025] [DEBUG] Request authentication | Meta: {"url":"/.well-known/appspecific/com.chrome.devtools.json","method":"GET","isAuthenticated":true,"isAdmin":true,"userId":"67f74738ba8288c3757139c6"}
[13:40:51 01/07/2025] [DEBUG] Request authentication | Meta: {"url":"/admin/orders/68628653a117304c91abd4ff","method":"GET","isAuthenticated":true,"isAdmin":true,"userId":"67f74738ba8288c3757139c6"}
[13:40:51 01/07/2025] [DEBUG] Request authentication | Meta: {"url":"/.well-known/appspecific/com.chrome.devtools.json","method":"GET","isAuthenticated":true,"isAdmin":true,"userId":"67f74738ba8288c3757139c6"}
[13:40:51 01/07/2025] [DEBUG] Request authentication | Meta: {"url":"/css/admin.css","method":"GET","isAuthenticated":true,"isAdmin":true,"userId":"67f74738ba8288c3757139c6"}
[13:40:52 01/07/2025] [DEBUG] Request authentication | Meta: {"url":"/orders/68628653a117304c91abd4ff/invoice","method":"GET","isAuthenticated":true,"isAdmin":true,"userId":"67f74738ba8288c3757139c6"}
[13:40:59 01/07/2025] [DEBUG] Request authentication | Meta: {"url":"/.well-known/appspecific/com.chrome.devtools.json","method":"GET","isAuthenticated":true,"isAdmin":true,"userId":"67f74738ba8288c3757139c6"}
[13:41:26 01/07/2025] [DEBUG] Request authentication | Meta: {"url":"/","method":"GET","isAuthenticated":true,"isAdmin":true,"userId":"67f74738ba8288c3757139c6"}
[13:41:26 01/07/2025] [DEBUG] Request authentication | Meta: {"url":"/.well-known/appspecific/com.chrome.devtools.json","method":"GET","isAuthenticated":true,"isAdmin":true,"userId":"67f74738ba8288c3757139c6"}
[13:43:09 01/07/2025] [DEBUG] Request authentication | Meta: {"url":"/","method":"GET","isAuthenticated":true,"isAdmin":true,"userId":"67f74738ba8288c3757139c6"}
[13:43:09 01/07/2025] [DEBUG] Request authentication | Meta: {"url":"/.well-known/appspecific/com.chrome.devtools.json","method":"GET","isAuthenticated":true,"isAdmin":true,"userId":"67f74738ba8288c3757139c6"}
[13:43:12 01/07/2025] [DEBUG] Request authentication | Meta: {"url":"/orders","method":"GET","isAuthenticated":true,"isAdmin":true,"userId":"67f74738ba8288c3757139c6"}
[13:43:12 01/07/2025] [DEBUG] Request authentication | Meta: {"url":"/.well-known/appspecific/com.chrome.devtools.json","method":"GET","isAuthenticated":true,"isAdmin":true,"userId":"67f74738ba8288c3757139c6"}
[13:43:15 01/07/2025] [DEBUG] Request authentication | Meta: {"url":"/admin/orders","method":"GET","isAuthenticated":true,"isAdmin":true,"userId":"67f74738ba8288c3757139c6"}
[13:43:15 01/07/2025] [DEBUG] Request authentication | Meta: {"url":"/.well-known/appspecific/com.chrome.devtools.json","method":"GET","isAuthenticated":true,"isAdmin":true,"userId":"67f74738ba8288c3757139c6"}
[13:43:19 01/07/2025] [DEBUG] Request authentication | Meta: {"url":"/admin/orders/68628653a117304c91abd4ff","method":"GET","isAuthenticated":true,"isAdmin":true,"userId":"67f74738ba8288c3757139c6"}
[13:43:19 01/07/2025] [DEBUG] Request authentication | Meta: {"url":"/.well-known/appspecific/com.chrome.devtools.json","method":"GET","isAuthenticated":true,"isAdmin":true,"userId":"67f74738ba8288c3757139c6"}
[13:43:19 01/07/2025] [DEBUG] Request authentication | Meta: {"url":"/css/admin.css","method":"GET","isAuthenticated":true,"isAdmin":true,"userId":"67f74738ba8288c3757139c6"}
[13:43:21 01/07/2025] [DEBUG] Request authentication | Meta: {"url":"/admin/orders/68628653a117304c91abd4ff/invoice","method":"GET","isAuthenticated":true,"isAdmin":true,"userId":"67f74738ba8288c3757139c6"}
[13:45:44 01/07/2025] [DEBUG] Request authentication | Meta: {"url":"/admin/orders/68628653a117304c91abd4ff","method":"GET","isAuthenticated":true,"isAdmin":true,"userId":"67f74738ba8288c3757139c6"}
[13:45:44 01/07/2025] [DEBUG] Request authentication | Meta: {"url":"/.well-known/appspecific/com.chrome.devtools.json","method":"GET","isAuthenticated":true,"isAdmin":true,"userId":"67f74738ba8288c3757139c6"}
[13:45:45 01/07/2025] [DEBUG] Request authentication | Meta: {"url":"/css/admin.css","method":"GET","isAuthenticated":true,"isAdmin":true,"userId":"67f74738ba8288c3757139c6"}
[13:45:45 01/07/2025] [DEBUG] Request authentication | Meta: {"url":"/admin/orders/68628653a117304c91abd4ff/invoice","method":"GET","isAuthenticated":true,"isAdmin":true,"userId":"67f74738ba8288c3757139c6"}
[13:51:15 01/07/2025] [DEBUG] Request authentication | Meta: {"url":"/admin/orders/68628653a117304c91abd4ff","method":"GET","isAuthenticated":true,"isAdmin":true,"userId":"67f74738ba8288c3757139c6"}
[13:51:15 01/07/2025] [DEBUG] Request authentication | Meta: {"url":"/.well-known/appspecific/com.chrome.devtools.json","method":"GET","isAuthenticated":true,"isAdmin":true,"userId":"67f74738ba8288c3757139c6"}
[13:51:15 01/07/2025] [DEBUG] Request authentication | Meta: {"url":"/css/admin.css","method":"GET","isAuthenticated":true,"isAdmin":true,"userId":"67f74738ba8288c3757139c6"}
[13:51:17 01/07/2025] [DEBUG] Request authentication | Meta: {"url":"/admin/orders/68628653a117304c91abd4ff/invoice","method":"GET","isAuthenticated":true,"isAdmin":true,"userId":"67f74738ba8288c3757139c6"}
[13:59:53 01/07/2025] [DEBUG] Request authentication | Meta: {"url":"/admin/orders/68628653a117304c91abd4ff","method":"GET","isAuthenticated":true,"isAdmin":true,"userId":"67f74738ba8288c3757139c6"}
[13:59:53 01/07/2025] [DEBUG] Request authentication | Meta: {"url":"/.well-known/appspecific/com.chrome.devtools.json","method":"GET","isAuthenticated":true,"isAdmin":true,"userId":"67f74738ba8288c3757139c6"}
[13:59:53 01/07/2025] [DEBUG] Request authentication | Meta: {"url":"/css/admin.css","method":"GET","isAuthenticated":true,"isAdmin":true,"userId":"67f74738ba8288c3757139c6"}
[13:59:54 01/07/2025] [DEBUG] Request authentication | Meta: {"url":"/admin/orders/68628653a117304c91abd4ff/invoice","method":"GET","isAuthenticated":true,"isAdmin":true,"userId":"67f74738ba8288c3757139c6"}
[14:02:18 01/07/2025] [DEBUG] Request authentication | Meta: {"url":"/admin/orders/68628653a117304c91abd4ff","method":"GET","isAuthenticated":true,"isAdmin":true,"userId":"67f74738ba8288c3757139c6"}
[14:02:18 01/07/2025] [DEBUG] Request authentication | Meta: {"url":"/.well-known/appspecific/com.chrome.devtools.json","method":"GET","isAuthenticated":true,"isAdmin":true,"userId":"67f74738ba8288c3757139c6"}
[14:02:18 01/07/2025] [DEBUG] Request authentication | Meta: {"url":"/css/admin.css","method":"GET","isAuthenticated":true,"isAdmin":true,"userId":"67f74738ba8288c3757139c6"}
[14:02:20 01/07/2025] [DEBUG] Request authentication | Meta: {"url":"/admin/orders/68628653a117304c91abd4ff/invoice","method":"GET","isAuthenticated":true,"isAdmin":true,"userId":"67f74738ba8288c3757139c6"}
[14:03:55 01/07/2025] [DEBUG] Request authentication | Meta: {"url":"/admin/orders/68628653a117304c91abd4ff","method":"GET","isAuthenticated":true,"isAdmin":true,"userId":"67f74738ba8288c3757139c6"}
[14:03:55 01/07/2025] [DEBUG] Request authentication | Meta: {"url":"/.well-known/appspecific/com.chrome.devtools.json","method":"GET","isAuthenticated":true,"isAdmin":true,"userId":"67f74738ba8288c3757139c6"}
[14:03:56 01/07/2025] [DEBUG] Request authentication | Meta: {"url":"/css/admin.css","method":"GET","isAuthenticated":true,"isAdmin":true,"userId":"67f74738ba8288c3757139c6"}
[14:03:57 01/07/2025] [DEBUG] Request authentication | Meta: {"url":"/admin/orders/68628653a117304c91abd4ff/invoice","method":"GET","isAuthenticated":true,"isAdmin":true,"userId":"67f74738ba8288c3757139c6"}
[14:06:51 01/07/2025] [DEBUG] Request authentication | Meta: {"url":"/.well-known/appspecific/com.chrome.devtools.json","method":"GET","isAuthenticated":true,"isAdmin":true,"userId":"67f74738ba8288c3757139c6"}
[14:06:53 01/07/2025] [DEBUG] Request authentication | Meta: {"url":"/admin/orders/685d654564a3b5b01db035d8","method":"GET","isAuthenticated":true,"isAdmin":true,"userId":"67f74738ba8288c3757139c6"}
[14:06:53 01/07/2025] [DEBUG] Request authentication | Meta: {"url":"/.well-known/appspecific/com.chrome.devtools.json","method":"GET","isAuthenticated":true,"isAdmin":true,"userId":"67f74738ba8288c3757139c6"}
[14:06:55 01/07/2025] [DEBUG] Request authentication | Meta: {"url":"/.well-known/appspecific/com.chrome.devtools.json","method":"GET","isAuthenticated":true,"isAdmin":true,"userId":"67f74738ba8288c3757139c6"}
[14:06:55 01/07/2025] [DEBUG] Request authentication | Meta: {"url":"/.well-known/appspecific/com.chrome.devtools.json","method":"GET","isAuthenticated":true,"isAdmin":true,"userId":"67f74738ba8288c3757139c6"}
[14:06:56 01/07/2025] [DEBUG] Request authentication | Meta: {"url":"/admin/orders/68628653a117304c91abd4ff","method":"GET","isAuthenticated":true,"isAdmin":true,"userId":"67f74738ba8288c3757139c6"}
[14:06:56 01/07/2025] [DEBUG] Request authentication | Meta: {"url":"/.well-known/appspecific/com.chrome.devtools.json","method":"GET","isAuthenticated":true,"isAdmin":true,"userId":"67f74738ba8288c3757139c6"}
[14:06:57 01/07/2025] [DEBUG] Request authentication | Meta: {"url":"/css/admin.css","method":"GET","isAuthenticated":true,"isAdmin":true,"userId":"67f74738ba8288c3757139c6"}
[14:06:58 01/07/2025] [DEBUG] Request authentication | Meta: {"url":"/admin/orders/68628653a117304c91abd4ff/invoice","method":"GET","isAuthenticated":true,"isAdmin":true,"userId":"67f74738ba8288c3757139c6"}
[14:09:55 01/07/2025] [DEBUG] Request authentication | Meta: {"url":"/admin/orders/68628653a117304c91abd4ff","method":"GET","isAuthenticated":true,"isAdmin":true,"userId":"67f74738ba8288c3757139c6"}
[14:09:55 01/07/2025] [DEBUG] Request authentication | Meta: {"url":"/css/admin.css","method":"GET","isAuthenticated":true,"isAdmin":true,"userId":"67f74738ba8288c3757139c6"}
[14:09:56 01/07/2025] [DEBUG] Request authentication | Meta: {"url":"/.well-known/appspecific/com.chrome.devtools.json","method":"GET","isAuthenticated":true,"isAdmin":true,"userId":"67f74738ba8288c3757139c6"}
[14:09:58 01/07/2025] [DEBUG] Request authentication | Meta: {"url":"/admin/orders/68628653a117304c91abd4ff/invoice","method":"GET","isAuthenticated":true,"isAdmin":true,"userId":"67f74738ba8288c3757139c6"}
[14:10:16 01/07/2025] [DEBUG] Request authentication | Meta: {"url":"/","method":"GET","isAuthenticated":true,"isAdmin":true,"userId":"67f74738ba8288c3757139c6"}
[14:10:21 01/07/2025] [DEBUG] Request authentication | Meta: {"url":"/orders","method":"GET","isAuthenticated":true,"isAdmin":true,"userId":"67f74738ba8288c3757139c6"}
[14:10:25 01/07/2025] [DEBUG] Request authentication | Meta: {"url":"/admin/orders","method":"GET","isAuthenticated":true,"isAdmin":true,"userId":"67f74738ba8288c3757139c6"}
[14:10:31 01/07/2025] [DEBUG] Request authentication | Meta: {"url":"/admin/orders/685bf5e515d73b2803bc3d73","method":"GET","isAuthenticated":true,"isAdmin":true,"userId":"67f74738ba8288c3757139c6"}
[14:10:34 01/07/2025] [DEBUG] Request authentication | Meta: {"url":"/admin/orders/685d653264a3b5b01db035d6","method":"GET","isAuthenticated":true,"isAdmin":true,"userId":"67f74738ba8288c3757139c6"}
[14:10:37 01/07/2025] [DEBUG] Request authentication | Meta: {"url":"/admin/orders/68628653a117304c91abd4ff","method":"GET","isAuthenticated":true,"isAdmin":true,"userId":"67f74738ba8288c3757139c6"}
[14:10:37 01/07/2025] [DEBUG] Request authentication | Meta: {"url":"/css/admin.css","method":"GET","isAuthenticated":true,"isAdmin":true,"userId":"67f74738ba8288c3757139c6"}
[14:16:57 01/07/2025] [DEBUG] Request authentication | Meta: {"url":"/admin/orders/685f998b51fca1a834058ff4","method":"GET","isAuthenticated":true,"isAdmin":true,"userId":"67f74738ba8288c3757139c6"}
[14:16:57 01/07/2025] [DEBUG] Request authentication | Meta: {"url":"/css/admin.css","method":"GET","isAuthenticated":true,"isAdmin":true,"userId":"67f74738ba8288c3757139c6"}
[14:17:00 01/07/2025] [DEBUG] Request authentication | Meta: {"url":"/admin/orders/685d62f7835a4382f7d47851","method":"GET","isAuthenticated":true,"isAdmin":true,"userId":"67f74738ba8288c3757139c6"}
[14:18:07 01/07/2025] [DEBUG] Request authentication | Meta: {"url":"/admin/orders/685d62f7835a4382f7d47851","method":"GET","isAuthenticated":true,"isAdmin":true,"userId":"67f74738ba8288c3757139c6"}
[14:18:10 01/07/2025] [DEBUG] Request authentication | Meta: {"url":"/admin/orders","method":"GET","isAuthenticated":true,"isAdmin":true,"userId":"67f74738ba8288c3757139c6"}
[14:18:12 01/07/2025] [DEBUG] Request authentication | Meta: {"url":"/admin/orders/685f998b51fca1a834058ff4","method":"GET","isAuthenticated":true,"isAdmin":true,"userId":"67f74738ba8288c3757139c6"}
[14:18:13 01/07/2025] [DEBUG] Request authentication | Meta: {"url":"/css/admin.css","method":"GET","isAuthenticated":true,"isAdmin":true,"userId":"67f74738ba8288c3757139c6"}
[14:18:26 01/07/2025] [DEBUG] Request authentication | Meta: {"url":"/admin/orders/685d34b821ab71e260aecfec","method":"GET","isAuthenticated":true,"isAdmin":true,"userId":"67f74738ba8288c3757139c6"}
[14:18:29 01/07/2025] [DEBUG] Request authentication | Meta: {"url":"/admin/orders/67f8d765aedf306beb243503","method":"GET","isAuthenticated":true,"isAdmin":true,"userId":"67f74738ba8288c3757139c6"}
[14:18:39 01/07/2025] [DEBUG] Request authentication | Meta: {"url":"/admin/orders/67f6854aa2341cfe2c238cf7","method":"GET","isAuthenticated":true,"isAdmin":true,"userId":"67f74738ba8288c3757139c6"}
[14:18:44 01/07/2025] [DEBUG] Request authentication | Meta: {"url":"/admin/orders/685d62f7835a4382f7d47851","method":"GET","isAuthenticated":true,"isAdmin":true,"userId":"67f74738ba8288c3757139c6"}
[14:18:48 01/07/2025] [DEBUG] Request authentication | Meta: {"url":"/admin/orders/685f9b914c41fe5fa106c569","method":"GET","isAuthenticated":true,"isAdmin":true,"userId":"67f74738ba8288c3757139c6"}
[14:18:48 01/07/2025] [DEBUG] Request authentication | Meta: {"url":"/css/admin.css","method":"GET","isAuthenticated":true,"isAdmin":true,"userId":"67f74738ba8288c3757139c6"}
[14:18:51 01/07/2025] [DEBUG] Request authentication | Meta: {"url":"/admin/orders/685d62f7835a4382f7d47851","method":"GET","isAuthenticated":true,"isAdmin":true,"userId":"67f74738ba8288c3757139c6"}
[14:18:58 01/07/2025] [DEBUG] Request authentication | Meta: {"url":"/admin/orders/685d654964a3b5b01db035d9","method":"GET","isAuthenticated":true,"isAdmin":true,"userId":"67f74738ba8288c3757139c6"}
[14:20:43 01/07/2025] [DEBUG] Request authentication | Meta: {"url":"/admin/orders","method":"GET","isAuthenticated":true,"isAdmin":true,"userId":"67f74738ba8288c3757139c6"}
[14:20:48 01/07/2025] [DEBUG] Request authentication | Meta: {"url":"/","method":"GET","isAuthenticated":true,"isAdmin":true,"userId":"67f74738ba8288c3757139c6"}
[14:20:52 01/07/2025] [DEBUG] Request authentication | Meta: {"url":"/admin","method":"GET","isAuthenticated":true,"isAdmin":true,"userId":"67f74738ba8288c3757139c6"}
[14:20:57 01/07/2025] [DEBUG] Request authentication | Meta: {"url":"/orders","method":"GET","isAuthenticated":true,"isAdmin":true,"userId":"67f74738ba8288c3757139c6"}
[14:21:00 01/07/2025] [DEBUG] Request authentication | Meta: {"url":"/profile","method":"GET","isAuthenticated":true,"isAdmin":true,"userId":"67f74738ba8288c3757139c6"}
[14:21:00 01/07/2025] [DEBUG] Request authentication | Meta: {"url":"/images/default-profile.png","method":"GET","isAuthenticated":true,"isAdmin":true,"userId":"67f74738ba8288c3757139c6"}
[14:21:06 01/07/2025] [DEBUG] Request authentication | Meta: {"url":"/orders","method":"GET","isAuthenticated":true,"isAdmin":true,"userId":"67f74738ba8288c3757139c6"}
[14:21:09 01/07/2025] [DEBUG] Request authentication | Meta: {"url":"/admin/orders","method":"GET","isAuthenticated":true,"isAdmin":true,"userId":"67f74738ba8288c3757139c6"}
[14:21:14 01/07/2025] [DEBUG] Request authentication | Meta: {"url":"/admin/orders/67f8d765aedf306beb243503","method":"GET","isAuthenticated":true,"isAdmin":true,"userId":"67f74738ba8288c3757139c6"}
[14:21:17 01/07/2025] [DEBUG] Request authentication | Meta: {"url":"/admin/orders/685bf2c21c25c4445b1e99ff","method":"GET","isAuthenticated":true,"isAdmin":true,"userId":"67f74738ba8288c3757139c6"}
[14:21:21 01/07/2025] [DEBUG] Request authentication | Meta: {"url":"/admin/orders/685f998b51fca1a834058ff4","method":"GET","isAuthenticated":true,"isAdmin":true,"userId":"67f74738ba8288c3757139c6"}
[14:21:21 01/07/2025] [DEBUG] Request authentication | Meta: {"url":"/css/admin.css","method":"GET","isAuthenticated":true,"isAdmin":true,"userId":"67f74738ba8288c3757139c6"}
[14:21:55 01/07/2025] [DEBUG] Request authentication | Meta: {"url":"/","method":"GET","isAuthenticated":true,"isAdmin":true,"userId":"67f74738ba8288c3757139c6"}
[14:24:15 01/07/2025] [DEBUG] Request authentication | Meta: {"url":"/","method":"GET","isAuthenticated":true,"isAdmin":true,"userId":"67f74738ba8288c3757139c6"}
[14:24:18 01/07/2025] [DEBUG] Request authentication | Meta: {"url":"/","method":"GET","isAuthenticated":true,"isAdmin":true,"userId":"67f74738ba8288c3757139c6"}
[14:24:18 01/07/2025] [DEBUG] Request authentication | Meta: {"url":"/shop","method":"GET","isAuthenticated":true,"isAdmin":true,"userId":"67f74738ba8288c3757139c6"}
[14:24:19 01/07/2025] [DEBUG] Request authentication | Meta: {"url":"/","method":"GET","isAuthenticated":true,"isAdmin":true,"userId":"67f74738ba8288c3757139c6"}
[14:24:21 01/07/2025] [DEBUG] Request authentication | Meta: {"url":"/profile","method":"GET","isAuthenticated":true,"isAdmin":true,"userId":"67f74738ba8288c3757139c6"}
[14:24:21 01/07/2025] [DEBUG] Request authentication | Meta: {"url":"/images/default-profile.png","method":"GET","isAuthenticated":true,"isAdmin":true,"userId":"67f74738ba8288c3757139c6"}
[14:24:22 01/07/2025] [DEBUG] Request authentication | Meta: {"url":"/","method":"GET","isAuthenticated":true,"isAdmin":true,"userId":"67f74738ba8288c3757139c6"}
[14:24:24 01/07/2025] [DEBUG] Request authentication | Meta: {"url":"/orders","method":"GET","isAuthenticated":true,"isAdmin":true,"userId":"67f74738ba8288c3757139c6"}
[14:24:27 01/07/2025] [DEBUG] Request authentication | Meta: {"url":"/admin/orders","method":"GET","isAuthenticated":true,"isAdmin":true,"userId":"67f74738ba8288c3757139c6"}
[14:24:29 01/07/2025] [DEBUG] Request authentication | Meta: {"url":"/admin/products","method":"GET","isAuthenticated":true,"isAdmin":true,"userId":"67f74738ba8288c3757139c6"}
[14:24:31 01/07/2025] [DEBUG] Request authentication | Meta: {"url":"/admin/add-product","method":"GET","isAuthenticated":true,"isAdmin":true,"userId":"67f74738ba8288c3757139c6"}
[14:24:35 01/07/2025] [DEBUG] Request authentication | Meta: {"url":"/","method":"GET","isAuthenticated":true,"isAdmin":true,"userId":"67f74738ba8288c3757139c6"}
[14:25:00 01/07/2025] [DEBUG] Request authentication | Meta: {"url":"/shop","method":"GET","isAuthenticated":true,"isAdmin":true,"userId":"67f74738ba8288c3757139c6"}
[14:30:06 01/07/2025] [DEBUG] Request authentication | Meta: {"url":"/shop","method":"GET","isAuthenticated":true,"isAdmin":true,"userId":"67f74738ba8288c3757139c6"}
[14:30:07 01/07/2025] [DEBUG] Request authentication | Meta: {"url":"/","method":"GET","isAuthenticated":true,"isAdmin":true,"userId":"67f74738ba8288c3757139c6"}
[14:30:22 01/07/2025] [DEBUG] Request authentication | Meta: {"url":"/","method":"GET","isAuthenticated":true,"isAdmin":true,"userId":"67f74738ba8288c3757139c6"}
[14:30:23 01/07/2025] [DEBUG] Request authentication | Meta: {"url":"/shop","method":"GET","isAuthenticated":true,"isAdmin":true,"userId":"67f74738ba8288c3757139c6"}
[14:30:26 01/07/2025] [DEBUG] Request authentication | Meta: {"url":"/","method":"GET","isAuthenticated":true,"isAdmin":true,"userId":"67f74738ba8288c3757139c6"}
[14:30:28 01/07/2025] [DEBUG] Request authentication | Meta: {"url":"/shop","method":"GET","isAuthenticated":true,"isAdmin":true,"userId":"67f74738ba8288c3757139c6"}
[14:33:34 01/07/2025] [DEBUG] Request authentication | Meta: {"url":"/","method":"GET","isAuthenticated":true,"isAdmin":true,"userId":"67f74738ba8288c3757139c6"}
[14:33:36 01/07/2025] [DEBUG] Request authentication | Meta: {"url":"/","method":"GET","isAuthenticated":true,"isAdmin":true,"userId":"67f74738ba8288c3757139c6"}
[14:33:36 01/07/2025] [DEBUG] Request authentication | Meta: {"url":"/shop","method":"GET","isAuthenticated":true,"isAdmin":true,"userId":"67f74738ba8288c3757139c6"}
[14:33:38 01/07/2025] [DEBUG] Request authentication | Meta: {"url":"/categories","method":"GET","isAuthenticated":true,"isAdmin":true,"userId":"67f74738ba8288c3757139c6"}
[14:33:38 01/07/2025] [DEBUG] Request authentication | Meta: {"url":"/about","method":"GET","isAuthenticated":true,"isAdmin":true,"userId":"67f74738ba8288c3757139c6"}
[14:33:39 01/07/2025] [DEBUG] Request authentication | Meta: {"url":"/contact","method":"GET","isAuthenticated":true,"isAdmin":true,"userId":"67f74738ba8288c3757139c6"}
[14:33:40 01/07/2025] [DEBUG] Request authentication | Meta: {"url":"/","method":"GET","isAuthenticated":true,"isAdmin":true,"userId":"67f74738ba8288c3757139c6"}
[14:33:41 01/07/2025] [DEBUG] Request authentication | Meta: {"url":"/","method":"GET","isAuthenticated":true,"isAdmin":true,"userId":"67f74738ba8288c3757139c6"}
[14:33:44 01/07/2025] [DEBUG] Request authentication | Meta: {"url":"/admin","method":"GET","isAuthenticated":true,"isAdmin":true,"userId":"67f74738ba8288c3757139c6"}
[14:33:45 01/07/2025] [DEBUG] Request authentication | Meta: {"url":"/","method":"GET","isAuthenticated":true,"isAdmin":true,"userId":"67f74738ba8288c3757139c6"}
[14:33:47 01/07/2025] [DEBUG] Request authentication | Meta: {"url":"/profile","method":"GET","isAuthenticated":true,"isAdmin":true,"userId":"67f74738ba8288c3757139c6"}
[14:33:47 01/07/2025] [DEBUG] Request authentication | Meta: {"url":"/images/default-profile.png","method":"GET","isAuthenticated":true,"isAdmin":true,"userId":"67f74738ba8288c3757139c6"}
[14:36:39 01/07/2025] [DEBUG] Request authentication | Meta: {"url":"/profile","method":"GET","isAuthenticated":true,"isAdmin":true,"userId":"67f74738ba8288c3757139c6"}
[14:36:39 01/07/2025] [DEBUG] Request authentication | Meta: {"url":"/images/default-profile.png","method":"GET","isAuthenticated":true,"isAdmin":true,"userId":"67f74738ba8288c3757139c6"}
[14:36:41 01/07/2025] [DEBUG] Request authentication | Meta: {"url":"/","method":"GET","isAuthenticated":true,"isAdmin":true,"userId":"67f74738ba8288c3757139c6"}
[14:36:46 01/07/2025] [DEBUG] Request authentication | Meta: {"url":"/orders","method":"GET","isAuthenticated":true,"isAdmin":true,"userId":"67f74738ba8288c3757139c6"}
[14:36:47 01/07/2025] [DEBUG] Request authentication | Meta: {"url":"/","method":"GET","isAuthenticated":true,"isAdmin":true,"userId":"67f74738ba8288c3757139c6"}
[14:36:49 01/07/2025] [DEBUG] Request authentication | Meta: {"url":"/profile","method":"GET","isAuthenticated":true,"isAdmin":true,"userId":"67f74738ba8288c3757139c6"}
[14:36:49 01/07/2025] [DEBUG] Request authentication | Meta: {"url":"/images/default-profile.png","method":"GET","isAuthenticated":true,"isAdmin":true,"userId":"67f74738ba8288c3757139c6"}
[14:36:50 01/07/2025] [DEBUG] Request authentication | Meta: {"url":"/","method":"GET","isAuthenticated":true,"isAdmin":true,"userId":"67f74738ba8288c3757139c6"}
[14:36:52 01/07/2025] [DEBUG] Request authentication | Meta: {"url":"/admin","method":"GET","isAuthenticated":true,"isAdmin":true,"userId":"67f74738ba8288c3757139c6"}
[14:36:55 01/07/2025] [DEBUG] Request authentication | Meta: {"url":"/profile","method":"GET","isAuthenticated":true,"isAdmin":true,"userId":"67f74738ba8288c3757139c6"}
[14:36:56 01/07/2025] [DEBUG] Request authentication | Meta: {"url":"/images/default-profile.png","method":"GET","isAuthenticated":true,"isAdmin":true,"userId":"67f74738ba8288c3757139c6"}
[14:36:57 01/07/2025] [DEBUG] Request authentication | Meta: {"url":"/","method":"GET","isAuthenticated":true,"isAdmin":true,"userId":"67f74738ba8288c3757139c6"}
[14:38:51 01/07/2025] [DEBUG] Request authentication | Meta: {"url":"/","method":"GET","isAuthenticated":true,"isAdmin":true,"userId":"67f74738ba8288c3757139c6"}
[14:39:44 01/07/2025] [DEBUG] Request authentication | Meta: {"url":"/","method":"GET","isAuthenticated":true,"isAdmin":true,"userId":"67f74738ba8288c3757139c6"}
[14:39:46 01/07/2025] [DEBUG] Request authentication | Meta: {"url":"/","method":"GET","isAuthenticated":true,"isAdmin":true,"userId":"67f74738ba8288c3757139c6"}
[14:39:55 01/07/2025] [DEBUG] Request authentication | Meta: {"url":"/","method":"GET","isAuthenticated":true,"isAdmin":true,"userId":"67f74738ba8288c3757139c6"}
[14:39:58 01/07/2025] [DEBUG] Request authentication | Meta: {"url":"/","method":"GET","isAuthenticated":true,"isAdmin":true,"userId":"67f74738ba8288c3757139c6"}
[14:39:59 01/07/2025] [DEBUG] Request authentication | Meta: {"url":"/products","method":"GET","isAuthenticated":true,"isAdmin":true,"userId":"67f74738ba8288c3757139c6"}
[14:39:59 01/07/2025] [DEBUG] Request authentication | Meta: {"url":"/categories","method":"GET","isAuthenticated":true,"isAdmin":true,"userId":"67f74738ba8288c3757139c6"}
[14:40:00 01/07/2025] [DEBUG] Request authentication | Meta: {"url":"/about","method":"GET","isAuthenticated":true,"isAdmin":true,"userId":"67f74738ba8288c3757139c6"}
[14:40:03 01/07/2025] [DEBUG] Request authentication | Meta: {"url":"/","method":"GET","isAuthenticated":true,"isAdmin":true,"userId":"67f74738ba8288c3757139c6"}
[14:40:07 01/07/2025] [DEBUG] Request authentication | Meta: {"url":"/","method":"GET","isAuthenticated":true,"isAdmin":true,"userId":"67f74738ba8288c3757139c6"}
[14:42:33 01/07/2025] [DEBUG] Request authentication | Meta: {"url":"/","method":"GET","isAuthenticated":true,"isAdmin":true,"userId":"67f74738ba8288c3757139c6"}
[14:42:40 01/07/2025] [DEBUG] Request authentication | Meta: {"url":"/admin/products","method":"GET","isAuthenticated":true,"isAdmin":true,"userId":"67f74738ba8288c3757139c6"}
[14:42:43 01/07/2025] [DEBUG] Request authentication | Meta: {"url":"/admin/orders","method":"GET","isAuthenticated":true,"isAdmin":true,"userId":"67f74738ba8288c3757139c6"}
[14:42:45 01/07/2025] [DEBUG] Request authentication | Meta: {"url":"/profile","method":"GET","isAuthenticated":true,"isAdmin":true,"userId":"67f74738ba8288c3757139c6"}
[14:42:45 01/07/2025] [DEBUG] Request authentication | Meta: {"url":"/images/default-profile.png","method":"GET","isAuthenticated":true,"isAdmin":true,"userId":"67f74738ba8288c3757139c6"}
[14:42:47 01/07/2025] [DEBUG] Request authentication | Meta: {"url":"/orders","method":"GET","isAuthenticated":true,"isAdmin":true,"userId":"67f74738ba8288c3757139c6"}
[14:42:49 01/07/2025] [DEBUG] Request authentication | Meta: {"url":"/profile/change-password","method":"GET","isAuthenticated":true,"isAdmin":true,"userId":"67f74738ba8288c3757139c6"}
[14:42:55 01/07/2025] [DEBUG] Request authentication | Meta: {"url":"/orders","method":"GET","isAuthenticated":true,"isAdmin":true,"userId":"67f74738ba8288c3757139c6"}
[14:43:55 01/07/2025] [DEBUG] Request authentication | Meta: {"url":"/orders","method":"GET","isAuthenticated":true,"isAdmin":true,"userId":"67f74738ba8288c3757139c6"}
[14:48:13 01/07/2025] [DEBUG] Request authentication | Meta: {"url":"/orders","method":"GET","isAuthenticated":true,"isAdmin":true,"userId":"67f74738ba8288c3757139c6"}
[14:48:14 01/07/2025] [DEBUG] Request authentication | Meta: {"url":"/","method":"GET","isAuthenticated":true,"isAdmin":true,"userId":"67f74738ba8288c3757139c6"}
[14:48:15 01/07/2025] [DEBUG] Request authentication | Meta: {"url":"/","method":"GET","isAuthenticated":true,"isAdmin":true,"userId":"67f74738ba8288c3757139c6"}
[14:48:16 01/07/2025] [DEBUG] Request authentication | Meta: {"url":"/products","method":"GET","isAuthenticated":true,"isAdmin":true,"userId":"67f74738ba8288c3757139c6"}
[14:48:19 01/07/2025] [DEBUG] Request authentication | Meta: {"url":"/profile","method":"GET","isAuthenticated":true,"isAdmin":true,"userId":"67f74738ba8288c3757139c6"}
[14:48:19 01/07/2025] [DEBUG] Request authentication | Meta: {"url":"/images/default-profile.png","method":"GET","isAuthenticated":true,"isAdmin":true,"userId":"67f74738ba8288c3757139c6"}
[14:48:26 01/07/2025] [DEBUG] Request authentication | Meta: {"url":"/admin/add-product","method":"GET","isAuthenticated":true,"isAdmin":true,"userId":"67f74738ba8288c3757139c6"}
[14:48:31 01/07/2025] [DEBUG] Request authentication | Meta: {"url":"/products","method":"GET","isAuthenticated":true,"isAdmin":true,"userId":"67f74738ba8288c3757139c6"}
[14:48:32 01/07/2025] [DEBUG] Request authentication | Meta: {"url":"/categories","method":"GET","isAuthenticated":true,"isAdmin":true,"userId":"67f74738ba8288c3757139c6"}
[14:48:33 01/07/2025] [DEBUG] Request authentication | Meta: {"url":"/about","method":"GET","isAuthenticated":true,"isAdmin":true,"userId":"67f74738ba8288c3757139c6"}
[14:48:34 01/07/2025] [DEBUG] Request authentication | Meta: {"url":"/contact","method":"GET","isAuthenticated":true,"isAdmin":true,"userId":"67f74738ba8288c3757139c6"}
[14:48:38 01/07/2025] [DEBUG] Request authentication | Meta: {"url":"/logout","method":"POST","isAuthenticated":true,"isAdmin":true,"userId":"67f74738ba8288c3757139c6"}
[14:48:38 01/07/2025] [DEBUG] Request authentication | Meta: {"url":"/","method":"GET","isAuthenticated":false,"userId":null}
[14:48:41 01/07/2025] [DEBUG] Request authentication | Meta: {"url":"/login","method":"GET","isAuthenticated":false,"userId":null}
[14:48:54 01/07/2025] [DEBUG] Request authentication | Meta: {"url":"/signup","method":"GET","isAuthenticated":false,"userId":null}
[14:51:33 01/07/2025] [DEBUG] Request authentication | Meta: {"url":"/","method":"GET","isAuthenticated":false,"userId":null}
[14:53:28 01/07/2025] [DEBUG] Request authentication | Meta: {"url":"/products","method":"GET","isAuthenticated":false,"userId":null}
[14:53:29 01/07/2025] [DEBUG] Request authentication | Meta: {"url":"/","method":"GET","isAuthenticated":false,"userId":null}
[14:55:50 01/07/2025] [DEBUG] Request authentication | Meta: {"url":"/login","method":"GET","isAuthenticated":false,"userId":null}
[14:55:53 01/07/2025] [DEBUG] Request authentication | Meta: {"url":"/signup","method":"GET","isAuthenticated":false,"userId":null}
[14:56:17 01/07/2025] [DEBUG] Request authentication | Meta: {"url":"/signup","method":"POST","isAuthenticated":false,"userId":null}
[15:03:24 01/07/2025] [DEBUG] Request authentication | Meta: {"url":"/signup","method":"GET","isAuthenticated":false,"userId":null}
[15:03:29 01/07/2025] [DEBUG] Request authentication | Meta: {"url":"/","method":"GET","isAuthenticated":false,"userId":null}
[15:03:31 01/07/2025] [DEBUG] Request authentication | Meta: {"url":"/login","method":"GET","isAuthenticated":false,"userId":null}
[15:03:33 01/07/2025] [DEBUG] Request authentication | Meta: {"url":"/login","method":"GET","isAuthenticated":false,"userId":null}
[15:03:34 01/07/2025] [DEBUG] Request authentication | Meta: {"url":"/login","method":"GET","isAuthenticated":false,"userId":null}
[15:03:35 01/07/2025] [DEBUG] Request authentication | Meta: {"url":"/","method":"GET","isAuthenticated":false,"userId":null}
[15:03:36 01/07/2025] [DEBUG] Request authentication | Meta: {"url":"/login","method":"GET","isAuthenticated":false,"userId":null}
[15:03:38 01/07/2025] [DEBUG] Request authentication | Meta: {"url":"/signup","method":"GET","isAuthenticated":false,"userId":null}
[15:04:05 01/07/2025] [DEBUG] Request authentication | Meta: {"url":"/signup","method":"POST","isAuthenticated":false,"userId":null}
[15:04:10 01/07/2025] [DEBUG] Request authentication | Meta: {"url":"/signup","method":"GET","isAuthenticated":false,"userId":null}
[15:04:12 01/07/2025] [DEBUG] Request authentication | Meta: {"url":"/","method":"GET","isAuthenticated":false,"userId":null}
[15:04:13 01/07/2025] [DEBUG] Request authentication | Meta: {"url":"/login","method":"GET","isAuthenticated":false,"userId":null}
[15:04:24 01/07/2025] [DEBUG] Request authentication | Meta: {"url":"/login","method":"POST","isAuthenticated":false,"userId":null}
[15:06:04 01/07/2025] [DEBUG] Request authentication | Meta: {"url":"/signup","method":"GET","isAuthenticated":false,"userId":null}
[15:06:06 01/07/2025] [DEBUG] Request authentication | Meta: {"url":"/.well-known/appspecific/com.chrome.devtools.json","method":"GET","isAuthenticated":false,"userId":null}
[15:06:40 01/07/2025] [DEBUG] Request authentication | Meta: {"url":"/signup","method":"POST","isAuthenticated":false,"userId":null}
[15:06:40 01/07/2025] [DEBUG] Request authentication | Meta: {"url":"/.well-known/appspecific/com.chrome.devtools.json","method":"GET","isAuthenticated":false,"userId":null}
[15:09:05 01/07/2025] [DEBUG] Request authentication | Meta: {"url":"/signup","method":"POST","isAuthenticated":false,"userId":null}
[15:09:06 01/07/2025] [DEBUG] Request authentication | Meta: {"url":"/","method":"GET","isAuthenticated":true,"isAdmin":false,"userId":"686397a19089138cb1129336"}
[15:09:06 01/07/2025] [DEBUG] Request authentication | Meta: {"url":"/.well-known/appspecific/com.chrome.devtools.json","method":"GET","isAuthenticated":true,"isAdmin":false,"userId":"686397a19089138cb1129336"}
[15:09:11 01/07/2025] [DEBUG] Request authentication | Meta: {"url":"/","method":"GET","isAuthenticated":true,"isAdmin":false,"userId":"686397a19089138cb1129336"}
[15:09:12 01/07/2025] [DEBUG] Request authentication | Meta: {"url":"/.well-known/appspecific/com.chrome.devtools.json","method":"GET","isAuthenticated":true,"isAdmin":false,"userId":"686397a19089138cb1129336"}
[15:09:24 01/07/2025] [DEBUG] Request authentication | Meta: {"url":"/","method":"GET","isAuthenticated":true,"isAdmin":false,"userId":"686397a19089138cb1129336"}
[15:09:29 01/07/2025] [DEBUG] Request authentication | Meta: {"url":"/orders","method":"GET","isAuthenticated":true,"isAdmin":false,"userId":"686397a19089138cb1129336"}
[15:10:29 01/07/2025] [DEBUG] Request authentication | Meta: {"url":"/orders","method":"GET","isAuthenticated":true,"isAdmin":false,"userId":"686397a19089138cb1129336"}
[15:10:50 01/07/2025] [DEBUG] Request authentication | Meta: {"url":"/orders","method":"GET","isAuthenticated":true,"isAdmin":false,"userId":"686397a19089138cb1129336"}
[15:13:10 01/07/2025] [DEBUG] Request authentication | Meta: {"url":"/orders","method":"GET","isAuthenticated":true,"isAdmin":false,"userId":"686397a19089138cb1129336"}
[15:13:18 01/07/2025] [DEBUG] Request authentication | Meta: {"url":"/orders","method":"GET","isAuthenticated":true,"isAdmin":false,"userId":"686397a19089138cb1129336"}
[15:14:18 01/07/2025] [DEBUG] Request authentication | Meta: {"url":"/orders","method":"GET","isAuthenticated":true,"isAdmin":false,"userId":"686397a19089138cb1129336"}
[15:15:19 01/07/2025] [DEBUG] Request authentication | Meta: {"url":"/orders","method":"GET","isAuthenticated":true,"isAdmin":false,"userId":"686397a19089138cb1129336"}
[15:16:02 01/07/2025] [DEBUG] Request authentication | Meta: {"url":"/orders","method":"GET","isAuthenticated":true,"isAdmin":false,"userId":"686397a19089138cb1129336"}
[15:16:44 01/07/2025] [DEBUG] Request authentication | Meta: {"url":"/","method":"GET","isAuthenticated":true,"isAdmin":false,"userId":"686397a19089138cb1129336"}
[15:17:03 01/07/2025] [DEBUG] Request authentication | Meta: {"url":"/products","method":"GET","isAuthenticated":true,"isAdmin":false,"userId":"686397a19089138cb1129336"}
[15:17:33 01/07/2025] [DEBUG] Request authentication | Meta: {"url":"/","method":"GET","isAuthenticated":true,"isAdmin":false,"userId":"686397a19089138cb1129336"}
[15:17:41 01/07/2025] [DEBUG] Request authentication | Meta: {"url":"/products","method":"GET","isAuthenticated":true,"isAdmin":false,"userId":"686397a19089138cb1129336"}
[15:17:41 01/07/2025] [DEBUG] Request authentication | Meta: {"url":"/categories","method":"GET","isAuthenticated":true,"isAdmin":false,"userId":"686397a19089138cb1129336"}
[15:17:42 01/07/2025] [DEBUG] Request authentication | Meta: {"url":"/about","method":"GET","isAuthenticated":true,"isAdmin":false,"userId":"686397a19089138cb1129336"}
[15:17:43 01/07/2025] [DEBUG] Request authentication | Meta: {"url":"/contact","method":"GET","isAuthenticated":true,"isAdmin":false,"userId":"686397a19089138cb1129336"}
[15:17:44 01/07/2025] [DEBUG] Request authentication | Meta: {"url":"/cart","method":"GET","isAuthenticated":true,"isAdmin":false,"userId":"686397a19089138cb1129336"}
[15:17:46 01/07/2025] [DEBUG] Request authentication | Meta: {"url":"/profile","method":"GET","isAuthenticated":true,"isAdmin":false,"userId":"686397a19089138cb1129336"}
[15:17:46 01/07/2025] [DEBUG] Request authentication | Meta: {"url":"/images/default-profile.png","method":"GET","isAuthenticated":true,"isAdmin":false,"userId":"686397a19089138cb1129336"}
[15:17:48 01/07/2025] [DEBUG] Request authentication | Meta: {"url":"/orders","method":"GET","isAuthenticated":true,"isAdmin":false,"userId":"686397a19089138cb1129336"}
[15:17:52 01/07/2025] [DEBUG] Request authentication | Meta: {"url":"/orders","method":"GET","isAuthenticated":true,"isAdmin":false,"userId":"686397a19089138cb1129336"}
[15:17:54 01/07/2025] [DEBUG] Request authentication | Meta: {"url":"/.well-known/appspecific/com.chrome.devtools.json","method":"GET","isAuthenticated":true,"isAdmin":false,"userId":"686397a19089138cb1129336"}
[15:18:52 01/07/2025] [DEBUG] Request authentication | Meta: {"url":"/orders","method":"GET","isAuthenticated":true,"isAdmin":false,"userId":"686397a19089138cb1129336"}
[15:18:52 01/07/2025] [DEBUG] Request authentication | Meta: {"url":"/.well-known/appspecific/com.chrome.devtools.json","method":"GET","isAuthenticated":true,"isAdmin":false,"userId":"686397a19089138cb1129336"}
[15:18:56 01/07/2025] [DEBUG] Request authentication | Meta: {"url":"/","method":"GET","isAuthenticated":true,"isAdmin":false,"userId":"686397a19089138cb1129336"}
[15:18:58 01/07/2025] [DEBUG] Request authentication | Meta: {"url":"/orders","method":"GET","isAuthenticated":true,"isAdmin":false,"userId":"686397a19089138cb1129336"}
[15:19:37 01/07/2025] [DEBUG] Request authentication | Meta: {"url":"/orders","method":"GET","isAuthenticated":true,"isAdmin":false,"userId":"686397a19089138cb1129336"}
[15:20:37 01/07/2025] [DEBUG] Request authentication | Meta: {"url":"/orders","method":"GET","isAuthenticated":true,"isAdmin":false,"userId":"686397a19089138cb1129336"}
[15:21:15 01/07/2025] [DEBUG] Request authentication | Meta: {"url":"/orders","method":"GET","isAuthenticated":true,"isAdmin":false,"userId":"686397a19089138cb1129336"}
[15:21:22 01/07/2025] [DEBUG] Request authentication | Meta: {"url":"/orders","method":"GET","isAuthenticated":true,"isAdmin":false,"userId":"686397a19089138cb1129336"}
[15:21:24 01/07/2025] [DEBUG] Request authentication | Meta: {"url":"/categories","method":"GET","isAuthenticated":true,"isAdmin":false,"userId":"686397a19089138cb1129336"}
[15:21:25 01/07/2025] [DEBUG] Request authentication | Meta: {"url":"/about","method":"GET","isAuthenticated":true,"isAdmin":false,"userId":"686397a19089138cb1129336"}
[15:21:26 01/07/2025] [DEBUG] Request authentication | Meta: {"url":"/contact","method":"GET","isAuthenticated":true,"isAdmin":false,"userId":"686397a19089138cb1129336"}
[15:21:27 01/07/2025] [DEBUG] Request authentication | Meta: {"url":"/products","method":"GET","isAuthenticated":true,"isAdmin":false,"userId":"686397a19089138cb1129336"}
[15:21:28 01/07/2025] [DEBUG] Request authentication | Meta: {"url":"/","method":"GET","isAuthenticated":true,"isAdmin":false,"userId":"686397a19089138cb1129336"}
[15:21:29 01/07/2025] [DEBUG] Request authentication | Meta: {"url":"/","method":"GET","isAuthenticated":true,"isAdmin":false,"userId":"686397a19089138cb1129336"}
[15:21:31 01/07/2025] [DEBUG] Request authentication | Meta: {"url":"/profile/change-password","method":"GET","isAuthenticated":true,"isAdmin":false,"userId":"686397a19089138cb1129336"}
[15:21:33 01/07/2025] [DEBUG] Request authentication | Meta: {"url":"/profile","method":"GET","isAuthenticated":true,"isAdmin":false,"userId":"686397a19089138cb1129336"}
[15:21:33 01/07/2025] [DEBUG] Request authentication | Meta: {"url":"/images/default-profile.png","method":"GET","isAuthenticated":true,"isAdmin":false,"userId":"686397a19089138cb1129336"}
[15:21:42 01/07/2025] [DEBUG] Request authentication | Meta: {"url":"/profile/change-password","method":"GET","isAuthenticated":true,"isAdmin":false,"userId":"686397a19089138cb1129336"}
[15:21:45 01/07/2025] [DEBUG] Request authentication | Meta: {"url":"/profile","method":"GET","isAuthenticated":true,"isAdmin":false,"userId":"686397a19089138cb1129336"}
[15:21:45 01/07/2025] [DEBUG] Request authentication | Meta: {"url":"/images/default-profile.png","method":"GET","isAuthenticated":true,"isAdmin":false,"userId":"686397a19089138cb1129336"}
[15:21:46 01/07/2025] [DEBUG] Request authentication | Meta: {"url":"/profile/change-password","method":"GET","isAuthenticated":true,"isAdmin":false,"userId":"686397a19089138cb1129336"}
[15:21:51 01/07/2025] [DEBUG] Request authentication | Meta: {"url":"/orders","method":"GET","isAuthenticated":true,"isAdmin":false,"userId":"686397a19089138cb1129336"}
[15:22:52 01/07/2025] [DEBUG] Request authentication | Meta: {"url":"/orders","method":"GET","isAuthenticated":true,"isAdmin":false,"userId":"686397a19089138cb1129336"}
[15:24:55 01/07/2025] [DEBUG] Request authentication | Meta: {"url":"/orders","method":"GET","isAuthenticated":true,"isAdmin":false,"userId":"686397a19089138cb1129336"}
[15:24:56 01/07/2025] [DEBUG] Request authentication | Meta: {"url":"/orders","method":"GET","isAuthenticated":true,"isAdmin":false,"userId":"686397a19089138cb1129336"}
[15:24:58 01/07/2025] [DEBUG] Request authentication | Meta: {"url":"/","method":"GET","isAuthenticated":true,"isAdmin":false,"userId":"686397a19089138cb1129336"}
[15:25:00 01/07/2025] [DEBUG] Request authentication | Meta: {"url":"/orders","method":"GET","isAuthenticated":true,"isAdmin":false,"userId":"686397a19089138cb1129336"}
[15:26:44 01/07/2025] [DEBUG] Request authentication | Meta: {"url":"/orders","method":"GET","isAuthenticated":true,"isAdmin":false,"userId":"686397a19089138cb1129336"}
[15:26:46 01/07/2025] [DEBUG] Request authentication | Meta: {"url":"/","method":"GET","isAuthenticated":true,"isAdmin":false,"userId":"686397a19089138cb1129336"}
[15:26:47 01/07/2025] [DEBUG] Request authentication | Meta: {"url":"/products","method":"GET","isAuthenticated":true,"isAdmin":false,"userId":"686397a19089138cb1129336"}
[15:26:48 01/07/2025] [DEBUG] Request authentication | Meta: {"url":"/categories","method":"GET","isAuthenticated":true,"isAdmin":false,"userId":"686397a19089138cb1129336"}
[15:26:48 01/07/2025] [DEBUG] Request authentication | Meta: {"url":"/about","method":"GET","isAuthenticated":true,"isAdmin":false,"userId":"686397a19089138cb1129336"}
[15:26:48 01/07/2025] [DEBUG] Request authentication | Meta: {"url":"/contact","method":"GET","isAuthenticated":true,"isAdmin":false,"userId":"686397a19089138cb1129336"}
[15:26:50 01/07/2025] [DEBUG] Request authentication | Meta: {"url":"/profile","method":"GET","isAuthenticated":true,"isAdmin":false,"userId":"686397a19089138cb1129336"}
[15:26:50 01/07/2025] [DEBUG] Request authentication | Meta: {"url":"/images/default-profile.png","method":"GET","isAuthenticated":true,"isAdmin":false,"userId":"686397a19089138cb1129336"}
[15:26:52 01/07/2025] [DEBUG] Request authentication | Meta: {"url":"/orders","method":"GET","isAuthenticated":true,"isAdmin":false,"userId":"686397a19089138cb1129336"}
[15:26:55 01/07/2025] [DEBUG] Request authentication | Meta: {"url":"/profile/change-password","method":"GET","isAuthenticated":true,"isAdmin":false,"userId":"686397a19089138cb1129336"}
[15:27:00 01/07/2025] [DEBUG] Request authentication | Meta: {"url":"/orders","method":"GET","isAuthenticated":true,"isAdmin":false,"userId":"686397a19089138cb1129336"}
[15:27:01 01/07/2025] [DEBUG] Request authentication | Meta: {"url":"/products","method":"GET","isAuthenticated":true,"isAdmin":false,"userId":"686397a19089138cb1129336"}
[15:28:08 01/07/2025] [DEBUG] Request authentication | Meta: {"url":"/","method":"GET","isAuthenticated":true,"isAdmin":false,"userId":"686397a19089138cb1129336"}
[15:28:09 01/07/2025] [DEBUG] Request authentication | Meta: {"url":"/profile","method":"GET","isAuthenticated":true,"isAdmin":false,"userId":"686397a19089138cb1129336"}
[15:28:10 01/07/2025] [DEBUG] Request authentication | Meta: {"url":"/images/default-profile.png","method":"GET","isAuthenticated":true,"isAdmin":false,"userId":"686397a19089138cb1129336"}
[15:28:14 01/07/2025] [DEBUG] Request authentication | Meta: {"url":"/profile/change-password","method":"GET","isAuthenticated":true,"isAdmin":false,"userId":"686397a19089138cb1129336"}
[15:29:30 01/07/2025] [DEBUG] Request authentication | Meta: {"url":"/","method":"GET","isAuthenticated":true,"isAdmin":false,"userId":"686397a19089138cb1129336"}
[15:29:31 01/07/2025] [DEBUG] Request authentication | Meta: {"url":"/","method":"GET","isAuthenticated":true,"isAdmin":false,"userId":"686397a19089138cb1129336"}
[15:29:33 01/07/2025] [DEBUG] Request authentication | Meta: {"url":"/","method":"GET","isAuthenticated":true,"isAdmin":false,"userId":"686397a19089138cb1129336"}
[15:32:07 01/07/2025] [DEBUG] Request authentication | Meta: {"url":"/","method":"GET","isAuthenticated":true,"isAdmin":false,"userId":"686397a19089138cb1129336"}
[15:32:10 01/07/2025] [DEBUG] Request authentication | Meta: {"url":"/profile/change-password","method":"GET","isAuthenticated":true,"isAdmin":false,"userId":"686397a19089138cb1129336"}
[15:32:12 01/07/2025] [DEBUG] Request authentication | Meta: {"url":"/profile","method":"GET","isAuthenticated":true,"isAdmin":false,"userId":"686397a19089138cb1129336"}
[15:32:12 01/07/2025] [DEBUG] Request authentication | Meta: {"url":"/images/default-profile.png","method":"GET","isAuthenticated":true,"isAdmin":false,"userId":"686397a19089138cb1129336"}
[15:32:15 01/07/2025] [DEBUG] Request authentication | Meta: {"url":"/","method":"GET","isAuthenticated":true,"isAdmin":false,"userId":"686397a19089138cb1129336"}
[15:33:06 01/07/2025] [DEBUG] Request authentication | Meta: {"url":"/","method":"GET","isAuthenticated":true,"isAdmin":false,"userId":"686397a19089138cb1129336"}
[15:33:11 01/07/2025] [DEBUG] Request authentication | Meta: {"url":"/profile/change-password","method":"GET","isAuthenticated":true,"isAdmin":false,"userId":"686397a19089138cb1129336"}
[15:33:13 01/07/2025] [DEBUG] Request authentication | Meta: {"url":"/profile","method":"GET","isAuthenticated":true,"isAdmin":false,"userId":"686397a19089138cb1129336"}
[15:33:13 01/07/2025] [DEBUG] Request authentication | Meta: {"url":"/images/default-profile.png","method":"GET","isAuthenticated":true,"isAdmin":false,"userId":"686397a19089138cb1129336"}
[15:33:16 01/07/2025] [DEBUG] Request authentication | Meta: {"url":"/products","method":"GET","isAuthenticated":true,"isAdmin":false,"userId":"686397a19089138cb1129336"}
[15:33:16 01/07/2025] [DEBUG] Request authentication | Meta: {"url":"/categories","method":"GET","isAuthenticated":true,"isAdmin":false,"userId":"686397a19089138cb1129336"}
[15:33:17 01/07/2025] [DEBUG] Request authentication | Meta: {"url":"/about","method":"GET","isAuthenticated":true,"isAdmin":false,"userId":"686397a19089138cb1129336"}
[15:33:17 01/07/2025] [DEBUG] Request authentication | Meta: {"url":"/contact","method":"GET","isAuthenticated":true,"isAdmin":false,"userId":"686397a19089138cb1129336"}
[15:33:18 01/07/2025] [DEBUG] Request authentication | Meta: {"url":"/","method":"GET","isAuthenticated":true,"isAdmin":false,"userId":"686397a19089138cb1129336"}
