[09:58:46 28/06/2025] [DEBUG] Request authentication | Meta: {"url":"/","method":"GET","isAuthenticated":false,"userId":null}
[09:58:47 28/06/2025] [DEBUG] Request authentication | Meta: {"url":"/images/products/1750852694277-129355523.jpg","method":"GET","isAuthenticated":false,"userId":null}
[09:58:47 28/06/2025] [DEBUG] Request authentication | Meta: {"url":"/images/products/1750852745598-525627480.jpg","method":"GET","isAuthenticated":false,"userId":null}
[09:58:51 28/06/2025] [DEBUG] Request authentication | Meta: {"url":"/favicon.ico","method":"GET","isAuthenticated":false,"userId":null}
[09:59:04 28/06/2025] [DEBUG] Request authentication | Meta: {"url":"/categories","method":"GET","isAuthenticated":false,"userId":null}
[09:59:07 28/06/2025] [DEBUG] Request authentication | Meta: {"url":"/","method":"GET","isAuthenticated":false,"userId":null}
[09:59:07 28/06/2025] [DEBUG] Request authentication | Meta: {"url":"/images/products/1750852745598-525627480.jpg","method":"GET","isAuthenticated":false,"userId":null}
[09:59:07 28/06/2025] [DEBUG] Request authentication | Meta: {"url":"/images/products/1750852694277-129355523.jpg","method":"GET","isAuthenticated":false,"userId":null}
[09:59:46 28/06/2025] [DEBUG] Request authentication | Meta: {"url":"/login","method":"GET","isAuthenticated":false,"userId":null}
[10:00:04 28/06/2025] [DEBUG] Request authentication | Meta: {"url":"/login","method":"GET","isAuthenticated":false,"userId":null}
[10:00:05 28/06/2025] [DEBUG] Request authentication | Meta: {"url":"/login","method":"POST","isAuthenticated":false,"userId":null}
[10:00:06 28/06/2025] [DEBUG] Request authentication | Meta: {"url":"/","method":"GET","isAuthenticated":true,"isAdmin":false,"userId":"67f74738ba8288c3757139c7"}
[10:00:06 28/06/2025] [DEBUG] Request authentication | Meta: {"url":"/images/products/1750852694277-129355523.jpg","method":"GET","isAuthenticated":true,"isAdmin":false,"userId":"67f74738ba8288c3757139c7"}
[10:00:06 28/06/2025] [DEBUG] Request authentication | Meta: {"url":"/images/products/1750852745598-525627480.jpg","method":"GET","isAuthenticated":true,"isAdmin":false,"userId":"67f74738ba8288c3757139c7"}
[10:01:43 28/06/2025] [DEBUG] Request authentication | Meta: {"url":"/","method":"GET","isAuthenticated":false,"userId":null}
[10:01:44 28/06/2025] [DEBUG] Request authentication | Meta: {"url":"/images/products/1750839116777-55202736.jpg","method":"GET","isAuthenticated":false,"userId":null}
[10:01:45 28/06/2025] [DEBUG] Request authentication | Meta: {"url":"/images/products/1745422825864-5162768.jpg","method":"GET","isAuthenticated":false,"userId":null}
[10:01:49 28/06/2025] [DEBUG] Request authentication | Meta: {"url":"/login","method":"GET","isAuthenticated":false,"userId":null}
[10:01:50 28/06/2025] [DEBUG] Request authentication | Meta: {"url":"/login","method":"POST","isAuthenticated":false,"userId":null}
[10:01:50 28/06/2025] [DEBUG] Request authentication | Meta: {"url":"/","method":"GET","isAuthenticated":true,"isAdmin":false,"userId":"67f74738ba8288c3757139c7"}
[10:01:50 28/06/2025] [DEBUG] Request authentication | Meta: {"url":"/images/products/1745422825864-5162768.jpg","method":"GET","isAuthenticated":true,"isAdmin":false,"userId":"67f74738ba8288c3757139c7"}
[10:01:51 28/06/2025] [DEBUG] Request authentication | Meta: {"url":"/images/products/1750839116777-55202736.jpg","method":"GET","isAuthenticated":true,"isAdmin":false,"userId":"67f74738ba8288c3757139c7"}
[10:04:08 28/06/2025] [DEBUG] Request authentication | Meta: {"url":"/","method":"GET","isAuthenticated":true,"isAdmin":false,"userId":"67f74738ba8288c3757139c7"}
[10:04:47 28/06/2025] [DEBUG] Request authentication | Meta: {"url":"/","method":"GET","isAuthenticated":true,"isAdmin":false,"userId":"67f74738ba8288c3757139c7"}
[10:04:52 28/06/2025] [DEBUG] Request authentication | Meta: {"url":"/login","method":"GET","isAuthenticated":true,"isAdmin":false,"userId":"67f74738ba8288c3757139c7"}
[10:05:26 28/06/2025] [DEBUG] Request authentication | Meta: {"url":"/login","method":"POST","isAuthenticated":true,"isAdmin":false,"userId":"67f74738ba8288c3757139c7"}
[10:05:27 28/06/2025] [DEBUG] Request authentication | Meta: {"url":"/","method":"GET","isAuthenticated":true,"isAdmin":false,"userId":"67f74738ba8288c3757139c7"}
[10:05:42 28/06/2025] [DEBUG] Request authentication | Meta: {"url":"/.well-known/appspecific/com.chrome.devtools.json","method":"GET","isAuthenticated":true,"isAdmin":false,"userId":"67f74738ba8288c3757139c7"}
[10:06:08 28/06/2025] [DEBUG] Request authentication | Meta: {"url":"/login","method":"GET","isAuthenticated":true,"isAdmin":false,"userId":"67f74738ba8288c3757139c7"}
[10:06:22 28/06/2025] [DEBUG] Request authentication | Meta: {"url":"/login","method":"POST","isAuthenticated":true,"isAdmin":false,"userId":"67f74738ba8288c3757139c7"}
[10:06:23 28/06/2025] [DEBUG] Request authentication | Meta: {"url":"/","method":"GET","isAuthenticated":true,"isAdmin":true,"userId":"67f74738ba8288c3757139c6"}
[10:06:31 28/06/2025] [DEBUG] Request authentication | Meta: {"url":"/login","method":"GET","isAuthenticated":true,"isAdmin":true,"userId":"67f74738ba8288c3757139c6"}
[10:06:34 28/06/2025] [DEBUG] Request authentication | Meta: {"url":"/login","method":"POST","isAuthenticated":true,"isAdmin":true,"userId":"67f74738ba8288c3757139c6"}
[10:06:34 28/06/2025] [DEBUG] Request authentication | Meta: {"url":"/","method":"GET","isAuthenticated":true,"isAdmin":false,"userId":"67f74738ba8288c3757139c7"}
[10:06:38 28/06/2025] [DEBUG] Request authentication | Meta: {"url":"/cart/add","method":"POST","isAuthenticated":true,"isAdmin":false,"userId":"67f74738ba8288c3757139c7"}
[10:06:42 28/06/2025] [DEBUG] Request authentication | Meta: {"url":"/cart","method":"GET","isAuthenticated":true,"isAdmin":false,"userId":"67f74738ba8288c3757139c7"}
[10:06:45 28/06/2025] [DEBUG] Request authentication | Meta: {"url":"/cart-delete-item","method":"POST","isAuthenticated":true,"isAdmin":false,"userId":"67f74738ba8288c3757139c7"}
[10:06:45 28/06/2025] [DEBUG] Request authentication | Meta: {"url":"/cart","method":"GET","isAuthenticated":true,"isAdmin":false,"userId":"67f74738ba8288c3757139c7"}
[10:06:46 28/06/2025] [DEBUG] Request authentication | Meta: {"url":"/cart-delete-item","method":"POST","isAuthenticated":true,"isAdmin":false,"userId":"67f74738ba8288c3757139c7"}
[10:06:47 28/06/2025] [DEBUG] Request authentication | Meta: {"url":"/cart","method":"GET","isAuthenticated":true,"isAdmin":false,"userId":"67f74738ba8288c3757139c7"}
[10:06:48 28/06/2025] [DEBUG] Request authentication | Meta: {"url":"/checkout","method":"GET","isAuthenticated":true,"isAdmin":false,"userId":"67f74738ba8288c3757139c7"}
[10:07:05 28/06/2025] [DEBUG] Request authentication | Meta: {"url":"/vnpay/create-payment","method":"POST","isAuthenticated":true,"isAdmin":false,"userId":"67f74738ba8288c3757139c7"}
[10:08:59 28/06/2025] [DEBUG] Request authentication | Meta: {"url":"/orders","method":"POST","isAuthenticated":true,"isAdmin":false,"userId":"67f74738ba8288c3757139c7"}
[10:11:08 28/06/2025] [DEBUG] Request authentication | Meta: {"url":"/checkout","method":"GET","isAuthenticated":true,"isAdmin":false,"userId":"67f74738ba8288c3757139c7"}
[10:11:58 28/06/2025] [DEBUG] Request authentication | Meta: {"url":"/vnpay/create-payment","method":"POST","isAuthenticated":true,"isAdmin":false,"userId":"67f74738ba8288c3757139c7"}
[10:17:26 28/06/2025] [DEBUG] Request authentication | Meta: {"url":"/","method":"GET","isAuthenticated":true,"isAdmin":false,"userId":"67f74738ba8288c3757139c7"}
[10:17:29 28/06/2025] [DEBUG] Request authentication | Meta: {"url":"/login","method":"GET","isAuthenticated":true,"isAdmin":false,"userId":"67f74738ba8288c3757139c7"}
[10:17:30 28/06/2025] [DEBUG] Request authentication | Meta: {"url":"/login","method":"POST","isAuthenticated":true,"isAdmin":false,"userId":"67f74738ba8288c3757139c7"}
[10:17:31 28/06/2025] [DEBUG] Request authentication | Meta: {"url":"/","method":"GET","isAuthenticated":true,"isAdmin":false,"userId":"67f74738ba8288c3757139c7"}
[10:17:40 28/06/2025] [DEBUG] Request authentication | Meta: {"url":"/cart/add","method":"POST","isAuthenticated":true,"isAdmin":false,"userId":"67f74738ba8288c3757139c7"}
[10:17:43 28/06/2025] [DEBUG] Request authentication | Meta: {"url":"/cart","method":"GET","isAuthenticated":true,"isAdmin":false,"userId":"67f74738ba8288c3757139c7"}
[10:17:45 28/06/2025] [DEBUG] Request authentication | Meta: {"url":"/checkout","method":"GET","isAuthenticated":true,"isAdmin":false,"userId":"67f74738ba8288c3757139c7"}
[10:17:55 28/06/2025] [DEBUG] Request authentication | Meta: {"url":"/vnpay/create-payment","method":"POST","isAuthenticated":true,"isAdmin":false,"userId":"67f74738ba8288c3757139c7"}
[10:18:29 28/06/2025] [DEBUG] Request authentication | Meta: {"url":"/vnpay/return?vnp_Amount=3200000&vnp_BankCode=VNPAY&vnp_CardType=QRCODE&vnp_OrderInfo=Thanh+to%C3%A1n+%C4%91%C6%A1n+h%C3%A0ng+685f5ee3dff3446f290c0d93&vnp_PayDate=20250628101844&vnp_ResponseCode=24&vnp_TmnCode=UWXDEI4Q&vnp_TransactionNo=0&vnp_TransactionStatus=02&vnp_TxnRef=685f5ee3dff3446f290c0d93&vnp_SecureHash=e81b4cd1fdba625f33fe36a83d38121ad6625e09b1685952565e7fd872df24ff6d2d5abb0012c6971312f23f45dae56424a501c328054dd61d2d4143e228f537","method":"GET","isAuthenticated":true,"isAdmin":false,"userId":"67f74738ba8288c3757139c7"}
[10:18:34 28/06/2025] [DEBUG] Request authentication | Meta: {"url":"/","method":"GET","isAuthenticated":true,"isAdmin":false,"userId":"67f74738ba8288c3757139c7"}
[10:18:55 28/06/2025] [DEBUG] Request authentication | Meta: {"url":"/login","method":"GET","isAuthenticated":true,"isAdmin":false,"userId":"67f74738ba8288c3757139c7"}
[10:18:58 28/06/2025] [DEBUG] Request authentication | Meta: {"url":"/logout","method":"POST","isAuthenticated":true,"isAdmin":false,"userId":"67f74738ba8288c3757139c7"}
[10:18:58 28/06/2025] [DEBUG] Request authentication | Meta: {"url":"/","method":"GET","isAuthenticated":false,"userId":null}
[10:18:59 28/06/2025] [DEBUG] Request authentication | Meta: {"url":"/login","method":"GET","isAuthenticated":false,"userId":null}
[10:19:03 28/06/2025] [DEBUG] Request authentication | Meta: {"url":"/login","method":"POST","isAuthenticated":false,"userId":null}
[10:19:03 28/06/2025] [DEBUG] Request authentication | Meta: {"url":"/","method":"GET","isAuthenticated":false,"userId":null}
[10:19:05 28/06/2025] [DEBUG] Request authentication | Meta: {"url":"/login","method":"GET","isAuthenticated":true,"isAdmin":true,"userId":"67f74738ba8288c3757139c6"}
[10:19:13 28/06/2025] [DEBUG] Request authentication | Meta: {"url":"/login","method":"POST","isAuthenticated":true,"isAdmin":true,"userId":"67f74738ba8288c3757139c6"}
[10:19:13 28/06/2025] [DEBUG] Request authentication | Meta: {"url":"/","method":"GET","isAuthenticated":true,"isAdmin":true,"userId":"67f74738ba8288c3757139c6"}
[10:19:53 28/06/2025] [DEBUG] Request authentication | Meta: {"url":"/login","method":"GET","isAuthenticated":true,"isAdmin":true,"userId":"67f74738ba8288c3757139c6"}
[10:19:55 28/06/2025] [DEBUG] Request authentication | Meta: {"url":"/login","method":"POST","isAuthenticated":true,"isAdmin":true,"userId":"67f74738ba8288c3757139c6"}
[10:19:55 28/06/2025] [DEBUG] Request authentication | Meta: {"url":"/","method":"GET","isAuthenticated":true,"isAdmin":true,"userId":"67f74738ba8288c3757139c6"}
[10:46:30 28/06/2025] [DEBUG] Request authentication | Meta: {"url":"/login","method":"GET","isAuthenticated":true,"isAdmin":true,"userId":"67f74738ba8288c3757139c6"}
[10:46:32 28/06/2025] [DEBUG] Request authentication | Meta: {"url":"/login","method":"POST","isAuthenticated":true,"isAdmin":true,"userId":"67f74738ba8288c3757139c6"}
[10:46:32 28/06/2025] [DEBUG] Request authentication | Meta: {"url":"/","method":"GET","isAuthenticated":true,"isAdmin":true,"userId":"67f74738ba8288c3757139c6"}
[10:46:40 28/06/2025] [DEBUG] Request authentication | Meta: {"url":"/profile","method":"GET","isAuthenticated":true,"isAdmin":true,"userId":"67f74738ba8288c3757139c6"}
[10:46:43 28/06/2025] [DEBUG] Request authentication | Meta: {"url":"/","method":"GET","isAuthenticated":true,"isAdmin":true,"userId":"67f74738ba8288c3757139c6"}
[10:46:47 28/06/2025] [DEBUG] Request authentication | Meta: {"url":"/orders","method":"GET","isAuthenticated":true,"isAdmin":true,"userId":"67f74738ba8288c3757139c6"}
[10:46:59 28/06/2025] [DEBUG] Request authentication | Meta: {"url":"/admin/orders","method":"GET","isAuthenticated":true,"isAdmin":true,"userId":"67f74738ba8288c3757139c6"}
[10:47:05 28/06/2025] [DEBUG] Request authentication | Meta: {"url":"/admin/products","method":"GET","isAuthenticated":true,"isAdmin":true,"userId":"67f74738ba8288c3757139c6"}
[10:47:11 28/06/2025] [DEBUG] Request authentication | Meta: {"url":"/logout","method":"POST","isAuthenticated":true,"isAdmin":true,"userId":"67f74738ba8288c3757139c6"}
[10:47:11 28/06/2025] [DEBUG] Request authentication | Meta: {"url":"/","method":"GET","isAuthenticated":false,"userId":null}
[10:47:12 28/06/2025] [DEBUG] Request authentication | Meta: {"url":"/login","method":"GET","isAuthenticated":false,"userId":null}
[10:47:15 28/06/2025] [DEBUG] Request authentication | Meta: {"url":"/login","method":"POST","isAuthenticated":false,"userId":null}
[10:47:15 28/06/2025] [DEBUG] Request authentication | Meta: {"url":"/","method":"GET","isAuthenticated":true,"isAdmin":false,"userId":"67f74738ba8288c3757139c7"}
[10:47:17 28/06/2025] [DEBUG] Request authentication | Meta: {"url":"/profile","method":"GET","isAuthenticated":true,"isAdmin":false,"userId":"67f74738ba8288c3757139c7"}
[10:47:22 28/06/2025] [DEBUG] Request authentication | Meta: {"url":"/","method":"GET","isAuthenticated":true,"isAdmin":false,"userId":"67f74738ba8288c3757139c7"}
[10:47:31 28/06/2025] [DEBUG] Request authentication | Meta: {"url":"/profile","method":"GET","isAuthenticated":true,"isAdmin":false,"userId":"67f74738ba8288c3757139c7"}
[10:47:36 28/06/2025] [DEBUG] Request authentication | Meta: {"url":"/orders","method":"GET","isAuthenticated":true,"isAdmin":false,"userId":"67f74738ba8288c3757139c7"}
[10:51:46 28/06/2025] [DEBUG] Request authentication | Meta: {"url":"/orders","method":"GET","isAuthenticated":true,"isAdmin":false,"userId":"67f74738ba8288c3757139c7"}
[10:52:29 28/06/2025] [DEBUG] Request authentication | Meta: {"url":"/","method":"GET","isAuthenticated":true,"isAdmin":false,"userId":"67f74738ba8288c3757139c7"}
[10:52:34 28/06/2025] [DEBUG] Request authentication | Meta: {"url":"/profile","method":"GET","isAuthenticated":true,"isAdmin":false,"userId":"67f74738ba8288c3757139c7"}
[10:52:37 28/06/2025] [DEBUG] Request authentication | Meta: {"url":"/","method":"GET","isAuthenticated":true,"isAdmin":false,"userId":"67f74738ba8288c3757139c7"}
[10:52:39 28/06/2025] [DEBUG] Request authentication | Meta: {"url":"/orders","method":"GET","isAuthenticated":true,"isAdmin":false,"userId":"67f74738ba8288c3757139c7"}
[10:57:12 28/06/2025] [DEBUG] Request authentication | Meta: {"url":"/orders","method":"GET","isAuthenticated":true,"isAdmin":false,"userId":"67f74738ba8288c3757139c7"}
[10:57:56 28/06/2025] [DEBUG] Request authentication | Meta: {"url":"/","method":"GET","isAuthenticated":true,"isAdmin":false,"userId":"67f74738ba8288c3757139c7"}
[10:58:04 28/06/2025] [DEBUG] Request authentication | Meta: {"url":"/orders","method":"GET","isAuthenticated":true,"isAdmin":false,"userId":"67f74738ba8288c3757139c7"}
[10:59:22 28/06/2025] [DEBUG] Request authentication | Meta: {"url":"/orders","method":"GET","isAuthenticated":true,"isAdmin":false,"userId":"67f74738ba8288c3757139c7"}
[10:59:24 28/06/2025] [DEBUG] Request authentication | Meta: {"url":"/orders","method":"GET","isAuthenticated":true,"isAdmin":false,"userId":"67f74738ba8288c3757139c7"}
[11:00:42 28/06/2025] [DEBUG] Request authentication | Meta: {"url":"/","method":"GET","isAuthenticated":true,"isAdmin":false,"userId":"67f74738ba8288c3757139c7"}
[11:00:46 28/06/2025] [DEBUG] Request authentication | Meta: {"url":"/orders","method":"GET","isAuthenticated":true,"isAdmin":false,"userId":"67f74738ba8288c3757139c7"}
[11:01:58 28/06/2025] [DEBUG] Request authentication | Meta: {"url":"/orders","method":"GET","isAuthenticated":true,"isAdmin":false,"userId":"67f74738ba8288c3757139c7"}
[11:02:58 28/06/2025] [DEBUG] Request authentication | Meta: {"url":"/orders","method":"GET","isAuthenticated":true,"isAdmin":false,"userId":"67f74738ba8288c3757139c7"}
[11:03:01 28/06/2025] [DEBUG] Request authentication | Meta: {"url":"/orders","method":"GET","isAuthenticated":true,"isAdmin":false,"userId":"67f74738ba8288c3757139c7"}
[11:04:01 28/06/2025] [DEBUG] Request authentication | Meta: {"url":"/orders","method":"GET","isAuthenticated":true,"isAdmin":false,"userId":"67f74738ba8288c3757139c7"}
[11:06:49 28/06/2025] [DEBUG] Request authentication | Meta: {"url":"/orders","method":"GET","isAuthenticated":true,"isAdmin":false,"userId":"67f74738ba8288c3757139c7"}
[11:07:38 28/06/2025] [DEBUG] Request authentication | Meta: {"url":"/","method":"GET","isAuthenticated":true,"isAdmin":false,"userId":"67f74738ba8288c3757139c7"}
[11:07:41 28/06/2025] [DEBUG] Request authentication | Meta: {"url":"/cart/add","method":"POST","isAuthenticated":true,"isAdmin":false,"userId":"67f74738ba8288c3757139c7"}
[11:07:44 28/06/2025] [DEBUG] Request authentication | Meta: {"url":"/cart","method":"GET","isAuthenticated":true,"isAdmin":false,"userId":"67f74738ba8288c3757139c7"}
[11:07:47 28/06/2025] [DEBUG] Request authentication | Meta: {"url":"/cart-delete-item","method":"POST","isAuthenticated":true,"isAdmin":false,"userId":"67f74738ba8288c3757139c7"}
[11:07:47 28/06/2025] [DEBUG] Request authentication | Meta: {"url":"/cart","method":"GET","isAuthenticated":true,"isAdmin":false,"userId":"67f74738ba8288c3757139c7"}
[11:07:49 28/06/2025] [DEBUG] Request authentication | Meta: {"url":"/","method":"GET","isAuthenticated":true,"isAdmin":false,"userId":"67f74738ba8288c3757139c7"}
[11:07:52 28/06/2025] [DEBUG] Request authentication | Meta: {"url":"/cart/add","method":"POST","isAuthenticated":true,"isAdmin":false,"userId":"67f74738ba8288c3757139c7"}
[11:07:53 28/06/2025] [DEBUG] Request authentication | Meta: {"url":"/cart","method":"GET","isAuthenticated":true,"isAdmin":false,"userId":"67f74738ba8288c3757139c7"}
[11:07:55 28/06/2025] [DEBUG] Request authentication | Meta: {"url":"/checkout","method":"GET","isAuthenticated":true,"isAdmin":false,"userId":"67f74738ba8288c3757139c7"}
[11:08:03 28/06/2025] [DEBUG] Request authentication | Meta: {"url":"/vnpay/create-payment","method":"POST","isAuthenticated":true,"isAdmin":false,"userId":"67f74738ba8288c3757139c7"}
[11:08:14 28/06/2025] [DEBUG] Request authentication | Meta: {"url":"/vnpay/return?vnp_Amount=3100000&vnp_BankCode=VNPAY&vnp_CardType=QRCODE&vnp_OrderInfo=Thanh+to%C3%A1n+%C4%91%C6%A1n+h%C3%A0ng+685f6aa37fc8b3b8fe441512&vnp_PayDate=20250628110852&vnp_ResponseCode=24&vnp_TmnCode=UWXDEI4Q&vnp_TransactionNo=0&vnp_TransactionStatus=02&vnp_TxnRef=685f6aa37fc8b3b8fe441512&vnp_SecureHash=0458cec4066125ab1ac96ecae67097fb06ee55d55376b9f42316f28abd48f485f78384f8548cb69b027cd3d577b0e6f86cde667b3179795b172a0833994d39d6","method":"GET","isAuthenticated":true,"isAdmin":false,"userId":"67f74738ba8288c3757139c7"}
[11:08:17 28/06/2025] [DEBUG] Request authentication | Meta: {"url":"/cart","method":"GET","isAuthenticated":true,"isAdmin":false,"userId":"67f74738ba8288c3757139c7"}
[11:08:19 28/06/2025] [DEBUG] Request authentication | Meta: {"url":"/checkout","method":"GET","isAuthenticated":true,"isAdmin":false,"userId":"67f74738ba8288c3757139c7"}
[11:08:22 28/06/2025] [DEBUG] Request authentication | Meta: {"url":"/orders","method":"GET","isAuthenticated":true,"isAdmin":false,"userId":"67f74738ba8288c3757139c7"}
[11:10:03 28/06/2025] [DEBUG] Request authentication | Meta: {"url":"/vnpay/return?vnp_Amount=3100000&vnp_BankCode=NCB&vnp_BankTranNo=VNP15043618&vnp_CardType=ATM&vnp_OrderInfo=Thanh+to%C3%A1n+%C4%91%C6%A1n+h%C3%A0ng+685f6aa37fc8b3b8fe441512&vnp_PayDate=20250628111045&vnp_ResponseCode=00&vnp_TmnCode=UWXDEI4Q&vnp_TransactionNo=15043618&vnp_TransactionStatus=00&vnp_TxnRef=685f6aa37fc8b3b8fe441512&vnp_SecureHash=f5617e1972451151cf46a4bc3503f3435df699a4119aef7ea08ab6b9fbf0826b92525fb60458ad6368c2c1be853d5f609054897d72a6988f8a2a863a3b550aef","method":"GET","isAuthenticated":true,"isAdmin":false,"userId":"67f74738ba8288c3757139c7"}
[11:10:19 28/06/2025] [DEBUG] Request authentication | Meta: {"url":"/cart","method":"GET","isAuthenticated":true,"isAdmin":false,"userId":"67f74738ba8288c3757139c7"}
[11:10:21 28/06/2025] [DEBUG] Request authentication | Meta: {"url":"/orders","method":"GET","isAuthenticated":true,"isAdmin":false,"userId":"67f74738ba8288c3757139c7"}
[11:11:21 28/06/2025] [DEBUG] Request authentication | Meta: {"url":"/","method":"GET","isAuthenticated":true,"isAdmin":false,"userId":"67f74738ba8288c3757139c7"}
[11:11:28 28/06/2025] [DEBUG] Request authentication | Meta: {"url":"/cart/add","method":"POST","isAuthenticated":true,"isAdmin":false,"userId":"67f74738ba8288c3757139c7"}
[11:11:30 28/06/2025] [DEBUG] Request authentication | Meta: {"url":"/cart","method":"GET","isAuthenticated":true,"isAdmin":false,"userId":"67f74738ba8288c3757139c7"}
[11:11:33 28/06/2025] [DEBUG] Request authentication | Meta: {"url":"/cart-update-quantity","method":"POST","isAuthenticated":true,"isAdmin":false,"userId":"67f74738ba8288c3757139c7"}
[11:11:33 28/06/2025] [DEBUG] Request authentication | Meta: {"url":"/cart","method":"GET","isAuthenticated":true,"isAdmin":false,"userId":"67f74738ba8288c3757139c7"}
[11:11:34 28/06/2025] [DEBUG] Request authentication | Meta: {"url":"/cart-update-quantity","method":"POST","isAuthenticated":true,"isAdmin":false,"userId":"67f74738ba8288c3757139c7"}
[11:11:34 28/06/2025] [DEBUG] Request authentication | Meta: {"url":"/cart-update-quantity","method":"POST","isAuthenticated":true,"isAdmin":false,"userId":"67f74738ba8288c3757139c7"}
[11:11:35 28/06/2025] [DEBUG] Request authentication | Meta: {"url":"/cart","method":"GET","isAuthenticated":true,"isAdmin":false,"userId":"67f74738ba8288c3757139c7"}
[11:11:35 28/06/2025] [DEBUG] Request authentication | Meta: {"url":"/cart-update-quantity","method":"POST","isAuthenticated":true,"isAdmin":false,"userId":"67f74738ba8288c3757139c7"}
[11:11:36 28/06/2025] [DEBUG] Request authentication | Meta: {"url":"/cart","method":"GET","isAuthenticated":true,"isAdmin":false,"userId":"67f74738ba8288c3757139c7"}
[11:11:37 28/06/2025] [DEBUG] Request authentication | Meta: {"url":"/cart-update-quantity","method":"POST","isAuthenticated":true,"isAdmin":false,"userId":"67f74738ba8288c3757139c7"}
[11:11:37 28/06/2025] [DEBUG] Request authentication | Meta: {"url":"/cart-update-quantity","method":"POST","isAuthenticated":true,"isAdmin":false,"userId":"67f74738ba8288c3757139c7"}
[11:11:37 28/06/2025] [DEBUG] Request authentication | Meta: {"url":"/cart-update-quantity","method":"POST","isAuthenticated":true,"isAdmin":false,"userId":"67f74738ba8288c3757139c7"}
[11:11:38 28/06/2025] [DEBUG] Request authentication | Meta: {"url":"/cart","method":"GET","isAuthenticated":true,"isAdmin":false,"userId":"67f74738ba8288c3757139c7"}
[11:11:40 28/06/2025] [DEBUG] Request authentication | Meta: {"url":"/cart-update-quantity","method":"POST","isAuthenticated":true,"isAdmin":false,"userId":"67f74738ba8288c3757139c7"}
[11:11:41 28/06/2025] [DEBUG] Request authentication | Meta: {"url":"/cart","method":"GET","isAuthenticated":true,"isAdmin":false,"userId":"67f74738ba8288c3757139c7"}
[11:11:43 28/06/2025] [DEBUG] Request authentication | Meta: {"url":"/cart-update-quantity","method":"POST","isAuthenticated":true,"isAdmin":false,"userId":"67f74738ba8288c3757139c7"}
[11:11:44 28/06/2025] [DEBUG] Request authentication | Meta: {"url":"/cart","method":"GET","isAuthenticated":true,"isAdmin":false,"userId":"67f74738ba8288c3757139c7"}
[11:11:46 28/06/2025] [DEBUG] Request authentication | Meta: {"url":"/checkout","method":"GET","isAuthenticated":true,"isAdmin":false,"userId":"67f74738ba8288c3757139c7"}
[11:11:58 28/06/2025] [DEBUG] Request authentication | Meta: {"url":"/orders","method":"POST","isAuthenticated":true,"isAdmin":false,"userId":"67f74738ba8288c3757139c7"}
[11:11:58 28/06/2025] [DEBUG] Request authentication | Meta: {"url":"/orders","method":"GET","isAuthenticated":true,"isAdmin":false,"userId":"67f74738ba8288c3757139c7"}
[11:12:19 28/06/2025] [DEBUG] Request authentication | Meta: {"url":"/","method":"GET","isAuthenticated":true,"isAdmin":false,"userId":"67f74738ba8288c3757139c7"}
[11:12:23 28/06/2025] [DEBUG] Request authentication | Meta: {"url":"/cart/add","method":"POST","isAuthenticated":true,"isAdmin":false,"userId":"67f74738ba8288c3757139c7"}
[11:12:25 28/06/2025] [DEBUG] Request authentication | Meta: {"url":"/cart","method":"GET","isAuthenticated":true,"isAdmin":false,"userId":"67f74738ba8288c3757139c7"}
[11:12:26 28/06/2025] [DEBUG] Request authentication | Meta: {"url":"/checkout","method":"GET","isAuthenticated":true,"isAdmin":false,"userId":"67f74738ba8288c3757139c7"}
[11:12:34 28/06/2025] [DEBUG] Request authentication | Meta: {"url":"/vnpay/create-payment","method":"POST","isAuthenticated":true,"isAdmin":false,"userId":"67f74738ba8288c3757139c7"}
[11:15:14 28/06/2025] [DEBUG] Request authentication | Meta: {"url":"/orders","method":"GET","isAuthenticated":true,"isAdmin":false,"userId":"67f74738ba8288c3757139c7"}
[11:16:13 28/06/2025] [DEBUG] Request authentication | Meta: {"url":"/","method":"GET","isAuthenticated":true,"isAdmin":false,"userId":"67f74738ba8288c3757139c7"}
[11:16:18 28/06/2025] [DEBUG] Request authentication | Meta: {"url":"/cart/add","method":"POST","isAuthenticated":true,"isAdmin":false,"userId":"67f74738ba8288c3757139c7"}
[11:16:21 28/06/2025] [DEBUG] Request authentication | Meta: {"url":"/cart","method":"GET","isAuthenticated":true,"isAdmin":false,"userId":"67f74738ba8288c3757139c7"}
[11:16:25 28/06/2025] [DEBUG] Request authentication | Meta: {"url":"/cart-delete-item","method":"POST","isAuthenticated":true,"isAdmin":false,"userId":"67f74738ba8288c3757139c7"}
[11:16:25 28/06/2025] [DEBUG] Request authentication | Meta: {"url":"/cart","method":"GET","isAuthenticated":true,"isAdmin":false,"userId":"67f74738ba8288c3757139c7"}
[11:16:27 28/06/2025] [DEBUG] Request authentication | Meta: {"url":"/","method":"GET","isAuthenticated":true,"isAdmin":false,"userId":"67f74738ba8288c3757139c7"}
[11:16:29 28/06/2025] [DEBUG] Request authentication | Meta: {"url":"/cart/add","method":"POST","isAuthenticated":true,"isAdmin":false,"userId":"67f74738ba8288c3757139c7"}
[11:16:31 28/06/2025] [DEBUG] Request authentication | Meta: {"url":"/cart","method":"GET","isAuthenticated":true,"isAdmin":false,"userId":"67f74738ba8288c3757139c7"}
[11:16:32 28/06/2025] [DEBUG] Request authentication | Meta: {"url":"/checkout","method":"GET","isAuthenticated":true,"isAdmin":false,"userId":"67f74738ba8288c3757139c7"}
[11:16:40 28/06/2025] [DEBUG] Request authentication | Meta: {"url":"/vnpay/create-payment","method":"POST","isAuthenticated":true,"isAdmin":false,"userId":"67f74738ba8288c3757139c7"}
[11:18:33 28/06/2025] [DEBUG] Request authentication | Meta: {"url":"/vnpay/return?vnp_Amount=3100000&vnp_BankCode=NCB&vnp_BankTranNo=VNP15043628&vnp_CardType=ATM&vnp_OrderInfo=Thanh+to%C3%A1n+%C4%91%C6%A1n+h%C3%A0ng+685f6ca87fc8b3b8fe441517&vnp_PayDate=20250628111914&vnp_ResponseCode=00&vnp_TmnCode=UWXDEI4Q&vnp_TransactionNo=15043628&vnp_TransactionStatus=00&vnp_TxnRef=685f6ca87fc8b3b8fe441517&vnp_SecureHash=a05df4d698bfc01bd0dcff8525259a43ebe183d67fb558ea5e1bcc5ed897e7022f86bb2af2d135f4e3451433864c7aa8bef30edc2b363eb080e25820a235133e","method":"GET","isAuthenticated":true,"isAdmin":false,"userId":"67f74738ba8288c3757139c7"}
[11:20:21 28/06/2025] [DEBUG] Request authentication | Meta: {"url":"/.well-known/appspecific/com.chrome.devtools.json","method":"GET","isAuthenticated":true,"isAdmin":false,"userId":"67f74738ba8288c3757139c7"}
[11:20:46 28/06/2025] [DEBUG] Request authentication | Meta: {"url":"/.well-known/appspecific/com.chrome.devtools.json","method":"GET","isAuthenticated":true,"isAdmin":false,"userId":"67f74738ba8288c3757139c7"}
[11:20:58 28/06/2025] [DEBUG] Request authentication | Meta: {"url":"/cart","method":"GET","isAuthenticated":true,"isAdmin":false,"userId":"67f74738ba8288c3757139c7"}
[11:20:59 28/06/2025] [DEBUG] Request authentication | Meta: {"url":"/checkout","method":"GET","isAuthenticated":true,"isAdmin":false,"userId":"67f74738ba8288c3757139c7"}
[11:21:06 28/06/2025] [DEBUG] Request authentication | Meta: {"url":"/vnpay/create-payment","method":"POST","isAuthenticated":true,"isAdmin":false,"userId":"67f74738ba8288c3757139c7"}
[11:22:23 28/06/2025] [DEBUG] Request authentication | Meta: {"url":"/vnpay/return?vnp_Amount=3100000&vnp_BankCode=NCB&vnp_BankTranNo=VNP15043635&vnp_CardType=ATM&vnp_OrderInfo=Thanh+to%C3%A1n+%C4%91%C6%A1n+h%C3%A0ng+685f6db37fc8b3b8fe441518&vnp_PayDate=20250628112302&vnp_ResponseCode=00&vnp_TmnCode=UWXDEI4Q&vnp_TransactionNo=15043635&vnp_TransactionStatus=00&vnp_TxnRef=685f6db37fc8b3b8fe441518&vnp_SecureHash=440516cabd703558fce3f1a311233aaa65513f6831961d526bb13d39fa84abdb5290cadc486da450238d09b966c3d27091dd33afa8c0b4c02864c2e19a502133","method":"GET","isAuthenticated":true,"isAdmin":false,"userId":"67f74738ba8288c3757139c7"}
[11:22:24 28/06/2025] [DEBUG] Request authentication | Meta: {"url":"/.well-known/appspecific/com.chrome.devtools.json","method":"GET","isAuthenticated":true,"isAdmin":false,"userId":"67f74738ba8288c3757139c7"}
[11:24:21 28/06/2025] [DEBUG] Request authentication | Meta: {"url":"/vnpay/return?vnp_Amount=3100000&vnp_BankCode=NCB&vnp_BankTranNo=VNP15043635&vnp_CardType=ATM&vnp_OrderInfo=Thanh+to%C3%A1n+%C4%91%C6%A1n+h%C3%A0ng+685f6db37fc8b3b8fe441518&vnp_PayDate=20250628112302&vnp_ResponseCode=00&vnp_TmnCode=UWXDEI4Q&vnp_TransactionNo=15043635&vnp_TransactionStatus=00&vnp_TxnRef=685f6db37fc8b3b8fe441518&vnp_SecureHash=440516cabd703558fce3f1a311233aaa65513f6831961d526bb13d39fa84abdb5290cadc486da450238d09b966c3d27091dd33afa8c0b4c02864c2e19a502133","method":"GET","isAuthenticated":true,"isAdmin":false,"userId":"67f74738ba8288c3757139c7"}
[11:24:21 28/06/2025] [DEBUG] Request authentication | Meta: {"url":"/.well-known/appspecific/com.chrome.devtools.json","method":"GET","isAuthenticated":true,"isAdmin":false,"userId":"67f74738ba8288c3757139c7"}
[11:24:35 28/06/2025] [DEBUG] Request authentication | Meta: {"url":"/vnpay/return?vnp_Amount=3100000&vnp_BankCode=NCB&vnp_BankTranNo=VNP15043635&vnp_CardType=ATM&vnp_OrderInfo=Thanh+to%C3%A1n+%C4%91%C6%A1n+h%C3%A0ng+685f6db37fc8b3b8fe441518&vnp_PayDate=20250628112302&vnp_ResponseCode=00&vnp_TmnCode=UWXDEI4Q&vnp_TransactionNo=15043635&vnp_TransactionStatus=00&vnp_TxnRef=685f6db37fc8b3b8fe441518&vnp_SecureHash=440516cabd703558fce3f1a311233aaa65513f6831961d526bb13d39fa84abdb5290cadc486da450238d09b966c3d27091dd33afa8c0b4c02864c2e19a502133","method":"GET","isAuthenticated":true,"isAdmin":false,"userId":"67f74738ba8288c3757139c7"}
[11:24:36 28/06/2025] [DEBUG] Request authentication | Meta: {"url":"/.well-known/appspecific/com.chrome.devtools.json","method":"GET","isAuthenticated":true,"isAdmin":false,"userId":"67f74738ba8288c3757139c7"}
[11:32:46 28/06/2025] [DEBUG] Request authentication | Meta: {"url":"/","method":"GET","isAuthenticated":true,"isAdmin":false,"userId":"67f74738ba8288c3757139c7"}
[11:32:47 28/06/2025] [DEBUG] Request authentication | Meta: {"url":"/.well-known/appspecific/com.chrome.devtools.json","method":"GET","isAuthenticated":true,"isAdmin":false,"userId":"67f74738ba8288c3757139c7"}
[11:32:56 28/06/2025] [DEBUG] Request authentication | Meta: {"url":"/cart/add","method":"POST","isAuthenticated":true,"isAdmin":false,"userId":"67f74738ba8288c3757139c7"}
[11:32:59 28/06/2025] [DEBUG] Request authentication | Meta: {"url":"/cart","method":"GET","isAuthenticated":true,"isAdmin":false,"userId":"67f74738ba8288c3757139c7"}
[11:32:59 28/06/2025] [DEBUG] Request authentication | Meta: {"url":"/.well-known/appspecific/com.chrome.devtools.json","method":"GET","isAuthenticated":true,"isAdmin":false,"userId":"67f74738ba8288c3757139c7"}
[11:33:03 28/06/2025] [DEBUG] Request authentication | Meta: {"url":"/checkout","method":"GET","isAuthenticated":true,"isAdmin":false,"userId":"67f74738ba8288c3757139c7"}
[11:33:03 28/06/2025] [DEBUG] Request authentication | Meta: {"url":"/.well-known/appspecific/com.chrome.devtools.json","method":"GET","isAuthenticated":true,"isAdmin":false,"userId":"67f74738ba8288c3757139c7"}
[11:33:14 28/06/2025] [DEBUG] Request authentication | Meta: {"url":"/vnpay/create-payment","method":"POST","isAuthenticated":true,"isAdmin":false,"userId":"67f74738ba8288c3757139c7"}
[11:34:07 28/06/2025] [DEBUG] Request authentication | Meta: {"url":"/vnpay/return?vnp_Amount=3200000&vnp_BankCode=NCB&vnp_BankTranNo=VNP15043654&vnp_CardType=ATM&vnp_OrderInfo=Thanh+to%C3%A1n+%C4%91%C6%A1n+h%C3%A0ng+685f708a01f068667cbc079f&vnp_PayDate=20250628113452&vnp_ResponseCode=00&vnp_TmnCode=UWXDEI4Q&vnp_TransactionNo=15043654&vnp_TransactionStatus=00&vnp_TxnRef=685f708a01f068667cbc079f&vnp_SecureHash=51e4c4d969bb924cbd4753021d07424127ecdb7dfc13746a9ebc14eb8e8920eabf72ad4cab002f0520bc74ed33f212c0be6af59d82d7cc233f49255d88c531e1","method":"GET","isAuthenticated":true,"isAdmin":false,"userId":"67f74738ba8288c3757139c7"}
[11:34:08 28/06/2025] [DEBUG] Request authentication | Meta: {"url":"/.well-known/appspecific/com.chrome.devtools.json","method":"GET","isAuthenticated":true,"isAdmin":false,"userId":"67f74738ba8288c3757139c7"}
[11:34:44 28/06/2025] [DEBUG] Request authentication | Meta: {"url":"/","method":"GET","isAuthenticated":true,"isAdmin":false,"userId":"67f74738ba8288c3757139c7"}
[11:34:46 28/06/2025] [DEBUG] Request authentication | Meta: {"url":"/orders","method":"GET","isAuthenticated":true,"isAdmin":false,"userId":"67f74738ba8288c3757139c7"}
[11:38:46 28/06/2025] [DEBUG] Request authentication | Meta: {"url":"/.well-known/appspecific/com.chrome.devtools.json","method":"GET","isAuthenticated":true,"isAdmin":false,"userId":"67f74738ba8288c3757139c7"}
[11:43:07 28/06/2025] [DEBUG] Request authentication | Meta: {"url":"/orders","method":"GET","isAuthenticated":true,"isAdmin":false,"userId":"67f74738ba8288c3757139c7"}
[11:43:12 28/06/2025] [DEBUG] Request authentication | Meta: {"url":"/orders/685f708a01f068667cbc079f/delete","method":"POST","isAuthenticated":true,"isAdmin":false,"userId":"67f74738ba8288c3757139c7"}
[11:43:13 28/06/2025] [DEBUG] Request authentication | Meta: {"url":"/orders","method":"GET","isAuthenticated":true,"isAdmin":false,"userId":"67f74738ba8288c3757139c7"}
[11:43:16 28/06/2025] [DEBUG] Request authentication | Meta: {"url":"/orders/685f6db37fc8b3b8fe441518/delete","method":"POST","isAuthenticated":true,"isAdmin":false,"userId":"67f74738ba8288c3757139c7"}
[11:43:16 28/06/2025] [DEBUG] Request authentication | Meta: {"url":"/orders","method":"GET","isAuthenticated":true,"isAdmin":false,"userId":"67f74738ba8288c3757139c7"}
[11:43:19 28/06/2025] [DEBUG] Request authentication | Meta: {"url":"/orders/685f6ca87fc8b3b8fe441517/delete","method":"POST","isAuthenticated":true,"isAdmin":false,"userId":"67f74738ba8288c3757139c7"}
[11:43:19 28/06/2025] [DEBUG] Request authentication | Meta: {"url":"/orders","method":"GET","isAuthenticated":true,"isAdmin":false,"userId":"67f74738ba8288c3757139c7"}
[11:43:22 28/06/2025] [DEBUG] Request authentication | Meta: {"url":"/orders/685f6bb27fc8b3b8fe441516/delete","method":"POST","isAuthenticated":true,"isAdmin":false,"userId":"67f74738ba8288c3757139c7"}
[11:43:23 28/06/2025] [DEBUG] Request authentication | Meta: {"url":"/orders","method":"GET","isAuthenticated":true,"isAdmin":false,"userId":"67f74738ba8288c3757139c7"}
[11:43:26 28/06/2025] [DEBUG] Request authentication | Meta: {"url":"/orders/685f6b8e7fc8b3b8fe441513/delete","method":"POST","isAuthenticated":true,"isAdmin":false,"userId":"67f74738ba8288c3757139c7"}
[11:43:26 28/06/2025] [DEBUG] Request authentication | Meta: {"url":"/orders","method":"GET","isAuthenticated":true,"isAdmin":false,"userId":"67f74738ba8288c3757139c7"}
[11:43:29 28/06/2025] [DEBUG] Request authentication | Meta: {"url":"/orders/685f6aa37fc8b3b8fe441512/delete","method":"POST","isAuthenticated":true,"isAdmin":false,"userId":"67f74738ba8288c3757139c7"}
[11:43:29 28/06/2025] [DEBUG] Request authentication | Meta: {"url":"/orders","method":"GET","isAuthenticated":true,"isAdmin":false,"userId":"67f74738ba8288c3757139c7"}
[11:43:34 28/06/2025] [DEBUG] Request authentication | Meta: {"url":"/orders/685f5ee3dff3446f290c0d93/delete","method":"POST","isAuthenticated":true,"isAdmin":false,"userId":"67f74738ba8288c3757139c7"}
[11:43:34 28/06/2025] [DEBUG] Request authentication | Meta: {"url":"/orders","method":"GET","isAuthenticated":true,"isAdmin":false,"userId":"67f74738ba8288c3757139c7"}
[11:43:37 28/06/2025] [DEBUG] Request authentication | Meta: {"url":"/orders/685d48d35a0283af1fd87eac/delete","method":"POST","isAuthenticated":true,"isAdmin":false,"userId":"67f74738ba8288c3757139c7"}
[11:43:37 28/06/2025] [DEBUG] Request authentication | Meta: {"url":"/orders","method":"GET","isAuthenticated":true,"isAdmin":false,"userId":"67f74738ba8288c3757139c7"}
[11:43:40 28/06/2025] [DEBUG] Request authentication | Meta: {"url":"/orders/685d47035a0283af1fd87eab/delete","method":"POST","isAuthenticated":true,"isAdmin":false,"userId":"67f74738ba8288c3757139c7"}
[11:43:40 28/06/2025] [DEBUG] Request authentication | Meta: {"url":"/orders","method":"GET","isAuthenticated":true,"isAdmin":false,"userId":"67f74738ba8288c3757139c7"}
[11:46:09 28/06/2025] [DEBUG] Request authentication | Meta: {"url":"/orders","method":"GET","isAuthenticated":true,"isAdmin":false,"userId":"67f74738ba8288c3757139c7"}
[11:46:16 28/06/2025] [DEBUG] Request authentication | Meta: {"url":"/orders/delete-all","method":"POST","isAuthenticated":true,"isAdmin":false,"userId":"67f74738ba8288c3757139c7"}
[11:46:16 28/06/2025] [DEBUG] Request authentication | Meta: {"url":"/orders","method":"GET","isAuthenticated":true,"isAdmin":false,"userId":"67f74738ba8288c3757139c7"}
[11:46:26 28/06/2025] [DEBUG] Request authentication | Meta: {"url":"/","method":"GET","isAuthenticated":true,"isAdmin":false,"userId":"67f74738ba8288c3757139c7"}
[11:46:30 28/06/2025] [DEBUG] Request authentication | Meta: {"url":"/cart/add","method":"POST","isAuthenticated":true,"isAdmin":false,"userId":"67f74738ba8288c3757139c7"}
[11:46:32 28/06/2025] [DEBUG] Request authentication | Meta: {"url":"/cart","method":"GET","isAuthenticated":true,"isAdmin":false,"userId":"67f74738ba8288c3757139c7"}
[11:46:34 28/06/2025] [DEBUG] Request authentication | Meta: {"url":"/cart-delete-item","method":"POST","isAuthenticated":true,"isAdmin":false,"userId":"67f74738ba8288c3757139c7"}
[11:46:34 28/06/2025] [DEBUG] Request authentication | Meta: {"url":"/cart","method":"GET","isAuthenticated":true,"isAdmin":false,"userId":"67f74738ba8288c3757139c7"}
[11:46:36 28/06/2025] [DEBUG] Request authentication | Meta: {"url":"/","method":"GET","isAuthenticated":true,"isAdmin":false,"userId":"67f74738ba8288c3757139c7"}
[11:46:37 28/06/2025] [DEBUG] Request authentication | Meta: {"url":"/","method":"GET","isAuthenticated":true,"isAdmin":false,"userId":"67f74738ba8288c3757139c7"}
[11:46:37 28/06/2025] [DEBUG] Request authentication | Meta: {"url":"/","method":"GET","isAuthenticated":true,"isAdmin":false,"userId":"67f74738ba8288c3757139c7"}
[11:46:37 28/06/2025] [DEBUG] Request authentication | Meta: {"url":"/","method":"GET","isAuthenticated":true,"isAdmin":false,"userId":"67f74738ba8288c3757139c7"}
[11:46:38 28/06/2025] [DEBUG] Request authentication | Meta: {"url":"/cart","method":"GET","isAuthenticated":true,"isAdmin":false,"userId":"67f74738ba8288c3757139c7"}
[11:46:40 28/06/2025] [DEBUG] Request authentication | Meta: {"url":"/","method":"GET","isAuthenticated":true,"isAdmin":false,"userId":"67f74738ba8288c3757139c7"}
[11:46:43 28/06/2025] [DEBUG] Request authentication | Meta: {"url":"/cart/add","method":"POST","isAuthenticated":true,"isAdmin":false,"userId":"67f74738ba8288c3757139c7"}
[11:46:44 28/06/2025] [DEBUG] Request authentication | Meta: {"url":"/cart","method":"GET","isAuthenticated":true,"isAdmin":false,"userId":"67f74738ba8288c3757139c7"}
[11:46:47 28/06/2025] [DEBUG] Request authentication | Meta: {"url":"/checkout","method":"GET","isAuthenticated":true,"isAdmin":false,"userId":"67f74738ba8288c3757139c7"}
[11:46:56 28/06/2025] [DEBUG] Request authentication | Meta: {"url":"/vnpay/create-payment","method":"POST","isAuthenticated":true,"isAdmin":false,"userId":"67f74738ba8288c3757139c7"}
[11:53:00 28/06/2025] [DEBUG] Request authentication | Meta: {"url":"/","method":"GET","isAuthenticated":true,"isAdmin":false,"userId":"67f74738ba8288c3757139c7"}
[11:53:06 28/06/2025] [DEBUG] Request authentication | Meta: {"url":"/cart/add","method":"POST","isAuthenticated":true,"isAdmin":false,"userId":"67f74738ba8288c3757139c7"}
[11:53:08 28/06/2025] [DEBUG] Request authentication | Meta: {"url":"/cart","method":"GET","isAuthenticated":true,"isAdmin":false,"userId":"67f74738ba8288c3757139c7"}
[11:53:12 28/06/2025] [DEBUG] Request authentication | Meta: {"url":"/cart-delete-item","method":"POST","isAuthenticated":true,"isAdmin":false,"userId":"67f74738ba8288c3757139c7"}
[11:53:12 28/06/2025] [DEBUG] Request authentication | Meta: {"url":"/cart","method":"GET","isAuthenticated":true,"isAdmin":false,"userId":"67f74738ba8288c3757139c7"}
[11:53:21 28/06/2025] [DEBUG] Request authentication | Meta: {"url":"/","method":"GET","isAuthenticated":true,"isAdmin":false,"userId":"67f74738ba8288c3757139c7"}
[11:53:23 28/06/2025] [DEBUG] Request authentication | Meta: {"url":"/cart","method":"GET","isAuthenticated":true,"isAdmin":false,"userId":"67f74738ba8288c3757139c7"}
[11:53:25 28/06/2025] [DEBUG] Request authentication | Meta: {"url":"/","method":"GET","isAuthenticated":true,"isAdmin":false,"userId":"67f74738ba8288c3757139c7"}
[11:53:28 28/06/2025] [DEBUG] Request authentication | Meta: {"url":"/cart/add","method":"POST","isAuthenticated":true,"isAdmin":false,"userId":"67f74738ba8288c3757139c7"}
[11:53:29 28/06/2025] [DEBUG] Request authentication | Meta: {"url":"/cart","method":"GET","isAuthenticated":true,"isAdmin":false,"userId":"67f74738ba8288c3757139c7"}
[11:53:32 28/06/2025] [DEBUG] Request authentication | Meta: {"url":"/checkout","method":"GET","isAuthenticated":true,"isAdmin":false,"userId":"67f74738ba8288c3757139c7"}
[11:53:38 28/06/2025] [DEBUG] Request authentication | Meta: {"url":"/orders","method":"GET","isAuthenticated":true,"isAdmin":false,"userId":"67f74738ba8288c3757139c7"}
[11:53:53 28/06/2025] [DEBUG] Request authentication | Meta: {"url":"/orders/685f73c0c7ce917614ff7c01/delete","method":"POST","isAuthenticated":true,"isAdmin":false,"userId":"67f74738ba8288c3757139c7"}
[11:53:53 28/06/2025] [DEBUG] Request authentication | Meta: {"url":"/orders","method":"GET","isAuthenticated":true,"isAdmin":false,"userId":"67f74738ba8288c3757139c7"}
[11:53:54 28/06/2025] [DEBUG] Request authentication | Meta: {"url":"/orders","method":"GET","isAuthenticated":true,"isAdmin":false,"userId":"67f74738ba8288c3757139c7"}
[11:53:56 28/06/2025] [DEBUG] Request authentication | Meta: {"url":"/cart","method":"GET","isAuthenticated":true,"isAdmin":false,"userId":"67f74738ba8288c3757139c7"}
[11:53:57 28/06/2025] [DEBUG] Request authentication | Meta: {"url":"/checkout","method":"GET","isAuthenticated":true,"isAdmin":false,"userId":"67f74738ba8288c3757139c7"}
[11:54:08 28/06/2025] [DEBUG] Request authentication | Meta: {"url":"/vnpay/create-payment","method":"POST","isAuthenticated":true,"isAdmin":false,"userId":"67f74738ba8288c3757139c7"}
[11:55:36 28/06/2025] [DEBUG] Request authentication | Meta: {"url":"/vnpay/return?vnp_Amount=3100000&vnp_BankCode=NCB&vnp_BankTranNo=VNP15043685&vnp_CardType=ATM&vnp_OrderInfo=Thanh+to%C3%A1n+%C4%91%C6%A1n+h%C3%A0ng+685f7570ffdb73777ff02b9c&vnp_PayDate=20250628115609&vnp_ResponseCode=00&vnp_TmnCode=UWXDEI4Q&vnp_TransactionNo=15043685&vnp_TransactionStatus=00&vnp_TxnRef=685f7570ffdb73777ff02b9c&vnp_SecureHash=988e2107242ca844200f105fa7dd05654ee026b9082fedf1fd38650021d38201f721778f21b05c31b4b87da6b6280562c255852c5c3df57d30244e545385332b","method":"GET","isAuthenticated":true,"isAdmin":false,"userId":"67f74738ba8288c3757139c7"}
[11:55:36 28/06/2025] [DEBUG] Request authentication | Meta: {"url":"/.well-known/appspecific/com.chrome.devtools.json","method":"GET","isAuthenticated":true,"isAdmin":false,"userId":"67f74738ba8288c3757139c7"}
[11:58:46 28/06/2025] [DEBUG] Request authentication | Meta: {"url":"/cart","method":"GET","isAuthenticated":true,"isAdmin":false,"userId":"67f74738ba8288c3757139c7"}
[11:58:46 28/06/2025] [DEBUG] Request authentication | Meta: {"url":"/.well-known/appspecific/com.chrome.devtools.json","method":"GET","isAuthenticated":true,"isAdmin":false,"userId":"67f74738ba8288c3757139c7"}
[11:58:49 28/06/2025] [DEBUG] Request authentication | Meta: {"url":"/cart-delete-item","method":"POST","isAuthenticated":true,"isAdmin":false,"userId":"67f74738ba8288c3757139c7"}
[11:58:49 28/06/2025] [DEBUG] Request authentication | Meta: {"url":"/cart","method":"GET","isAuthenticated":true,"isAdmin":false,"userId":"67f74738ba8288c3757139c7"}
[11:58:50 28/06/2025] [DEBUG] Request authentication | Meta: {"url":"/.well-known/appspecific/com.chrome.devtools.json","method":"GET","isAuthenticated":true,"isAdmin":false,"userId":"67f74738ba8288c3757139c7"}
[11:58:52 28/06/2025] [DEBUG] Request authentication | Meta: {"url":"/","method":"GET","isAuthenticated":true,"isAdmin":false,"userId":"67f74738ba8288c3757139c7"}
[11:58:52 28/06/2025] [DEBUG] Request authentication | Meta: {"url":"/.well-known/appspecific/com.chrome.devtools.json","method":"GET","isAuthenticated":true,"isAdmin":false,"userId":"67f74738ba8288c3757139c7"}
[11:58:55 28/06/2025] [DEBUG] Request authentication | Meta: {"url":"/cart/add","method":"POST","isAuthenticated":true,"isAdmin":false,"userId":"67f74738ba8288c3757139c7"}
[11:59:00 28/06/2025] [DEBUG] Request authentication | Meta: {"url":"/cart","method":"GET","isAuthenticated":true,"isAdmin":false,"userId":"67f74738ba8288c3757139c7"}
[11:59:01 28/06/2025] [DEBUG] Request authentication | Meta: {"url":"/.well-known/appspecific/com.chrome.devtools.json","method":"GET","isAuthenticated":true,"isAdmin":false,"userId":"67f74738ba8288c3757139c7"}
[11:59:03 28/06/2025] [DEBUG] Request authentication | Meta: {"url":"/checkout","method":"GET","isAuthenticated":true,"isAdmin":false,"userId":"67f74738ba8288c3757139c7"}
[11:59:03 28/06/2025] [DEBUG] Request authentication | Meta: {"url":"/.well-known/appspecific/com.chrome.devtools.json","method":"GET","isAuthenticated":true,"isAdmin":false,"userId":"67f74738ba8288c3757139c7"}
[11:59:16 28/06/2025] [DEBUG] Request authentication | Meta: {"url":"/vnpay/create-payment","method":"POST","isAuthenticated":true,"isAdmin":false,"userId":"67f74738ba8288c3757139c7"}
[11:59:51 28/06/2025] [DEBUG] Request authentication | Meta: {"url":"/vnpay/return?vnp_Amount=3100000&vnp_BankCode=NCB&vnp_BankTranNo=VNP15043691&vnp_CardType=ATM&vnp_OrderInfo=Thanh+to%C3%A1n+%C4%91%C6%A1n+h%C3%A0ng+685f76a467091a68c3240087&vnp_PayDate=20250628120035&vnp_ResponseCode=00&vnp_TmnCode=UWXDEI4Q&vnp_TransactionNo=15043691&vnp_TransactionStatus=00&vnp_TxnRef=685f76a467091a68c3240087&vnp_SecureHash=de2f127fa436b2cbf295c43c56bedd3e7fa9f4f7cf68c6e92af8949620fca45bdd8eb0f85e411caea79452f65e8d58ae0be6fe6d3f8d3f1018389ec19d61b454","method":"GET","isAuthenticated":true,"isAdmin":false,"userId":"67f74738ba8288c3757139c7"}
[11:59:52 28/06/2025] [DEBUG] Request authentication | Meta: {"url":"/.well-known/appspecific/com.chrome.devtools.json","method":"GET","isAuthenticated":true,"isAdmin":false,"userId":"67f74738ba8288c3757139c7"}
[12:00:03 28/06/2025] [DEBUG] Request authentication | Meta: {"url":"/orders","method":"GET","isAuthenticated":true,"isAdmin":false,"userId":"67f74738ba8288c3757139c7"}
[13:20:37 28/06/2025] [DEBUG] Request authentication | Meta: {"url":"/orders","method":"GET","isAuthenticated":true,"isAdmin":false,"userId":"67f74738ba8288c3757139c7"}
[13:22:42 28/06/2025] [DEBUG] Request authentication | Meta: {"url":"/orders","method":"GET","isAuthenticated":true,"isAdmin":false,"userId":"67f74738ba8288c3757139c7"}
[13:22:44 28/06/2025] [DEBUG] Request authentication | Meta: {"url":"/orders","method":"GET","isAuthenticated":true,"isAdmin":false,"userId":"67f74738ba8288c3757139c7"}
[13:22:48 28/06/2025] [DEBUG] Request authentication | Meta: {"url":"/orders/685f7570ffdb73777ff02b9c/delete","method":"POST","isAuthenticated":true,"isAdmin":false,"userId":"67f74738ba8288c3757139c7"}
[13:22:49 28/06/2025] [DEBUG] Request authentication | Meta: {"url":"/orders","method":"GET","isAuthenticated":true,"isAdmin":false,"userId":"67f74738ba8288c3757139c7"}
[13:22:51 28/06/2025] [DEBUG] Request authentication | Meta: {"url":"/orders/685f76a467091a68c3240087/delete","method":"POST","isAuthenticated":true,"isAdmin":false,"userId":"67f74738ba8288c3757139c7"}
[13:22:52 28/06/2025] [DEBUG] Request authentication | Meta: {"url":"/orders","method":"GET","isAuthenticated":true,"isAdmin":false,"userId":"67f74738ba8288c3757139c7"}
[13:22:53 28/06/2025] [DEBUG] Request authentication | Meta: {"url":"/","method":"GET","isAuthenticated":true,"isAdmin":false,"userId":"67f74738ba8288c3757139c7"}
[13:22:56 28/06/2025] [DEBUG] Request authentication | Meta: {"url":"/cart/add","method":"POST","isAuthenticated":true,"isAdmin":false,"userId":"67f74738ba8288c3757139c7"}
[13:22:59 28/06/2025] [DEBUG] Request authentication | Meta: {"url":"/cart","method":"GET","isAuthenticated":true,"isAdmin":false,"userId":"67f74738ba8288c3757139c7"}
[13:23:00 28/06/2025] [DEBUG] Request authentication | Meta: {"url":"/cart-update-quantity","method":"POST","isAuthenticated":true,"isAdmin":false,"userId":"67f74738ba8288c3757139c7"}
[13:23:01 28/06/2025] [DEBUG] Request authentication | Meta: {"url":"/cart","method":"GET","isAuthenticated":true,"isAdmin":false,"userId":"67f74738ba8288c3757139c7"}
[13:23:03 28/06/2025] [DEBUG] Request authentication | Meta: {"url":"/checkout","method":"GET","isAuthenticated":true,"isAdmin":false,"userId":"67f74738ba8288c3757139c7"}
[13:23:13 28/06/2025] [DEBUG] Request authentication | Meta: {"url":"/vnpay/create-payment","method":"POST","isAuthenticated":true,"isAdmin":false,"userId":"67f74738ba8288c3757139c7"}
[13:23:57 28/06/2025] [DEBUG] Request authentication | Meta: {"url":"/vnpay/return?vnp_Amount=3200000&vnp_BankCode=NCB&vnp_BankTranNo=VNP15043786&vnp_CardType=ATM&vnp_OrderInfo=Thanh+to%C3%A1n+%C4%91%C6%A1n+h%C3%A0ng+685f8a51012243108d0aaf2f&vnp_PayDate=20250628132432&vnp_ResponseCode=00&vnp_TmnCode=UWXDEI4Q&vnp_TransactionNo=15043786&vnp_TransactionStatus=00&vnp_TxnRef=685f8a51012243108d0aaf2f&vnp_SecureHash=d2f24c05006a9a18bdfea6a9305773cb17f062b072625d26845da893c20c9fe1d252dc1d0205b27bc83e57d6e2f8e741013c86b3ae9a72c4eebc3e16e395190d","method":"GET","isAuthenticated":true,"isAdmin":false,"userId":"67f74738ba8288c3757139c7"}
[13:24:01 28/06/2025] [DEBUG] Request authentication | Meta: {"url":"/orders","method":"GET","isAuthenticated":true,"isAdmin":false,"userId":"67f74738ba8288c3757139c7"}
[13:24:34 28/06/2025] [DEBUG] Request authentication | Meta: {"url":"/","method":"GET","isAuthenticated":true,"isAdmin":false,"userId":"67f74738ba8288c3757139c7"}
[13:24:37 28/06/2025] [DEBUG] Request authentication | Meta: {"url":"/cart","method":"GET","isAuthenticated":true,"isAdmin":false,"userId":"67f74738ba8288c3757139c7"}
[13:24:39 28/06/2025] [DEBUG] Request authentication | Meta: {"url":"/","method":"GET","isAuthenticated":true,"isAdmin":false,"userId":"67f74738ba8288c3757139c7"}
[13:24:41 28/06/2025] [DEBUG] Request authentication | Meta: {"url":"/cart/add","method":"POST","isAuthenticated":true,"isAdmin":false,"userId":"67f74738ba8288c3757139c7"}
[13:24:43 28/06/2025] [DEBUG] Request authentication | Meta: {"url":"/cart","method":"GET","isAuthenticated":true,"isAdmin":false,"userId":"67f74738ba8288c3757139c7"}
[13:24:45 28/06/2025] [DEBUG] Request authentication | Meta: {"url":"/checkout","method":"GET","isAuthenticated":true,"isAdmin":false,"userId":"67f74738ba8288c3757139c7"}
[13:24:53 28/06/2025] [DEBUG] Request authentication | Meta: {"url":"/orders","method":"POST","isAuthenticated":true,"isAdmin":false,"userId":"67f74738ba8288c3757139c7"}
[13:24:54 28/06/2025] [DEBUG] Request authentication | Meta: {"url":"/orders","method":"GET","isAuthenticated":true,"isAdmin":false,"userId":"67f74738ba8288c3757139c7"}
[13:25:42 28/06/2025] [DEBUG] Request authentication | Meta: {"url":"/","method":"GET","isAuthenticated":true,"isAdmin":false,"userId":"67f74738ba8288c3757139c7"}
[13:27:40 28/06/2025] [DEBUG] Request authentication | Meta: {"url":"/.well-known/appspecific/com.chrome.devtools.json","method":"GET","isAuthenticated":true,"isAdmin":false,"userId":"67f74738ba8288c3757139c7"}
[13:34:18 28/06/2025] [DEBUG] Request authentication | Meta: {"url":"/","method":"GET","isAuthenticated":true,"isAdmin":false,"userId":"67f74738ba8288c3757139c7"}
[13:34:27 28/06/2025] [DEBUG] Request authentication | Meta: {"url":"/cart/add","method":"POST","isAuthenticated":true,"isAdmin":false,"userId":"67f74738ba8288c3757139c7"}
[13:34:31 28/06/2025] [DEBUG] Request authentication | Meta: {"url":"/cart","method":"GET","isAuthenticated":true,"isAdmin":false,"userId":"67f74738ba8288c3757139c7"}
[13:34:33 28/06/2025] [DEBUG] Request authentication | Meta: {"url":"/checkout","method":"GET","isAuthenticated":true,"isAdmin":false,"userId":"67f74738ba8288c3757139c7"}
[13:34:41 28/06/2025] [DEBUG] Request authentication | Meta: {"url":"/vnpay/create-payment","method":"POST","isAuthenticated":true,"isAdmin":false,"userId":"67f74738ba8288c3757139c7"}
[13:35:33 28/06/2025] [DEBUG] Request authentication | Meta: {"url":"/vnpay/return?vnp_Amount=3100000&vnp_BankCode=NCB&vnp_BankTranNo=VNP15043800&vnp_CardType=ATM&vnp_OrderInfo=Thanh+to%C3%A1n+%C4%91%C6%A1n+h%C3%A0ng+685f8d02edc7d2d5da3dcdc4&vnp_PayDate=20250628133619&vnp_ResponseCode=00&vnp_TmnCode=UWXDEI4Q&vnp_TransactionNo=15043800&vnp_TransactionStatus=00&vnp_TxnRef=685f8d02edc7d2d5da3dcdc4&vnp_SecureHash=60d1e36d2fc7dbf4c9e9c90adfe3bb07b373d0f4bfe84ee42b1cdd5f5cfa70ef9e0206d899707180629f161575bdcf3c2646c1c296ab6b8c2d9b4e0d240bc69f","method":"GET","isAuthenticated":true,"isAdmin":false,"userId":"67f74738ba8288c3757139c7"}
[13:35:38 28/06/2025] [DEBUG] Request authentication | Meta: {"url":"/orders","method":"GET","isAuthenticated":true,"isAdmin":false,"userId":"67f74738ba8288c3757139c7"}
[13:36:05 28/06/2025] [DEBUG] Request authentication | Meta: {"url":"/.well-known/appspecific/com.chrome.devtools.json","method":"GET","isAuthenticated":true,"isAdmin":false,"userId":"67f74738ba8288c3757139c7"}
[13:45:30 28/06/2025] [DEBUG] Request authentication | Meta: {"url":"/test-email","method":"GET","isAuthenticated":true,"isAdmin":false,"userId":"67f74738ba8288c3757139c7"}
[13:45:36 28/06/2025] [DEBUG] Request authentication | Meta: {"url":"/.well-known/appspecific/com.chrome.devtools.json","method":"GET","isAuthenticated":true,"isAdmin":false,"userId":"67f74738ba8288c3757139c7"}
[13:47:12 28/06/2025] [DEBUG] Request authentication | Meta: {"url":"/test-email","method":"GET","isAuthenticated":true,"isAdmin":false,"userId":"67f74738ba8288c3757139c7"}
[13:47:13 28/06/2025] [DEBUG] Request authentication | Meta: {"url":"/test-email","method":"GET","isAuthenticated":true,"isAdmin":false,"userId":"67f74738ba8288c3757139c7"}
[13:47:14 28/06/2025] [DEBUG] Request authentication | Meta: {"url":"/test-email","method":"GET","isAuthenticated":true,"isAdmin":false,"userId":"67f74738ba8288c3757139c7"}
[13:47:15 28/06/2025] [DEBUG] Request authentication | Meta: {"url":"/test-email","method":"GET","isAuthenticated":true,"isAdmin":false,"userId":"67f74738ba8288c3757139c7"}
[13:47:16 28/06/2025] [DEBUG] Request authentication | Meta: {"url":"/test-email","method":"GET","isAuthenticated":true,"isAdmin":false,"userId":"67f74738ba8288c3757139c7"}
[13:49:49 28/06/2025] [DEBUG] Request authentication | Meta: {"url":"/","method":"GET","isAuthenticated":true,"isAdmin":false,"userId":"67f74738ba8288c3757139c7"}
[13:49:58 28/06/2025] [DEBUG] Request authentication | Meta: {"url":"/test-email","method":"GET","isAuthenticated":true,"isAdmin":false,"userId":"67f74738ba8288c3757139c7"}
[13:55:12 28/06/2025] [DEBUG] Request authentication | Meta: {"url":"/","method":"GET","isAuthenticated":true,"isAdmin":false,"userId":"67f74738ba8288c3757139c7"}
[13:55:18 28/06/2025] [DEBUG] Request authentication | Meta: {"url":"/test-email","method":"GET","isAuthenticated":true,"isAdmin":false,"userId":"67f74738ba8288c3757139c7"}
[13:59:14 28/06/2025] [DEBUG] Request authentication | Meta: {"url":"/test-email","method":"GET","isAuthenticated":true,"isAdmin":false,"userId":"67f74738ba8288c3757139c7"}
[13:59:15 28/06/2025] [DEBUG] Request authentication | Meta: {"url":"/test-email","method":"GET","isAuthenticated":true,"isAdmin":false,"userId":"67f74738ba8288c3757139c7"}
[13:59:31 28/06/2025] [DEBUG] Request authentication | Meta: {"url":"/","method":"GET","isAuthenticated":true,"isAdmin":false,"userId":"67f74738ba8288c3757139c7"}
[13:59:36 28/06/2025] [DEBUG] Request authentication | Meta: {"url":"/cart/add","method":"POST","isAuthenticated":true,"isAdmin":false,"userId":"67f74738ba8288c3757139c7"}
[13:59:43 28/06/2025] [DEBUG] Request authentication | Meta: {"url":"/cart","method":"GET","isAuthenticated":true,"isAdmin":false,"userId":"67f74738ba8288c3757139c7"}
[13:59:45 28/06/2025] [DEBUG] Request authentication | Meta: {"url":"/checkout","method":"GET","isAuthenticated":true,"isAdmin":false,"userId":"67f74738ba8288c3757139c7"}
[13:59:54 28/06/2025] [DEBUG] Request authentication | Meta: {"url":"/vnpay/create-payment","method":"POST","isAuthenticated":true,"isAdmin":false,"userId":"67f74738ba8288c3757139c7"}
[14:00:31 28/06/2025] [DEBUG] Request authentication | Meta: {"url":"/vnpay/return?vnp_Amount=3100000&vnp_BankCode=NCB&vnp_BankTranNo=VNP15043826&vnp_CardType=ATM&vnp_OrderInfo=Thanh+to%C3%A1n+%C4%91%C6%A1n+h%C3%A0ng+685f92ead49ffe4f45a46514&vnp_PayDate=20250628140114&vnp_ResponseCode=00&vnp_TmnCode=UWXDEI4Q&vnp_TransactionNo=15043826&vnp_TransactionStatus=00&vnp_TxnRef=685f92ead49ffe4f45a46514&vnp_SecureHash=363daaab8abe8c13bad6837587790ef7e13359478322ed1b651d7942023d08cd476ccda33ad7b704ffaa234d0dd9becc7cacc00283682a245ad93a7e23274a45","method":"GET","isAuthenticated":true,"isAdmin":false,"userId":"67f74738ba8288c3757139c7"}
[14:00:36 28/06/2025] [DEBUG] Request authentication | Meta: {"url":"/orders","method":"GET","isAuthenticated":true,"isAdmin":false,"userId":"67f74738ba8288c3757139c7"}
[14:03:02 28/06/2025] [DEBUG] Request authentication | Meta: {"url":"/","method":"GET","isAuthenticated":true,"isAdmin":false,"userId":"67f74738ba8288c3757139c7"}
[14:03:05 28/06/2025] [DEBUG] Request authentication | Meta: {"url":"/test-email","method":"GET","isAuthenticated":true,"isAdmin":false,"userId":"67f74738ba8288c3757139c7"}
[14:04:29 28/06/2025] [DEBUG] Request authentication | Meta: {"url":"/test-email","method":"GET","isAuthenticated":true,"isAdmin":false,"userId":"67f74738ba8288c3757139c7"}
[14:04:32 28/06/2025] [DEBUG] Request authentication | Meta: {"url":"/test-email","method":"GET","isAuthenticated":true,"isAdmin":false,"userId":"67f74738ba8288c3757139c7"}
[14:04:57 28/06/2025] [DEBUG] Request authentication | Meta: {"url":"/test-email","method":"GET","isAuthenticated":true,"isAdmin":false,"userId":"67f74738ba8288c3757139c7"}
[14:06:37 28/06/2025] [DEBUG] Request authentication | Meta: {"url":"/test-email","method":"GET","isAuthenticated":true,"isAdmin":false,"userId":"67f74738ba8288c3757139c7"}
[14:06:47 28/06/2025] [DEBUG] Request authentication | Meta: {"url":"/","method":"GET","isAuthenticated":true,"isAdmin":false,"userId":"67f74738ba8288c3757139c7"}
[14:06:54 28/06/2025] [DEBUG] Request authentication | Meta: {"url":"/cart/add","method":"POST","isAuthenticated":true,"isAdmin":false,"userId":"67f74738ba8288c3757139c7"}
[14:06:59 28/06/2025] [DEBUG] Request authentication | Meta: {"url":"/orders","method":"GET","isAuthenticated":true,"isAdmin":false,"userId":"67f74738ba8288c3757139c7"}
[14:07:04 28/06/2025] [DEBUG] Request authentication | Meta: {"url":"/orders/delete-all","method":"POST","isAuthenticated":true,"isAdmin":false,"userId":"67f74738ba8288c3757139c7"}
[14:07:04 28/06/2025] [DEBUG] Request authentication | Meta: {"url":"/orders","method":"GET","isAuthenticated":true,"isAdmin":false,"userId":"67f74738ba8288c3757139c7"}
[14:07:11 28/06/2025] [DEBUG] Request authentication | Meta: {"url":"/cart","method":"GET","isAuthenticated":true,"isAdmin":false,"userId":"67f74738ba8288c3757139c7"}
[14:07:14 28/06/2025] [DEBUG] Request authentication | Meta: {"url":"/cart-update-quantity","method":"POST","isAuthenticated":true,"isAdmin":false,"userId":"67f74738ba8288c3757139c7"}
[14:07:14 28/06/2025] [DEBUG] Request authentication | Meta: {"url":"/cart","method":"GET","isAuthenticated":true,"isAdmin":false,"userId":"67f74738ba8288c3757139c7"}
[14:07:16 28/06/2025] [DEBUG] Request authentication | Meta: {"url":"/cart-update-quantity","method":"POST","isAuthenticated":true,"isAdmin":false,"userId":"67f74738ba8288c3757139c7"}
[14:07:16 28/06/2025] [DEBUG] Request authentication | Meta: {"url":"/cart","method":"GET","isAuthenticated":true,"isAdmin":false,"userId":"67f74738ba8288c3757139c7"}
[14:07:17 28/06/2025] [DEBUG] Request authentication | Meta: {"url":"/checkout","method":"GET","isAuthenticated":true,"isAdmin":false,"userId":"67f74738ba8288c3757139c7"}
[14:07:28 28/06/2025] [DEBUG] Request authentication | Meta: {"url":"/vnpay/create-payment","method":"POST","isAuthenticated":true,"isAdmin":false,"userId":"67f74738ba8288c3757139c7"}
[14:08:04 28/06/2025] [DEBUG] Request authentication | Meta: {"url":"/vnpay/return?vnp_Amount=3300000&vnp_BankCode=NCB&vnp_BankTranNo=VNP15043841&vnp_CardType=ATM&vnp_OrderInfo=Thanh+to%C3%A1n+%C4%91%C6%A1n+h%C3%A0ng+685f94b070b7aaec1f8c627f&vnp_PayDate=20250628140850&vnp_ResponseCode=00&vnp_TmnCode=UWXDEI4Q&vnp_TransactionNo=15043841&vnp_TransactionStatus=00&vnp_TxnRef=685f94b070b7aaec1f8c627f&vnp_SecureHash=19730e4bf4993e97f7f06bd63d305731465fbe3c2c3d8bb5d196e3032d5336db6d058b2e6ad7ff5292f1c2844656996850a41d5cf142e0fc1824615d1dc96b02","method":"GET","isAuthenticated":true,"isAdmin":false,"userId":"67f74738ba8288c3757139c7"}
[14:08:08 28/06/2025] [DEBUG] Request authentication | Meta: {"url":"/orders","method":"GET","isAuthenticated":true,"isAdmin":false,"userId":"67f74738ba8288c3757139c7"}
[14:17:24 28/06/2025] [DEBUG] Request authentication | Meta: {"url":"/test-email","method":"GET","isAuthenticated":true,"isAdmin":false,"userId":"67f74738ba8288c3757139c7"}
[14:18:44 28/06/2025] [DEBUG] Request authentication | Meta: {"url":"/orders/delete-all","method":"POST","isAuthenticated":true,"isAdmin":false,"userId":"67f74738ba8288c3757139c7"}
[14:18:44 28/06/2025] [DEBUG] Request authentication | Meta: {"url":"/orders","method":"GET","isAuthenticated":true,"isAdmin":false,"userId":"67f74738ba8288c3757139c7"}
[14:18:47 28/06/2025] [DEBUG] Request authentication | Meta: {"url":"/","method":"GET","isAuthenticated":true,"isAdmin":false,"userId":"67f74738ba8288c3757139c7"}
[14:18:50 28/06/2025] [DEBUG] Request authentication | Meta: {"url":"/cart/add","method":"POST","isAuthenticated":true,"isAdmin":false,"userId":"67f74738ba8288c3757139c7"}
[14:18:52 28/06/2025] [DEBUG] Request authentication | Meta: {"url":"/cart","method":"GET","isAuthenticated":true,"isAdmin":false,"userId":"67f74738ba8288c3757139c7"}
[14:18:56 28/06/2025] [DEBUG] Request authentication | Meta: {"url":"/cart-update-quantity","method":"POST","isAuthenticated":true,"isAdmin":false,"userId":"67f74738ba8288c3757139c7"}
[14:18:57 28/06/2025] [DEBUG] Request authentication | Meta: {"url":"/cart","method":"GET","isAuthenticated":true,"isAdmin":false,"userId":"67f74738ba8288c3757139c7"}
[14:18:57 28/06/2025] [DEBUG] Request authentication | Meta: {"url":"/checkout","method":"GET","isAuthenticated":true,"isAdmin":false,"userId":"67f74738ba8288c3757139c7"}
[14:19:05 28/06/2025] [DEBUG] Request authentication | Meta: {"url":"/vnpay/create-payment","method":"POST","isAuthenticated":true,"isAdmin":false,"userId":"67f74738ba8288c3757139c7"}
[14:19:28 28/06/2025] [DEBUG] Request authentication | Meta: {"url":"/","method":"GET","isAuthenticated":true,"isAdmin":false,"userId":"67f74738ba8288c3757139c7"}
[14:19:32 28/06/2025] [DEBUG] Request authentication | Meta: {"url":"/orders","method":"GET","isAuthenticated":true,"isAdmin":false,"userId":"67f74738ba8288c3757139c7"}
[14:19:35 28/06/2025] [DEBUG] Request authentication | Meta: {"url":"/orders/685f9769788ccbd0f18b2d3a/delete","method":"POST","isAuthenticated":true,"isAdmin":false,"userId":"67f74738ba8288c3757139c7"}
[14:19:35 28/06/2025] [DEBUG] Request authentication | Meta: {"url":"/orders","method":"GET","isAuthenticated":true,"isAdmin":false,"userId":"67f74738ba8288c3757139c7"}
[14:19:37 28/06/2025] [DEBUG] Request authentication | Meta: {"url":"/cart","method":"GET","isAuthenticated":true,"isAdmin":false,"userId":"67f74738ba8288c3757139c7"}
[14:19:42 28/06/2025] [DEBUG] Request authentication | Meta: {"url":"/checkout","method":"GET","isAuthenticated":true,"isAdmin":false,"userId":"67f74738ba8288c3757139c7"}
[14:19:49 28/06/2025] [DEBUG] Request authentication | Meta: {"url":"/vnpay/create-payment","method":"POST","isAuthenticated":true,"isAdmin":false,"userId":"67f74738ba8288c3757139c7"}
[14:20:22 28/06/2025] [DEBUG] Request authentication | Meta: {"url":"/vnpay/return?vnp_Amount=3200000&vnp_BankCode=NCB&vnp_BankTranNo=VNP15043859&vnp_CardType=ATM&vnp_OrderInfo=Thanh+to%C3%A1n+%C4%91%C6%A1n+h%C3%A0ng+685f9795788ccbd0f18b2d3b&vnp_PayDate=20250628142105&vnp_ResponseCode=00&vnp_TmnCode=UWXDEI4Q&vnp_TransactionNo=15043859&vnp_TransactionStatus=00&vnp_TxnRef=685f9795788ccbd0f18b2d3b&vnp_SecureHash=04185d1073d4b24bf3f16de43426ce6b3320db204e220012f2389d191c0a851080a1ede361e9dca56e7aeb84e17504eab98ac51aaa32dc5d44c36b11a8f5da03","method":"GET","isAuthenticated":true,"isAdmin":false,"userId":"67f74738ba8288c3757139c7"}
[14:20:24 28/06/2025] [DEBUG] Request authentication | Meta: {"url":"/orders","method":"GET","isAuthenticated":true,"isAdmin":false,"userId":"67f74738ba8288c3757139c7"}
[14:25:45 28/06/2025] [DEBUG] Request authentication | Meta: {"url":"/","method":"GET","isAuthenticated":true,"isAdmin":false,"userId":"67f74738ba8288c3757139c7"}
[14:25:47 28/06/2025] [DEBUG] Request authentication | Meta: {"url":"/test-email","method":"GET","isAuthenticated":true,"isAdmin":false,"userId":"67f74738ba8288c3757139c7"}
[14:27:43 28/06/2025] [DEBUG] Request authentication | Meta: {"url":"/orders/delete-all","method":"POST","isAuthenticated":true,"isAdmin":false,"userId":"67f74738ba8288c3757139c7"}
[14:27:43 28/06/2025] [DEBUG] Request authentication | Meta: {"url":"/orders","method":"GET","isAuthenticated":true,"isAdmin":false,"userId":"67f74738ba8288c3757139c7"}
[14:27:44 28/06/2025] [DEBUG] Request authentication | Meta: {"url":"/","method":"GET","isAuthenticated":true,"isAdmin":false,"userId":"67f74738ba8288c3757139c7"}
[14:27:47 28/06/2025] [DEBUG] Request authentication | Meta: {"url":"/cart/add","method":"POST","isAuthenticated":true,"isAdmin":false,"userId":"67f74738ba8288c3757139c7"}
[14:27:49 28/06/2025] [DEBUG] Request authentication | Meta: {"url":"/cart","method":"GET","isAuthenticated":true,"isAdmin":false,"userId":"67f74738ba8288c3757139c7"}
[14:27:51 28/06/2025] [DEBUG] Request authentication | Meta: {"url":"/cart-update-quantity","method":"POST","isAuthenticated":true,"isAdmin":false,"userId":"67f74738ba8288c3757139c7"}
[14:27:52 28/06/2025] [DEBUG] Request authentication | Meta: {"url":"/cart-update-quantity","method":"POST","isAuthenticated":true,"isAdmin":false,"userId":"67f74738ba8288c3757139c7"}
[14:27:52 28/06/2025] [DEBUG] Request authentication | Meta: {"url":"/cart-update-quantity","method":"POST","isAuthenticated":true,"isAdmin":false,"userId":"67f74738ba8288c3757139c7"}
[14:27:52 28/06/2025] [DEBUG] Request authentication | Meta: {"url":"/cart","method":"GET","isAuthenticated":true,"isAdmin":false,"userId":"67f74738ba8288c3757139c7"}
[14:27:52 28/06/2025] [DEBUG] Request authentication | Meta: {"url":"/checkout","method":"GET","isAuthenticated":true,"isAdmin":false,"userId":"67f74738ba8288c3757139c7"}
[14:28:11 28/06/2025] [DEBUG] Request authentication | Meta: {"url":"/vnpay/create-payment","method":"POST","isAuthenticated":true,"isAdmin":false,"userId":"67f74738ba8288c3757139c7"}
[14:28:44 28/06/2025] [DEBUG] Request authentication | Meta: {"url":"/vnpay/return?vnp_Amount=3300000&vnp_BankCode=NCB&vnp_BankTranNo=VNP15043878&vnp_CardType=ATM&vnp_OrderInfo=Thanh+to%C3%A1n+%C4%91%C6%A1n+h%C3%A0ng+685f998b51fca1a834058ff4&vnp_PayDate=20250628142927&vnp_ResponseCode=00&vnp_TmnCode=UWXDEI4Q&vnp_TransactionNo=15043878&vnp_TransactionStatus=00&vnp_TxnRef=685f998b51fca1a834058ff4&vnp_SecureHash=e118a0650a54d2214376a8793b3a07fde7cbd55384453ab5e9ef350c4f8f214397bfc74eee42ffb2d43e455961a9ababde88ec57f435079d60179a0ea0a1a158","method":"GET","isAuthenticated":true,"isAdmin":false,"userId":"67f74738ba8288c3757139c7"}
[14:28:46 28/06/2025] [DEBUG] Request authentication | Meta: {"url":"/orders","method":"GET","isAuthenticated":true,"isAdmin":false,"userId":"67f74738ba8288c3757139c7"}
[14:29:55 28/06/2025] [DEBUG] Request authentication | Meta: {"url":"/","method":"GET","isAuthenticated":true,"isAdmin":false,"userId":"67f74738ba8288c3757139c7"}
[14:29:59 28/06/2025] [DEBUG] Request authentication | Meta: {"url":"/cart/add","method":"POST","isAuthenticated":true,"isAdmin":false,"userId":"67f74738ba8288c3757139c7"}
[14:30:01 28/06/2025] [DEBUG] Request authentication | Meta: {"url":"/cart","method":"GET","isAuthenticated":true,"isAdmin":false,"userId":"67f74738ba8288c3757139c7"}
[14:30:03 28/06/2025] [DEBUG] Request authentication | Meta: {"url":"/checkout","method":"GET","isAuthenticated":true,"isAdmin":false,"userId":"67f74738ba8288c3757139c7"}
[14:30:12 28/06/2025] [DEBUG] Request authentication | Meta: {"url":"/orders","method":"POST","isAuthenticated":true,"isAdmin":false,"userId":"67f74738ba8288c3757139c7"}
[14:30:13 28/06/2025] [DEBUG] Request authentication | Meta: {"url":"/orders","method":"GET","isAuthenticated":true,"isAdmin":false,"userId":"67f74738ba8288c3757139c7"}
[14:34:53 28/06/2025] [DEBUG] Request authentication | Meta: {"url":"/","method":"GET","isAuthenticated":true,"isAdmin":false,"userId":"67f74738ba8288c3757139c7"}
[14:34:57 28/06/2025] [DEBUG] Request authentication | Meta: {"url":"/cart/add","method":"POST","isAuthenticated":true,"isAdmin":false,"userId":"67f74738ba8288c3757139c7"}
[14:34:59 28/06/2025] [DEBUG] Request authentication | Meta: {"url":"/cart","method":"GET","isAuthenticated":true,"isAdmin":false,"userId":"67f74738ba8288c3757139c7"}
[14:35:01 28/06/2025] [DEBUG] Request authentication | Meta: {"url":"/cart-update-quantity","method":"POST","isAuthenticated":true,"isAdmin":false,"userId":"67f74738ba8288c3757139c7"}
[14:35:01 28/06/2025] [DEBUG] Request authentication | Meta: {"url":"/cart-update-quantity","method":"POST","isAuthenticated":true,"isAdmin":false,"userId":"67f74738ba8288c3757139c7"}
[14:35:01 28/06/2025] [DEBUG] Request authentication | Meta: {"url":"/cart-update-quantity","method":"POST","isAuthenticated":true,"isAdmin":false,"userId":"67f74738ba8288c3757139c7"}
[14:35:02 28/06/2025] [DEBUG] Request authentication | Meta: {"url":"/cart-update-quantity","method":"POST","isAuthenticated":true,"isAdmin":false,"userId":"67f74738ba8288c3757139c7"}
[14:35:02 28/06/2025] [DEBUG] Request authentication | Meta: {"url":"/cart","method":"GET","isAuthenticated":true,"isAdmin":false,"userId":"67f74738ba8288c3757139c7"}
[14:35:06 28/06/2025] [DEBUG] Request authentication | Meta: {"url":"/checkout","method":"GET","isAuthenticated":true,"isAdmin":false,"userId":"67f74738ba8288c3757139c7"}
[14:35:15 28/06/2025] [DEBUG] Request authentication | Meta: {"url":"/orders","method":"POST","isAuthenticated":true,"isAdmin":false,"userId":"67f74738ba8288c3757139c7"}
[14:35:18 28/06/2025] [DEBUG] Request authentication | Meta: {"url":"/orders","method":"GET","isAuthenticated":true,"isAdmin":false,"userId":"67f74738ba8288c3757139c7"}
[14:36:30 28/06/2025] [DEBUG] Request authentication | Meta: {"url":"/","method":"GET","isAuthenticated":true,"isAdmin":false,"userId":"67f74738ba8288c3757139c7"}
[14:36:33 28/06/2025] [DEBUG] Request authentication | Meta: {"url":"/cart/add","method":"POST","isAuthenticated":true,"isAdmin":false,"userId":"67f74738ba8288c3757139c7"}
[14:36:38 28/06/2025] [DEBUG] Request authentication | Meta: {"url":"/cart","method":"GET","isAuthenticated":true,"isAdmin":false,"userId":"67f74738ba8288c3757139c7"}
[14:36:40 28/06/2025] [DEBUG] Request authentication | Meta: {"url":"/checkout","method":"GET","isAuthenticated":true,"isAdmin":false,"userId":"67f74738ba8288c3757139c7"}
[14:36:49 28/06/2025] [DEBUG] Request authentication | Meta: {"url":"/vnpay/create-payment","method":"POST","isAuthenticated":true,"isAdmin":false,"userId":"67f74738ba8288c3757139c7"}
[14:37:31 28/06/2025] [DEBUG] Request authentication | Meta: {"url":"/vnpay/return?vnp_Amount=3100000&vnp_BankCode=NCB&vnp_BankTranNo=VNP15043916&vnp_CardType=ATM&vnp_OrderInfo=Thanh+to%C3%A1n+%C4%91%C6%A1n+h%C3%A0ng+685f9b914c41fe5fa106c569&vnp_PayDate=20250628143814&vnp_ResponseCode=00&vnp_TmnCode=UWXDEI4Q&vnp_TransactionNo=15043916&vnp_TransactionStatus=00&vnp_TxnRef=685f9b914c41fe5fa106c569&vnp_SecureHash=ab43e92bb7f4112c102a9df9e759a308b7299e9fa27d86a2a88bc88934b45e7b1e4b318eed32d5aa1d00d81aa66fd22cf1cc9900ec9308421c18658c4c0cdea1","method":"GET","isAuthenticated":true,"isAdmin":false,"userId":"67f74738ba8288c3757139c7"}
[14:37:34 28/06/2025] [DEBUG] Request authentication | Meta: {"url":"/orders","method":"GET","isAuthenticated":true,"isAdmin":false,"userId":"67f74738ba8288c3757139c7"}
[14:40:22 28/06/2025] [DEBUG] Request authentication | Meta: {"url":"/","method":"GET","isAuthenticated":true,"isAdmin":false,"userId":"67f74738ba8288c3757139c7"}
[14:40:25 28/06/2025] [DEBUG] Request authentication | Meta: {"url":"/cart/add","method":"POST","isAuthenticated":true,"isAdmin":false,"userId":"67f74738ba8288c3757139c7"}
[14:40:28 28/06/2025] [DEBUG] Request authentication | Meta: {"url":"/cart","method":"GET","isAuthenticated":true,"isAdmin":false,"userId":"67f74738ba8288c3757139c7"}
[14:40:29 28/06/2025] [DEBUG] Request authentication | Meta: {"url":"/cart-update-quantity","method":"POST","isAuthenticated":true,"isAdmin":false,"userId":"67f74738ba8288c3757139c7"}
[14:40:30 28/06/2025] [DEBUG] Request authentication | Meta: {"url":"/cart-update-quantity","method":"POST","isAuthenticated":true,"isAdmin":false,"userId":"67f74738ba8288c3757139c7"}
[14:40:30 28/06/2025] [DEBUG] Request authentication | Meta: {"url":"/cart-update-quantity","method":"POST","isAuthenticated":true,"isAdmin":false,"userId":"67f74738ba8288c3757139c7"}
[14:40:30 28/06/2025] [DEBUG] Request authentication | Meta: {"url":"/cart-update-quantity","method":"POST","isAuthenticated":true,"isAdmin":false,"userId":"67f74738ba8288c3757139c7"}
[14:40:31 28/06/2025] [DEBUG] Request authentication | Meta: {"url":"/cart","method":"GET","isAuthenticated":true,"isAdmin":false,"userId":"67f74738ba8288c3757139c7"}
[14:40:31 28/06/2025] [DEBUG] Request authentication | Meta: {"url":"/checkout","method":"GET","isAuthenticated":true,"isAdmin":false,"userId":"67f74738ba8288c3757139c7"}
[14:40:40 28/06/2025] [DEBUG] Request authentication | Meta: {"url":"/vnpay/create-payment","method":"POST","isAuthenticated":true,"isAdmin":false,"userId":"67f74738ba8288c3757139c7"}
[14:41:09 28/06/2025] [DEBUG] Request authentication | Meta: {"url":"/vnpay/return?vnp_Amount=3500000&vnp_BankCode=NCB&vnp_BankTranNo=VNP15043925&vnp_CardType=ATM&vnp_OrderInfo=Thanh+to%C3%A1n+%C4%91%C6%A1n+h%C3%A0ng+685f9c786ce6e4c9b62be93e&vnp_PayDate=20250628144155&vnp_ResponseCode=00&vnp_TmnCode=UWXDEI4Q&vnp_TransactionNo=15043925&vnp_TransactionStatus=00&vnp_TxnRef=685f9c786ce6e4c9b62be93e&vnp_SecureHash=7bc4d19b38c5bc02601507b5c099fac99b27000f153569e307481ee37f7ea180c451128fcedbf460bc6ee55530fc82e3506243da259f62d40d296f16ec6a83f9","method":"GET","isAuthenticated":true,"isAdmin":false,"userId":"67f74738ba8288c3757139c7"}
[14:41:14 28/06/2025] [DEBUG] Request authentication | Meta: {"url":"/orders","method":"GET","isAuthenticated":true,"isAdmin":false,"userId":"67f74738ba8288c3757139c7"}
[14:42:39 28/06/2025] [DEBUG] Request authentication | Meta: {"url":"/","method":"GET","isAuthenticated":true,"isAdmin":false,"userId":"67f74738ba8288c3757139c7"}
