[23:09:15 29/06/2025] [DEBUG] Request authentication | Meta: {"url":"/","method":"GET","isAuthenticated":true,"isAdmin":true,"userId":"67f776bb1d4d46f76d7d2f24"}
[23:09:26 29/06/2025] [DEBUG] Request authentication | Meta: {"url":"/cart/add","method":"POST","isAuthenticated":true,"isAdmin":true,"userId":"67f776bb1d4d46f76d7d2f24"}
[23:09:28 29/06/2025] [DEBUG] Request authentication | Meta: {"url":"/cart","method":"GET","isAuthenticated":true,"isAdmin":true,"userId":"67f776bb1d4d46f76d7d2f24"}
[23:09:30 29/06/2025] [DEBUG] Request authentication | Meta: {"url":"/checkout","method":"GET","isAuthenticated":true,"isAdmin":true,"userId":"67f776bb1d4d46f76d7d2f24"}
[23:09:44 29/06/2025] [DEBUG] Request authentication | Meta: {"url":"/orders","method":"POST","isAuthenticated":true,"isAdmin":true,"userId":"67f776bb1d4d46f76d7d2f24"}
[23:09:47 29/06/2025] [DEBUG] Request authentication | Meta: {"url":"/orders","method":"GET","isAuthenticated":true,"isAdmin":true,"userId":"67f776bb1d4d46f76d7d2f24"}
[23:09:53 29/06/2025] [DEBUG] Request authentication | Meta: {"url":"/orders/delete-all","method":"POST","isAuthenticated":true,"isAdmin":true,"userId":"67f776bb1d4d46f76d7d2f24"}
[23:09:53 29/06/2025] [DEBUG] Request authentication | Meta: {"url":"/orders","method":"GET","isAuthenticated":true,"isAdmin":true,"userId":"67f776bb1d4d46f76d7d2f24"}
[23:09:56 29/06/2025] [DEBUG] Request authentication | Meta: {"url":"/orders/delete-all","method":"POST","isAuthenticated":true,"isAdmin":true,"userId":"67f776bb1d4d46f76d7d2f24"}
[23:09:56 29/06/2025] [DEBUG] Request authentication | Meta: {"url":"/orders","method":"GET","isAuthenticated":true,"isAdmin":true,"userId":"67f776bb1d4d46f76d7d2f24"}
[23:10:00 29/06/2025] [DEBUG] Request authentication | Meta: {"url":"/orders","method":"GET","isAuthenticated":true,"isAdmin":true,"userId":"67f776bb1d4d46f76d7d2f24"}
[23:10:06 29/06/2025] [DEBUG] Request authentication | Meta: {"url":"/","method":"GET","isAuthenticated":true,"isAdmin":true,"userId":"67f776bb1d4d46f76d7d2f24"}
[23:10:09 29/06/2025] [DEBUG] Request authentication | Meta: {"url":"/cart/add","method":"POST","isAuthenticated":true,"isAdmin":true,"userId":"67f776bb1d4d46f76d7d2f24"}
[23:10:11 29/06/2025] [DEBUG] Request authentication | Meta: {"url":"/cart","method":"GET","isAuthenticated":true,"isAdmin":true,"userId":"67f776bb1d4d46f76d7d2f24"}
[23:10:12 29/06/2025] [DEBUG] Request authentication | Meta: {"url":"/checkout","method":"GET","isAuthenticated":true,"isAdmin":true,"userId":"67f776bb1d4d46f76d7d2f24"}
[23:10:32 29/06/2025] [DEBUG] Request authentication | Meta: {"url":"/orders","method":"POST","isAuthenticated":true,"isAdmin":true,"userId":"67f776bb1d4d46f76d7d2f24"}
[23:10:35 29/06/2025] [DEBUG] Request authentication | Meta: {"url":"/orders","method":"GET","isAuthenticated":true,"isAdmin":true,"userId":"67f776bb1d4d46f76d7d2f24"}
[23:10:52 29/06/2025] [DEBUG] Request authentication | Meta: {"url":"/","method":"GET","isAuthenticated":true,"isAdmin":true,"userId":"67f776bb1d4d46f76d7d2f24"}
[23:10:54 29/06/2025] [DEBUG] Request authentication | Meta: {"url":"/cart","method":"GET","isAuthenticated":true,"isAdmin":true,"userId":"67f776bb1d4d46f76d7d2f24"}
[23:10:55 29/06/2025] [DEBUG] Request authentication | Meta: {"url":"/","method":"GET","isAuthenticated":true,"isAdmin":true,"userId":"67f776bb1d4d46f76d7d2f24"}
[23:10:57 29/06/2025] [DEBUG] Request authentication | Meta: {"url":"/cart/add","method":"POST","isAuthenticated":true,"isAdmin":true,"userId":"67f776bb1d4d46f76d7d2f24"}
[23:10:59 29/06/2025] [DEBUG] Request authentication | Meta: {"url":"/cart","method":"GET","isAuthenticated":true,"isAdmin":true,"userId":"67f776bb1d4d46f76d7d2f24"}
[23:11:00 29/06/2025] [DEBUG] Request authentication | Meta: {"url":"/checkout","method":"GET","isAuthenticated":true,"isAdmin":true,"userId":"67f776bb1d4d46f76d7d2f24"}
[23:11:18 29/06/2025] [DEBUG] Request authentication | Meta: {"url":"/vnpay/create-payment","method":"POST","isAuthenticated":true,"isAdmin":true,"userId":"67f776bb1d4d46f76d7d2f24"}
[23:12:05 29/06/2025] [DEBUG] Request authentication | Meta: {"url":"/vnpay/return?vnp_Amount=100000000&vnp_BankCode=NCB&vnp_BankTranNo=VNP15046261&vnp_CardType=ATM&vnp_OrderInfo=Thanh+to%C3%A1n+%C4%91%C6%A1n+h%C3%A0ng+686165a6f81ea02c6482af6c&vnp_PayDate=20250629231247&vnp_ResponseCode=00&vnp_TmnCode=UWXDEI4Q&vnp_TransactionNo=15046261&vnp_TransactionStatus=00&vnp_TxnRef=686165a6f81ea02c6482af6c&vnp_SecureHash=e68416024e1aa7b34fe365a5949ceb94abbabb3b71ecdb271da0c0810004cb91582be2bd016b0e02017802d1765e54b94ebcf59914dba4ace9cff7dc92527e4a","method":"GET","isAuthenticated":true,"isAdmin":true,"userId":"67f776bb1d4d46f76d7d2f24"}
[23:12:09 29/06/2025] [DEBUG] Request authentication | Meta: {"url":"/orders","method":"GET","isAuthenticated":true,"isAdmin":true,"userId":"67f776bb1d4d46f76d7d2f24"}
